#
# A fatal error has been detected by the Java Runtime Environment:
#
#  Internal Error (generateOopMap.cpp:2162), pid=8372, tid=8416
#  fatal error: Illegal class file encountered. Try running with -Xverify:all in method permutations
#
# JRE version: OpenJDK Runtime Environment (10.0.2+13) (build 10.0.2+13-Ubuntu-1ubuntu0.18.04.3)
# Java VM: OpenJDK 64-Bit Server VM (10.0.2+13-Ubuntu-1ubuntu0.18.04.3, mixed mode, tiered, compressed oops, g1 gc, linux-amd64)
# Core dump will be written. Default location: Core dumps may be processed with "/usr/share/apport/apport %p %s %c %d %P" (or dumping to /home/nrvpl006/Personal/JavaInterviewQuestions/core.8372)
#
# If you would like to submit a bug report, please visit:
#   http://bugreport.java.com/bugreport/crash.jsp
#

---------------  S U M M A R Y ------------

Command Line: -agentlib:jdwp=transport=dt_socket,address=127.0.0.1:39903,suspend=y,server=n -javaagent:/home/nrvpl006/idea-IU-182.4892.20/lib/rt/debugger-agent.jar=file:/tmp/capture.props -Dfile.encoding=UTF-8 Combinatios.Permutations

Host: Intel(R) Core(TM) i7-8550U CPU @ 1.80GHz, 8 cores, 15G, Ubuntu 18.04.1 LTS
Time: Mon Nov 26 22:34:36 2018 EAT elapsed time: 1457 seconds (0d 0h 24m 17s)

---------------  T H R E A D  ---------------

Current thread (0x00007ffbc0201000):  VMThread "VM Thread" [stack: 0x00007ffba4568000,0x00007ffba4668000] [id=8416]

Stack: [0x00007ffba4568000,0x00007ffba4668000],  sp=0x00007ffba4665f60,  free space=1015k
Native frames: (J=compiled Java code, A=aot compiled Java code, j=interpreted, Vv=VM code, C=native code)
V  [libjvm.so+0xd27ea4]
V  [libjvm.so+0xd28a0f]
V  [libjvm.so+0x64d328]
V  [libjvm.so+0x7a72e5]
V  [libjvm.so+0x7a73bb]
V  [libjvm.so+0x7ad4ff]
V  [libjvm.so+0x7ae9ae]
V  [libjvm.so+0x7aedb9]
V  [libjvm.so+0xb1f14a]
V  [libjvm.so+0xb1f7d1]
V  [libjvm.so+0xabde16]
V  [libjvm.so+0x95085c]
V  [libjvm.so+0xd38871]
V  [libjvm.so+0xd35b3b]
V  [libjvm.so+0xd3715e]
V  [libjvm.so+0xd37588]
V  [libjvm.so+0xb33d40]

VM_Operation (0x00007ffb7c13d9d0): GetOrSetLocal, mode: safepoint, requested by thread 0x00007ffbc02d9000


---------------  P R O C E S S  ---------------

Threads class SMR info:
_java_thread_list=0x00007ffbc0379190, length=14, elements={
0x00007ffbc0015800, 0x00007ffbc020b000, 0x00007ffbc020d000, 0x00007ffbc021d800,
0x00007ffbc021f800, 0x00007ffbc0221800, 0x00007ffbc0223800, 0x00007ffbc0225800,
0x00007ffbc0227800, 0x00007ffbc02d9000, 0x00007ffbc02dc800, 0x00007ffb24001800,
0x00007ffbc02f3800, 0x00007ffbc0377800
}

Java Threads: ( => current thread )
  0x00007ffbc0015800 JavaThread "main" [_thread_blocked, id=8385, stack(0x00007ffbc95b6000,0x00007ffbc96b7000)]
  0x00007ffbc020b000 JavaThread "Reference Handler" daemon [_thread_blocked, id=8418, stack(0x00007ffba4465000,0x00007ffba4566000)]
  0x00007ffbc020d000 JavaThread "Finalizer" daemon [_thread_blocked, id=8419, stack(0x00007ffba4364000,0x00007ffba4465000)]
  0x00007ffbc021d800 JavaThread "Signal Dispatcher" daemon [_thread_blocked, id=8426, stack(0x00007ffba4263000,0x00007ffba4364000)]
  0x00007ffbc021f800 JavaThread "C2 CompilerThread0" daemon [_thread_blocked, id=8427, stack(0x00007ffba4162000,0x00007ffba4263000)]
  0x00007ffbc0221800 JavaThread "C2 CompilerThread1" daemon [_thread_blocked, id=8428, stack(0x00007ffba4061000,0x00007ffba4162000)]
  0x00007ffbc0223800 JavaThread "C2 CompilerThread2" daemon [_thread_blocked, id=8429, stack(0x00007ffb8413f000,0x00007ffb84240000)]
  0x00007ffbc0225800 JavaThread "C1 CompilerThread3" daemon [_thread_blocked, id=8430, stack(0x00007ffb8403e000,0x00007ffb8413f000)]
  0x00007ffbc0227800 JavaThread "Sweeper thread" daemon [_thread_blocked, id=8431, stack(0x00007ffb7c13f000,0x00007ffb7c240000)]
  0x00007ffbc02d9000 JavaThread "JDWP Transport Listener: dt_socket" daemon [_thread_blocked, id=8435, stack(0x00007ffb7c03e000,0x00007ffb7c13f000)] _threads_hazard_ptr=0x00007ffbc0379190
  0x00007ffbc02dc800 JavaThread "JDWP Event Helper Thread" daemon [_thread_blocked, id=8437, stack(0x00007ffb6d4f9000,0x00007ffb6d5fa000)]
  0x00007ffb24001800 JavaThread "JDWP Command Reader" daemon [_thread_in_native, id=8438, stack(0x00007ffb6d3f8000,0x00007ffb6d4f9000)]
  0x00007ffbc02f3800 JavaThread "Common-Cleaner" daemon [_thread_blocked, id=8440, stack(0x00007ffb6d2f7000,0x00007ffb6d3f8000)]
  0x00007ffbc0377800 JavaThread "Service Thread" daemon [_thread_blocked, id=8441, stack(0x00007ffb6cdcc000,0x00007ffb6cecd000)]

Other Threads:
=>0x00007ffbc0201000 VMThread "VM Thread" [stack: 0x00007ffba4568000,0x00007ffba4668000] [id=8416]
  0x00007ffbc037b800 WatcherThread [stack: 0x00007ffb6cccc000,0x00007ffb6cdcc000] [id=8442]
  0x00007ffbc002e000 GCTaskThread "GC Thread#0" [stack: 0x00007ffbc4794000,0x00007ffbc4894000] [id=8394]
  0x00007ffbc002f800 GCTaskThread "GC Thread#1" [stack: 0x00007ffbc4692000,0x00007ffbc4792000] [id=8395]
  0x00007ffbc0031800 GCTaskThread "GC Thread#2" [stack: 0x00007ffbc4590000,0x00007ffbc4690000] [id=8396]
  0x00007ffbc0033000 GCTaskThread "GC Thread#3" [stack: 0x00007ffbc448e000,0x00007ffbc458e000] [id=8397]
  0x00007ffbc0034800 GCTaskThread "GC Thread#4" [stack: 0x00007ffbc438c000,0x00007ffbc448c000] [id=8398]
  0x00007ffbc0036800 GCTaskThread "GC Thread#5" [stack: 0x00007ffbc428a000,0x00007ffbc438a000] [id=8399]
  0x00007ffbc0038000 GCTaskThread "GC Thread#6" [stack: 0x00007ffbc4188000,0x00007ffbc4288000] [id=8400]
  0x00007ffbc003a000 GCTaskThread "GC Thread#7" [stack: 0x00007ffbc4086000,0x00007ffbc4186000] [id=8401]
  0x00007ffbc0087800 ConcurrentGCThread "G1 Main Marker" [stack: 0x00007ffba59fe000,0x00007ffba5afe000] [id=8402]
  0x00007ffbc0089800 ConcurrentGCThread "G1 Conc#0" [stack: 0x00007ffba58fc000,0x00007ffba59fc000] [id=8403]
  0x00007ffbc008b000 ConcurrentGCThread "G1 Conc#1" [stack: 0x00007ffba57fa000,0x00007ffba58fa000] [id=8404]
  0x00007ffbc0168800 ConcurrentGCThread "G1 Refine#0" [stack: 0x00007ffba4ef0000,0x00007ffba4ff0000] [id=8405]
  0x00007ffbc016a800 ConcurrentGCThread "G1 Refine#1" [stack: 0x00007ffba4dee000,0x00007ffba4eee000] [id=8406]
  0x00007ffbc016c000 ConcurrentGCThread "G1 Refine#2" [stack: 0x00007ffba4cec000,0x00007ffba4dec000] [id=8407]
  0x00007ffbc016e000 ConcurrentGCThread "G1 Refine#3" [stack: 0x00007ffba4bea000,0x00007ffba4cea000] [id=8408]
  0x00007ffbc016f800 ConcurrentGCThread "G1 Refine#4" [stack: 0x00007ffba4ae8000,0x00007ffba4be8000] [id=8409]
  0x00007ffbc0171800 ConcurrentGCThread "G1 Refine#5" [stack: 0x00007ffba49e6000,0x00007ffba4ae6000] [id=8410]
  0x00007ffbc0173000 ConcurrentGCThread "G1 Refine#6" [stack: 0x00007ffba48e4000,0x00007ffba49e4000] [id=8411]
  0x00007ffbc0175000 ConcurrentGCThread "G1 Refine#7" [stack: 0x00007ffba47e2000,0x00007ffba48e2000] [id=8412]
  0x00007ffbc0176800 ConcurrentGCThread "G1 Young RemSet Sampling" [stack: 0x00007ffba46e0000,0x00007ffba47e0000] [id=8413]

Threads with active compile tasks:

VM state:at safepoint (normal execution)

VM Mutex/Monitor currently owned by a thread:  ([mutex/lock_event])
[0x00007ffbc0011a50] Threads_lock - owner thread: 0x00007ffbc0201000

Heap address: 0x00000006c9000000, size: 3952 MB, Compressed Oops mode: Zero based, Oop shift amount: 3
Narrow klass base: 0x0000000000000000, Narrow klass shift: 3
Compressed class space size: 1073741824 Address: 0x00000007c0000000

Heap:
 garbage-first heap   total 253952K, used 2048K [0x00000006c9000000, 0x00000007c0000000)
  region size 1024K, 3 young (3072K), 0 survivors (0K)
 Metaspace       used 5035K, capacity 5104K, committed 5376K, reserved 1056768K
  class space    used 418K, capacity 464K, committed 512K, reserved 1048576K
Heap Regions: E=young(eden), S=young(survivor), O=old, HS=humongous(starts), HC=humongous(continues), CS=collection set, F=free, A=archive, TS=gc time stamp, AC=allocation context, TAMS=top-at-mark-start (previous, next)
|   0|0x00000006c9000000, 0x00000006c9000000, 0x00000006c9100000|  0%| F|  |TS  0|AC  0|TAMS 0x00000006c9000000, 0x00000006c9000000|
|   1|0x00000006c9100000, 0x00000006c9100000, 0x00000006c9200000|  0%| F|  |TS  0|AC  0|TAMS 0x00000006c9100000, 0x00000006c9100000|
|   2|0x00000006c9200000, 0x00000006c9200000, 0x00000006c9300000|  0%| F|  |TS  0|AC  0|TAMS 0x00000006c9200000, 0x00000006c9200000|
|   3|0x00000006c9300000, 0x00000006c9300000, 0x00000006c9400000|  0%| F|  |TS  0|AC  0|TAMS 0x00000006c9300000, 0x00000006c9300000|
|   4|0x00000006c9400000, 0x00000006c9400000, 0x00000006c9500000|  0%| F|  |TS  0|AC  0|TAMS 0x00000006c9400000, 0x00000006c9400000|
|   5|0x00000006c9500000, 0x00000006c9500000, 0x00000006c9600000|  0%| F|  |TS  0|AC  0|TAMS 0x00000006c9500000, 0x00000006c9500000|
|   6|0x00000006c9600000, 0x00000006c9600000, 0x00000006c9700000|  0%| F|  |TS  0|AC  0|TAMS 0x00000006c9600000, 0x00000006c9600000|
|   7|0x00000006c9700000, 0x00000006c9700000, 0x00000006c9800000|  0%| F|  |TS  0|AC  0|TAMS 0x00000006c9700000, 0x00000006c9700000|
|   8|0x00000006c9800000, 0x00000006c9800000, 0x00000006c9900000|  0%| F|  |TS  0|AC  0|TAMS 0x00000006c9800000, 0x00000006c9800000|
|   9|0x00000006c9900000, 0x00000006c9900000, 0x00000006c9a00000|  0%| F|  |TS  0|AC  0|TAMS 0x00000006c9900000, 0x00000006c9900000|
|  10|0x00000006c9a00000, 0x00000006c9a00000, 0x00000006c9b00000|  0%| F|  |TS  0|AC  0|TAMS 0x00000006c9a00000, 0x00000006c9a00000|
|  11|0x00000006c9b00000, 0x00000006c9b00000, 0x00000006c9c00000|  0%| F|  |TS  0|AC  0|TAMS 0x00000006c9b00000, 0x00000006c9b00000|
|  12|0x00000006c9c00000, 0x00000006c9c00000, 0x00000006c9d00000|  0%| F|  |TS  0|AC  0|TAMS 0x00000006c9c00000, 0x00000006c9c00000|
|  13|0x00000006c9d00000, 0x00000006c9d00000, 0x00000006c9e00000|  0%| F|  |TS  0|AC  0|TAMS 0x00000006c9d00000, 0x00000006c9d00000|
|  14|0x00000006c9e00000, 0x00000006c9e00000, 0x00000006c9f00000|  0%| F|  |TS  0|AC  0|TAMS 0x00000006c9e00000, 0x00000006c9e00000|
|  15|0x00000006c9f00000, 0x00000006c9f00000, 0x00000006ca000000|  0%| F|  |TS  0|AC  0|TAMS 0x00000006c9f00000, 0x00000006c9f00000|
|  16|0x00000006ca000000, 0x00000006ca000000, 0x00000006ca100000|  0%| F|  |TS  0|AC  0|TAMS 0x00000006ca000000, 0x00000006ca000000|
|  17|0x00000006ca100000, 0x00000006ca100000, 0x00000006ca200000|  0%| F|  |TS  0|AC  0|TAMS 0x00000006ca100000, 0x00000006ca100000|
|  18|0x00000006ca200000, 0x00000006ca200000, 0x00000006ca300000|  0%| F|  |TS  0|AC  0|TAMS 0x00000006ca200000, 0x00000006ca200000|
|  19|0x00000006ca300000, 0x00000006ca300000, 0x00000006ca400000|  0%| F|  |TS  0|AC  0|TAMS 0x00000006ca300000, 0x00000006ca300000|
|  20|0x00000006ca400000, 0x00000006ca400000, 0x00000006ca500000|  0%| F|  |TS  0|AC  0|TAMS 0x00000006ca400000, 0x00000006ca400000|
|  21|0x00000006ca500000, 0x00000006ca500000, 0x00000006ca600000|  0%| F|  |TS  0|AC  0|TAMS 0x00000006ca500000, 0x00000006ca500000|
|  22|0x00000006ca600000, 0x00000006ca600000, 0x00000006ca700000|  0%| F|  |TS  0|AC  0|TAMS 0x00000006ca600000, 0x00000006ca600000|
|  23|0x00000006ca700000, 0x00000006ca700000, 0x00000006ca800000|  0%| F|  |TS  0|AC  0|TAMS 0x00000006ca700000, 0x00000006ca700000|
|  24|0x00000006ca800000, 0x00000006ca800000, 0x00000006ca900000|  0%| F|  |TS  0|AC  0|TAMS 0x00000006ca800000, 0x00000006ca800000|
|  25|0x00000006ca900000, 0x00000006ca900000, 0x00000006caa00000|  0%| F|  |TS  0|AC  0|TAMS 0x00000006ca900000, 0x00000006ca900000|
|  26|0x00000006caa00000, 0x00000006caa00000, 0x00000006cab00000|  0%| F|  |TS  0|AC  0|TAMS 0x00000006caa00000, 0x00000006caa00000|
|  27|0x00000006cab00000, 0x00000006cab00000, 0x00000006cac00000|  0%| F|  |TS  0|AC  0|TAMS 0x00000006cab00000, 0x00000006cab00000|
|  28|0x00000006cac00000, 0x00000006cac00000, 0x00000006cad00000|  0%| F|  |TS  0|AC  0|TAMS 0x00000006cac00000, 0x00000006cac00000|
|  29|0x00000006cad00000, 0x00000006cad00000, 0x00000006cae00000|  0%| F|  |TS  0|AC  0|TAMS 0x00000006cad00000, 0x00000006cad00000|
|  30|0x00000006cae00000, 0x00000006cae00000, 0x00000006caf00000|  0%| F|  |TS  0|AC  0|TAMS 0x00000006cae00000, 0x00000006cae00000|
|  31|0x00000006caf00000, 0x00000006caf00000, 0x00000006cb000000|  0%| F|  |TS  0|AC  0|TAMS 0x00000006caf00000, 0x00000006caf00000|
|  32|0x00000006cb000000, 0x00000006cb000000, 0x00000006cb100000|  0%| F|  |TS  0|AC  0|TAMS 0x00000006cb000000, 0x00000006cb000000|
|  33|0x00000006cb100000, 0x00000006cb100000, 0x00000006cb200000|  0%| F|  |TS  0|AC  0|TAMS 0x00000006cb100000, 0x00000006cb100000|
|  34|0x00000006cb200000, 0x00000006cb200000, 0x00000006cb300000|  0%| F|  |TS  0|AC  0|TAMS 0x00000006cb200000, 0x00000006cb200000|
|  35|0x00000006cb300000, 0x00000006cb300000, 0x00000006cb400000|  0%| F|  |TS  0|AC  0|TAMS 0x00000006cb300000, 0x00000006cb300000|
|  36|0x00000006cb400000, 0x00000006cb400000, 0x00000006cb500000|  0%| F|  |TS  0|AC  0|TAMS 0x00000006cb400000, 0x00000006cb400000|
|  37|0x00000006cb500000, 0x00000006cb500000, 0x00000006cb600000|  0%| F|  |TS  0|AC  0|TAMS 0x00000006cb500000, 0x00000006cb500000|
|  38|0x00000006cb600000, 0x00000006cb600000, 0x00000006cb700000|  0%| F|  |TS  0|AC  0|TAMS 0x00000006cb600000, 0x00000006cb600000|
|  39|0x00000006cb700000, 0x00000006cb700000, 0x00000006cb800000|  0%| F|  |TS  0|AC  0|TAMS 0x00000006cb700000, 0x00000006cb700000|
|  40|0x00000006cb800000, 0x00000006cb800000, 0x00000006cb900000|  0%| F|  |TS  0|AC  0|TAMS 0x00000006cb800000, 0x00000006cb800000|
|  41|0x00000006cb900000, 0x00000006cb900000, 0x00000006cba00000|  0%| F|  |TS  0|AC  0|TAMS 0x00000006cb900000, 0x00000006cb900000|
|  42|0x00000006cba00000, 0x00000006cba00000, 0x00000006cbb00000|  0%| F|  |TS  0|AC  0|TAMS 0x00000006cba00000, 0x00000006cba00000|
|  43|0x00000006cbb00000, 0x00000006cbb00000, 0x00000006cbc00000|  0%| F|  |TS  0|AC  0|TAMS 0x00000006cbb00000, 0x00000006cbb00000|
|  44|0x00000006cbc00000, 0x00000006cbc00000, 0x00000006cbd00000|  0%| F|  |TS  0|AC  0|TAMS 0x00000006cbc00000, 0x00000006cbc00000|
|  45|0x00000006cbd00000, 0x00000006cbd00000, 0x00000006cbe00000|  0%| F|  |TS  0|AC  0|TAMS 0x00000006cbd00000, 0x00000006cbd00000|
|  46|0x00000006cbe00000, 0x00000006cbe00000, 0x00000006cbf00000|  0%| F|  |TS  0|AC  0|TAMS 0x00000006cbe00000, 0x00000006cbe00000|
|  47|0x00000006cbf00000, 0x00000006cbf00000, 0x00000006cc000000|  0%| F|  |TS  0|AC  0|TAMS 0x00000006cbf00000, 0x00000006cbf00000|
|  48|0x00000006cc000000, 0x00000006cc000000, 0x00000006cc100000|  0%| F|  |TS  0|AC  0|TAMS 0x00000006cc000000, 0x00000006cc000000|
|  49|0x00000006cc100000, 0x00000006cc100000, 0x00000006cc200000|  0%| F|  |TS  0|AC  0|TAMS 0x00000006cc100000, 0x00000006cc100000|
|  50|0x00000006cc200000, 0x00000006cc200000, 0x00000006cc300000|  0%| F|  |TS  0|AC  0|TAMS 0x00000006cc200000, 0x00000006cc200000|
|  51|0x00000006cc300000, 0x00000006cc300000, 0x00000006cc400000|  0%| F|  |TS  0|AC  0|TAMS 0x00000006cc300000, 0x00000006cc300000|
|  52|0x00000006cc400000, 0x00000006cc400000, 0x00000006cc500000|  0%| F|  |TS  0|AC  0|TAMS 0x00000006cc400000, 0x00000006cc400000|
|  53|0x00000006cc500000, 0x00000006cc500000, 0x00000006cc600000|  0%| F|  |TS  0|AC  0|TAMS 0x00000006cc500000, 0x00000006cc500000|
|  54|0x00000006cc600000, 0x00000006cc600000, 0x00000006cc700000|  0%| F|  |TS  0|AC  0|TAMS 0x00000006cc600000, 0x00000006cc600000|
|  55|0x00000006cc700000, 0x00000006cc700000, 0x00000006cc800000|  0%| F|  |TS  0|AC  0|TAMS 0x00000006cc700000, 0x00000006cc700000|
|  56|0x00000006cc800000, 0x00000006cc800000, 0x00000006cc900000|  0%| F|  |TS  0|AC  0|TAMS 0x00000006cc800000, 0x00000006cc800000|
|  57|0x00000006cc900000, 0x00000006cc900000, 0x00000006cca00000|  0%| F|  |TS  0|AC  0|TAMS 0x00000006cc900000, 0x00000006cc900000|
|  58|0x00000006cca00000, 0x00000006cca00000, 0x00000006ccb00000|  0%| F|  |TS  0|AC  0|TAMS 0x00000006cca00000, 0x00000006cca00000|
|  59|0x00000006ccb00000, 0x00000006ccb00000, 0x00000006ccc00000|  0%| F|  |TS  0|AC  0|TAMS 0x00000006ccb00000, 0x00000006ccb00000|
|  60|0x00000006ccc00000, 0x00000006ccc00000, 0x00000006ccd00000|  0%| F|  |TS  0|AC  0|TAMS 0x00000006ccc00000, 0x00000006ccc00000|
|  61|0x00000006ccd00000, 0x00000006ccd00000, 0x00000006cce00000|  0%| F|  |TS  0|AC  0|TAMS 0x00000006ccd00000, 0x00000006ccd00000|
|  62|0x00000006cce00000, 0x00000006cce00000, 0x00000006ccf00000|  0%| F|  |TS  0|AC  0|TAMS 0x00000006cce00000, 0x00000006cce00000|
|  63|0x00000006ccf00000, 0x00000006ccf00000, 0x00000006cd000000|  0%| F|  |TS  0|AC  0|TAMS 0x00000006ccf00000, 0x00000006ccf00000|
|  64|0x00000006cd000000, 0x00000006cd000000, 0x00000006cd100000|  0%| F|  |TS  0|AC  0|TAMS 0x00000006cd000000, 0x00000006cd000000|
|  65|0x00000006cd100000, 0x00000006cd100000, 0x00000006cd200000|  0%| F|  |TS  0|AC  0|TAMS 0x00000006cd100000, 0x00000006cd100000|
|  66|0x00000006cd200000, 0x00000006cd200000, 0x00000006cd300000|  0%| F|  |TS  0|AC  0|TAMS 0x00000006cd200000, 0x00000006cd200000|
|  67|0x00000006cd300000, 0x00000006cd300000, 0x00000006cd400000|  0%| F|  |TS  0|AC  0|TAMS 0x00000006cd300000, 0x00000006cd300000|
|  68|0x00000006cd400000, 0x00000006cd400000, 0x00000006cd500000|  0%| F|  |TS  0|AC  0|TAMS 0x00000006cd400000, 0x00000006cd400000|
|  69|0x00000006cd500000, 0x00000006cd500000, 0x00000006cd600000|  0%| F|  |TS  0|AC  0|TAMS 0x00000006cd500000, 0x00000006cd500000|
|  70|0x00000006cd600000, 0x00000006cd600000, 0x00000006cd700000|  0%| F|  |TS  0|AC  0|TAMS 0x00000006cd600000, 0x00000006cd600000|
|  71|0x00000006cd700000, 0x00000006cd700000, 0x00000006cd800000|  0%| F|  |TS  0|AC  0|TAMS 0x00000006cd700000, 0x00000006cd700000|
|  72|0x00000006cd800000, 0x00000006cd800000, 0x00000006cd900000|  0%| F|  |TS  0|AC  0|TAMS 0x00000006cd800000, 0x00000006cd800000|
|  73|0x00000006cd900000, 0x00000006cd900000, 0x00000006cda00000|  0%| F|  |TS  0|AC  0|TAMS 0x00000006cd900000, 0x00000006cd900000|
|  74|0x00000006cda00000, 0x00000006cda00000, 0x00000006cdb00000|  0%| F|  |TS  0|AC  0|TAMS 0x00000006cda00000, 0x00000006cda00000|
|  75|0x00000006cdb00000, 0x00000006cdb00000, 0x00000006cdc00000|  0%| F|  |TS  0|AC  0|TAMS 0x00000006cdb00000, 0x00000006cdb00000|
|  76|0x00000006cdc00000, 0x00000006cdc00000, 0x00000006cdd00000|  0%| F|  |TS  0|AC  0|TAMS 0x00000006cdc00000, 0x00000006cdc00000|
|  77|0x00000006cdd00000, 0x00000006cdd00000, 0x00000006cde00000|  0%| F|  |TS  0|AC  0|TAMS 0x00000006cdd00000, 0x00000006cdd00000|
|  78|0x00000006cde00000, 0x00000006cde00000, 0x00000006cdf00000|  0%| F|  |TS  0|AC  0|TAMS 0x00000006cde00000, 0x00000006cde00000|
|  79|0x00000006cdf00000, 0x00000006cdf00000, 0x00000006ce000000|  0%| F|  |TS  0|AC  0|TAMS 0x00000006cdf00000, 0x00000006cdf00000|
|  80|0x00000006ce000000, 0x00000006ce000000, 0x00000006ce100000|  0%| F|  |TS  0|AC  0|TAMS 0x00000006ce000000, 0x00000006ce000000|
|  81|0x00000006ce100000, 0x00000006ce100000, 0x00000006ce200000|  0%| F|  |TS  0|AC  0|TAMS 0x00000006ce100000, 0x00000006ce100000|
|  82|0x00000006ce200000, 0x00000006ce200000, 0x00000006ce300000|  0%| F|  |TS  0|AC  0|TAMS 0x00000006ce200000, 0x00000006ce200000|
|  83|0x00000006ce300000, 0x00000006ce300000, 0x00000006ce400000|  0%| F|  |TS  0|AC  0|TAMS 0x00000006ce300000, 0x00000006ce300000|
|  84|0x00000006ce400000, 0x00000006ce400000, 0x00000006ce500000|  0%| F|  |TS  0|AC  0|TAMS 0x00000006ce400000, 0x00000006ce400000|
|  85|0x00000006ce500000, 0x00000006ce500000, 0x00000006ce600000|  0%| F|  |TS  0|AC  0|TAMS 0x00000006ce500000, 0x00000006ce500000|
|  86|0x00000006ce600000, 0x00000006ce600000, 0x00000006ce700000|  0%| F|  |TS  0|AC  0|TAMS 0x00000006ce600000, 0x00000006ce600000|
|  87|0x00000006ce700000, 0x00000006ce700000, 0x00000006ce800000|  0%| F|  |TS  0|AC  0|TAMS 0x00000006ce700000, 0x00000006ce700000|
|  88|0x00000006ce800000, 0x00000006ce800000, 0x00000006ce900000|  0%| F|  |TS  0|AC  0|TAMS 0x00000006ce800000, 0x00000006ce800000|
|  89|0x00000006ce900000, 0x00000006ce900000, 0x00000006cea00000|  0%| F|  |TS  0|AC  0|TAMS 0x00000006ce900000, 0x00000006ce900000|
|  90|0x00000006cea00000, 0x00000006cea00000, 0x00000006ceb00000|  0%| F|  |TS  0|AC  0|TAMS 0x00000006cea00000, 0x00000006cea00000|
|  91|0x00000006ceb00000, 0x00000006ceb00000, 0x00000006cec00000|  0%| F|  |TS  0|AC  0|TAMS 0x00000006ceb00000, 0x00000006ceb00000|
|  92|0x00000006cec00000, 0x00000006cec00000, 0x00000006ced00000|  0%| F|  |TS  0|AC  0|TAMS 0x00000006cec00000, 0x00000006cec00000|
|  93|0x00000006ced00000, 0x00000006ced00000, 0x00000006cee00000|  0%| F|  |TS  0|AC  0|TAMS 0x00000006ced00000, 0x00000006ced00000|
|  94|0x00000006cee00000, 0x00000006cee00000, 0x00000006cef00000|  0%| F|  |TS  0|AC  0|TAMS 0x00000006cee00000, 0x00000006cee00000|
|  95|0x00000006cef00000, 0x00000006cef00000, 0x00000006cf000000|  0%| F|  |TS  0|AC  0|TAMS 0x00000006cef00000, 0x00000006cef00000|
|  96|0x00000006cf000000, 0x00000006cf000000, 0x00000006cf100000|  0%| F|  |TS  0|AC  0|TAMS 0x00000006cf000000, 0x00000006cf000000|
|  97|0x00000006cf100000, 0x00000006cf100000, 0x00000006cf200000|  0%| F|  |TS  0|AC  0|TAMS 0x00000006cf100000, 0x00000006cf100000|
|  98|0x00000006cf200000, 0x00000006cf200000, 0x00000006cf300000|  0%| F|  |TS  0|AC  0|TAMS 0x00000006cf200000, 0x00000006cf200000|
|  99|0x00000006cf300000, 0x00000006cf300000, 0x00000006cf400000|  0%| F|  |TS  0|AC  0|TAMS 0x00000006cf300000, 0x00000006cf300000|
| 100|0x00000006cf400000, 0x00000006cf400000, 0x00000006cf500000|  0%| F|  |TS  0|AC  0|TAMS 0x00000006cf400000, 0x00000006cf400000|
| 101|0x00000006cf500000, 0x00000006cf500000, 0x00000006cf600000|  0%| F|  |TS  0|AC  0|TAMS 0x00000006cf500000, 0x00000006cf500000|
| 102|0x00000006cf600000, 0x00000006cf600000, 0x00000006cf700000|  0%| F|  |TS  0|AC  0|TAMS 0x00000006cf600000, 0x00000006cf600000|
| 103|0x00000006cf700000, 0x00000006cf700000, 0x00000006cf800000|  0%| F|  |TS  0|AC  0|TAMS 0x00000006cf700000, 0x00000006cf700000|
| 104|0x00000006cf800000, 0x00000006cf800000, 0x00000006cf900000|  0%| F|  |TS  0|AC  0|TAMS 0x00000006cf800000, 0x00000006cf800000|
| 105|0x00000006cf900000, 0x00000006cf900000, 0x00000006cfa00000|  0%| F|  |TS  0|AC  0|TAMS 0x00000006cf900000, 0x00000006cf900000|
| 106|0x00000006cfa00000, 0x00000006cfa00000, 0x00000006cfb00000|  0%| F|  |TS  0|AC  0|TAMS 0x00000006cfa00000, 0x00000006cfa00000|
| 107|0x00000006cfb00000, 0x00000006cfb00000, 0x00000006cfc00000|  0%| F|  |TS  0|AC  0|TAMS 0x00000006cfb00000, 0x00000006cfb00000|
| 108|0x00000006cfc00000, 0x00000006cfc00000, 0x00000006cfd00000|  0%| F|  |TS  0|AC  0|TAMS 0x00000006cfc00000, 0x00000006cfc00000|
| 109|0x00000006cfd00000, 0x00000006cfd00000, 0x00000006cfe00000|  0%| F|  |TS  0|AC  0|TAMS 0x00000006cfd00000, 0x00000006cfd00000|
| 110|0x00000006cfe00000, 0x00000006cfe00000, 0x00000006cff00000|  0%| F|  |TS  0|AC  0|TAMS 0x00000006cfe00000, 0x00000006cfe00000|
| 111|0x00000006cff00000, 0x00000006cff00000, 0x00000006d0000000|  0%| F|  |TS  0|AC  0|TAMS 0x00000006cff00000, 0x00000006cff00000|
| 112|0x00000006d0000000, 0x00000006d0000000, 0x00000006d0100000|  0%| F|  |TS  0|AC  0|TAMS 0x00000006d0000000, 0x00000006d0000000|
| 113|0x00000006d0100000, 0x00000006d0100000, 0x00000006d0200000|  0%| F|  |TS  0|AC  0|TAMS 0x00000006d0100000, 0x00000006d0100000|
| 114|0x00000006d0200000, 0x00000006d0200000, 0x00000006d0300000|  0%| F|  |TS  0|AC  0|TAMS 0x00000006d0200000, 0x00000006d0200000|
| 115|0x00000006d0300000, 0x00000006d0300000, 0x00000006d0400000|  0%| F|  |TS  0|AC  0|TAMS 0x00000006d0300000, 0x00000006d0300000|
| 116|0x00000006d0400000, 0x00000006d0400000, 0x00000006d0500000|  0%| F|  |TS  0|AC  0|TAMS 0x00000006d0400000, 0x00000006d0400000|
| 117|0x00000006d0500000, 0x00000006d0500000, 0x00000006d0600000|  0%| F|  |TS  0|AC  0|TAMS 0x00000006d0500000, 0x00000006d0500000|
| 118|0x00000006d0600000, 0x00000006d0600000, 0x00000006d0700000|  0%| F|  |TS  0|AC  0|TAMS 0x00000006d0600000, 0x00000006d0600000|
| 119|0x00000006d0700000, 0x00000006d0700000, 0x00000006d0800000|  0%| F|  |TS  0|AC  0|TAMS 0x00000006d0700000, 0x00000006d0700000|
| 120|0x00000006d0800000, 0x00000006d0800000, 0x00000006d0900000|  0%| F|  |TS  0|AC  0|TAMS 0x00000006d0800000, 0x00000006d0800000|
| 121|0x00000006d0900000, 0x00000006d0900000, 0x00000006d0a00000|  0%| F|  |TS  0|AC  0|TAMS 0x00000006d0900000, 0x00000006d0900000|
| 122|0x00000006d0a00000, 0x00000006d0a00000, 0x00000006d0b00000|  0%| F|  |TS  0|AC  0|TAMS 0x00000006d0a00000, 0x00000006d0a00000|
| 123|0x00000006d0b00000, 0x00000006d0b00000, 0x00000006d0c00000|  0%| F|  |TS  0|AC  0|TAMS 0x00000006d0b00000, 0x00000006d0b00000|
| 124|0x00000006d0c00000, 0x00000006d0c00000, 0x00000006d0d00000|  0%| F|  |TS  0|AC  0|TAMS 0x00000006d0c00000, 0x00000006d0c00000|
| 125|0x00000006d0d00000, 0x00000006d0d00000, 0x00000006d0e00000|  0%| F|  |TS  0|AC  0|TAMS 0x00000006d0d00000, 0x00000006d0d00000|
| 126|0x00000006d0e00000, 0x00000006d0e00000, 0x00000006d0f00000|  0%| F|  |TS  0|AC  0|TAMS 0x00000006d0e00000, 0x00000006d0e00000|
| 127|0x00000006d0f00000, 0x00000006d0f00000, 0x00000006d1000000|  0%| F|  |TS  0|AC  0|TAMS 0x00000006d0f00000, 0x00000006d0f00000|
| 128|0x00000006d1000000, 0x00000006d1000000, 0x00000006d1100000|  0%| F|  |TS  0|AC  0|TAMS 0x00000006d1000000, 0x00000006d1000000|
| 129|0x00000006d1100000, 0x00000006d1100000, 0x00000006d1200000|  0%| F|  |TS  0|AC  0|TAMS 0x00000006d1100000, 0x00000006d1100000|
| 130|0x00000006d1200000, 0x00000006d1200000, 0x00000006d1300000|  0%| F|  |TS  0|AC  0|TAMS 0x00000006d1200000, 0x00000006d1200000|
| 131|0x00000006d1300000, 0x00000006d1300000, 0x00000006d1400000|  0%| F|  |TS  0|AC  0|TAMS 0x00000006d1300000, 0x00000006d1300000|
| 132|0x00000006d1400000, 0x00000006d1400000, 0x00000006d1500000|  0%| F|  |TS  0|AC  0|TAMS 0x00000006d1400000, 0x00000006d1400000|
| 133|0x00000006d1500000, 0x00000006d1500000, 0x00000006d1600000|  0%| F|  |TS  0|AC  0|TAMS 0x00000006d1500000, 0x00000006d1500000|
| 134|0x00000006d1600000, 0x00000006d1600000, 0x00000006d1700000|  0%| F|  |TS  0|AC  0|TAMS 0x00000006d1600000, 0x00000006d1600000|
| 135|0x00000006d1700000, 0x00000006d1700000, 0x00000006d1800000|  0%| F|  |TS  0|AC  0|TAMS 0x00000006d1700000, 0x00000006d1700000|
| 136|0x00000006d1800000, 0x00000006d1800000, 0x00000006d1900000|  0%| F|  |TS  0|AC  0|TAMS 0x00000006d1800000, 0x00000006d1800000|
| 137|0x00000006d1900000, 0x00000006d1900000, 0x00000006d1a00000|  0%| F|  |TS  0|AC  0|TAMS 0x00000006d1900000, 0x00000006d1900000|
| 138|0x00000006d1a00000, 0x00000006d1a00000, 0x00000006d1b00000|  0%| F|  |TS  0|AC  0|TAMS 0x00000006d1a00000, 0x00000006d1a00000|
| 139|0x00000006d1b00000, 0x00000006d1b00000, 0x00000006d1c00000|  0%| F|  |TS  0|AC  0|TAMS 0x00000006d1b00000, 0x00000006d1b00000|
| 140|0x00000006d1c00000, 0x00000006d1c00000, 0x00000006d1d00000|  0%| F|  |TS  0|AC  0|TAMS 0x00000006d1c00000, 0x00000006d1c00000|
| 141|0x00000006d1d00000, 0x00000006d1d00000, 0x00000006d1e00000|  0%| F|  |TS  0|AC  0|TAMS 0x00000006d1d00000, 0x00000006d1d00000|
| 142|0x00000006d1e00000, 0x00000006d1e00000, 0x00000006d1f00000|  0%| F|  |TS  0|AC  0|TAMS 0x00000006d1e00000, 0x00000006d1e00000|
| 143|0x00000006d1f00000, 0x00000006d1f00000, 0x00000006d2000000|  0%| F|  |TS  0|AC  0|TAMS 0x00000006d1f00000, 0x00000006d1f00000|
| 144|0x00000006d2000000, 0x00000006d2000000, 0x00000006d2100000|  0%| F|  |TS  0|AC  0|TAMS 0x00000006d2000000, 0x00000006d2000000|
| 145|0x00000006d2100000, 0x00000006d2100000, 0x00000006d2200000|  0%| F|  |TS  0|AC  0|TAMS 0x00000006d2100000, 0x00000006d2100000|
| 146|0x00000006d2200000, 0x00000006d2200000, 0x00000006d2300000|  0%| F|  |TS  0|AC  0|TAMS 0x00000006d2200000, 0x00000006d2200000|
| 147|0x00000006d2300000, 0x00000006d2300000, 0x00000006d2400000|  0%| F|  |TS  0|AC  0|TAMS 0x00000006d2300000, 0x00000006d2300000|
| 148|0x00000006d2400000, 0x00000006d2400000, 0x00000006d2500000|  0%| F|  |TS  0|AC  0|TAMS 0x00000006d2400000, 0x00000006d2400000|
| 149|0x00000006d2500000, 0x00000006d2500000, 0x00000006d2600000|  0%| F|  |TS  0|AC  0|TAMS 0x00000006d2500000, 0x00000006d2500000|
| 150|0x00000006d2600000, 0x00000006d2600000, 0x00000006d2700000|  0%| F|  |TS  0|AC  0|TAMS 0x00000006d2600000, 0x00000006d2600000|
| 151|0x00000006d2700000, 0x00000006d2700000, 0x00000006d2800000|  0%| F|  |TS  0|AC  0|TAMS 0x00000006d2700000, 0x00000006d2700000|
| 152|0x00000006d2800000, 0x00000006d2800000, 0x00000006d2900000|  0%| F|  |TS  0|AC  0|TAMS 0x00000006d2800000, 0x00000006d2800000|
| 153|0x00000006d2900000, 0x00000006d2900000, 0x00000006d2a00000|  0%| F|  |TS  0|AC  0|TAMS 0x00000006d2900000, 0x00000006d2900000|
| 154|0x00000006d2a00000, 0x00000006d2a00000, 0x00000006d2b00000|  0%| F|  |TS  0|AC  0|TAMS 0x00000006d2a00000, 0x00000006d2a00000|
| 155|0x00000006d2b00000, 0x00000006d2b00000, 0x00000006d2c00000|  0%| F|  |TS  0|AC  0|TAMS 0x00000006d2b00000, 0x00000006d2b00000|
| 156|0x00000006d2c00000, 0x00000006d2c00000, 0x00000006d2d00000|  0%| F|  |TS  0|AC  0|TAMS 0x00000006d2c00000, 0x00000006d2c00000|
| 157|0x00000006d2d00000, 0x00000006d2d00000, 0x00000006d2e00000|  0%| F|  |TS  0|AC  0|TAMS 0x00000006d2d00000, 0x00000006d2d00000|
| 158|0x00000006d2e00000, 0x00000006d2e00000, 0x00000006d2f00000|  0%| F|  |TS  0|AC  0|TAMS 0x00000006d2e00000, 0x00000006d2e00000|
| 159|0x00000006d2f00000, 0x00000006d2f00000, 0x00000006d3000000|  0%| F|  |TS  0|AC  0|TAMS 0x00000006d2f00000, 0x00000006d2f00000|
| 160|0x00000006d3000000, 0x00000006d3000000, 0x00000006d3100000|  0%| F|  |TS  0|AC  0|TAMS 0x00000006d3000000, 0x00000006d3000000|
| 161|0x00000006d3100000, 0x00000006d3100000, 0x00000006d3200000|  0%| F|  |TS  0|AC  0|TAMS 0x00000006d3100000, 0x00000006d3100000|
| 162|0x00000006d3200000, 0x00000006d3200000, 0x00000006d3300000|  0%| F|  |TS  0|AC  0|TAMS 0x00000006d3200000, 0x00000006d3200000|
| 163|0x00000006d3300000, 0x00000006d3300000, 0x00000006d3400000|  0%| F|  |TS  0|AC  0|TAMS 0x00000006d3300000, 0x00000006d3300000|
| 164|0x00000006d3400000, 0x00000006d3400000, 0x00000006d3500000|  0%| F|  |TS  0|AC  0|TAMS 0x00000006d3400000, 0x00000006d3400000|
| 165|0x00000006d3500000, 0x00000006d3500000, 0x00000006d3600000|  0%| F|  |TS  0|AC  0|TAMS 0x00000006d3500000, 0x00000006d3500000|
| 166|0x00000006d3600000, 0x00000006d3600000, 0x00000006d3700000|  0%| F|  |TS  0|AC  0|TAMS 0x00000006d3600000, 0x00000006d3600000|
| 167|0x00000006d3700000, 0x00000006d3700000, 0x00000006d3800000|  0%| F|  |TS  0|AC  0|TAMS 0x00000006d3700000, 0x00000006d3700000|
| 168|0x00000006d3800000, 0x00000006d3800000, 0x00000006d3900000|  0%| F|  |TS  0|AC  0|TAMS 0x00000006d3800000, 0x00000006d3800000|
| 169|0x00000006d3900000, 0x00000006d3900000, 0x00000006d3a00000|  0%| F|  |TS  0|AC  0|TAMS 0x00000006d3900000, 0x00000006d3900000|
| 170|0x00000006d3a00000, 0x00000006d3a00000, 0x00000006d3b00000|  0%| F|  |TS  0|AC  0|TAMS 0x00000006d3a00000, 0x00000006d3a00000|
| 171|0x00000006d3b00000, 0x00000006d3b00000, 0x00000006d3c00000|  0%| F|  |TS  0|AC  0|TAMS 0x00000006d3b00000, 0x00000006d3b00000|
| 172|0x00000006d3c00000, 0x00000006d3c00000, 0x00000006d3d00000|  0%| F|  |TS  0|AC  0|TAMS 0x00000006d3c00000, 0x00000006d3c00000|
| 173|0x00000006d3d00000, 0x00000006d3d00000, 0x00000006d3e00000|  0%| F|  |TS  0|AC  0|TAMS 0x00000006d3d00000, 0x00000006d3d00000|
| 174|0x00000006d3e00000, 0x00000006d3e00000, 0x00000006d3f00000|  0%| F|  |TS  0|AC  0|TAMS 0x00000006d3e00000, 0x00000006d3e00000|
| 175|0x00000006d3f00000, 0x00000006d3f00000, 0x00000006d4000000|  0%| F|  |TS  0|AC  0|TAMS 0x00000006d3f00000, 0x00000006d3f00000|
| 176|0x00000006d4000000, 0x00000006d4000000, 0x00000006d4100000|  0%| F|  |TS  0|AC  0|TAMS 0x00000006d4000000, 0x00000006d4000000|
| 177|0x00000006d4100000, 0x00000006d4100000, 0x00000006d4200000|  0%| F|  |TS  0|AC  0|TAMS 0x00000006d4100000, 0x00000006d4100000|
| 178|0x00000006d4200000, 0x00000006d4200000, 0x00000006d4300000|  0%| F|  |TS  0|AC  0|TAMS 0x00000006d4200000, 0x00000006d4200000|
| 179|0x00000006d4300000, 0x00000006d4300000, 0x00000006d4400000|  0%| F|  |TS  0|AC  0|TAMS 0x00000006d4300000, 0x00000006d4300000|
| 180|0x00000006d4400000, 0x00000006d4400000, 0x00000006d4500000|  0%| F|  |TS  0|AC  0|TAMS 0x00000006d4400000, 0x00000006d4400000|
| 181|0x00000006d4500000, 0x00000006d4500000, 0x00000006d4600000|  0%| F|  |TS  0|AC  0|TAMS 0x00000006d4500000, 0x00000006d4500000|
| 182|0x00000006d4600000, 0x00000006d4600000, 0x00000006d4700000|  0%| F|  |TS  0|AC  0|TAMS 0x00000006d4600000, 0x00000006d4600000|
| 183|0x00000006d4700000, 0x00000006d4700000, 0x00000006d4800000|  0%| F|  |TS  0|AC  0|TAMS 0x00000006d4700000, 0x00000006d4700000|
| 184|0x00000006d4800000, 0x00000006d4800000, 0x00000006d4900000|  0%| F|  |TS  0|AC  0|TAMS 0x00000006d4800000, 0x00000006d4800000|
| 185|0x00000006d4900000, 0x00000006d4900000, 0x00000006d4a00000|  0%| F|  |TS  0|AC  0|TAMS 0x00000006d4900000, 0x00000006d4900000|
| 186|0x00000006d4a00000, 0x00000006d4a00000, 0x00000006d4b00000|  0%| F|  |TS  0|AC  0|TAMS 0x00000006d4a00000, 0x00000006d4a00000|
| 187|0x00000006d4b00000, 0x00000006d4b00000, 0x00000006d4c00000|  0%| F|  |TS  0|AC  0|TAMS 0x00000006d4b00000, 0x00000006d4b00000|
| 188|0x00000006d4c00000, 0x00000006d4c00000, 0x00000006d4d00000|  0%| F|  |TS  0|AC  0|TAMS 0x00000006d4c00000, 0x00000006d4c00000|
| 189|0x00000006d4d00000, 0x00000006d4d00000, 0x00000006d4e00000|  0%| F|  |TS  0|AC  0|TAMS 0x00000006d4d00000, 0x00000006d4d00000|
| 190|0x00000006d4e00000, 0x00000006d4e00000, 0x00000006d4f00000|  0%| F|  |TS  0|AC  0|TAMS 0x00000006d4e00000, 0x00000006d4e00000|
| 191|0x00000006d4f00000, 0x00000006d4f00000, 0x00000006d5000000|  0%| F|  |TS  0|AC  0|TAMS 0x00000006d4f00000, 0x00000006d4f00000|
| 192|0x00000006d5000000, 0x00000006d5000000, 0x00000006d5100000|  0%| F|  |TS  0|AC  0|TAMS 0x00000006d5000000, 0x00000006d5000000|
| 193|0x00000006d5100000, 0x00000006d5100000, 0x00000006d5200000|  0%| F|  |TS  0|AC  0|TAMS 0x00000006d5100000, 0x00000006d5100000|
| 194|0x00000006d5200000, 0x00000006d5200000, 0x00000006d5300000|  0%| F|  |TS  0|AC  0|TAMS 0x00000006d5200000, 0x00000006d5200000|
| 195|0x00000006d5300000, 0x00000006d5300000, 0x00000006d5400000|  0%| F|  |TS  0|AC  0|TAMS 0x00000006d5300000, 0x00000006d5300000|
| 196|0x00000006d5400000, 0x00000006d5400000, 0x00000006d5500000|  0%| F|  |TS  0|AC  0|TAMS 0x00000006d5400000, 0x00000006d5400000|
| 197|0x00000006d5500000, 0x00000006d5500000, 0x00000006d5600000|  0%| F|  |TS  0|AC  0|TAMS 0x00000006d5500000, 0x00000006d5500000|
| 198|0x00000006d5600000, 0x00000006d5600000, 0x00000006d5700000|  0%| F|  |TS  0|AC  0|TAMS 0x00000006d5600000, 0x00000006d5600000|
| 199|0x00000006d5700000, 0x00000006d5700000, 0x00000006d5800000|  0%| F|  |TS  0|AC  0|TAMS 0x00000006d5700000, 0x00000006d5700000|
| 200|0x00000006d5800000, 0x00000006d5800000, 0x00000006d5900000|  0%| F|  |TS  0|AC  0|TAMS 0x00000006d5800000, 0x00000006d5800000|
| 201|0x00000006d5900000, 0x00000006d5900000, 0x00000006d5a00000|  0%| F|  |TS  0|AC  0|TAMS 0x00000006d5900000, 0x00000006d5900000|
| 202|0x00000006d5a00000, 0x00000006d5a00000, 0x00000006d5b00000|  0%| F|  |TS  0|AC  0|TAMS 0x00000006d5a00000, 0x00000006d5a00000|
| 203|0x00000006d5b00000, 0x00000006d5b00000, 0x00000006d5c00000|  0%| F|  |TS  0|AC  0|TAMS 0x00000006d5b00000, 0x00000006d5b00000|
| 204|0x00000006d5c00000, 0x00000006d5c00000, 0x00000006d5d00000|  0%| F|  |TS  0|AC  0|TAMS 0x00000006d5c00000, 0x00000006d5c00000|
| 205|0x00000006d5d00000, 0x00000006d5d00000, 0x00000006d5e00000|  0%| F|  |TS  0|AC  0|TAMS 0x00000006d5d00000, 0x00000006d5d00000|
| 206|0x00000006d5e00000, 0x00000006d5e00000, 0x00000006d5f00000|  0%| F|  |TS  0|AC  0|TAMS 0x00000006d5e00000, 0x00000006d5e00000|
| 207|0x00000006d5f00000, 0x00000006d5f00000, 0x00000006d6000000|  0%| F|  |TS  0|AC  0|TAMS 0x00000006d5f00000, 0x00000006d5f00000|
| 208|0x00000006d6000000, 0x00000006d6000000, 0x00000006d6100000|  0%| F|  |TS  0|AC  0|TAMS 0x00000006d6000000, 0x00000006d6000000|
| 209|0x00000006d6100000, 0x00000006d6100000, 0x00000006d6200000|  0%| F|  |TS  0|AC  0|TAMS 0x00000006d6100000, 0x00000006d6100000|
| 210|0x00000006d6200000, 0x00000006d6200000, 0x00000006d6300000|  0%| F|  |TS  0|AC  0|TAMS 0x00000006d6200000, 0x00000006d6200000|
| 211|0x00000006d6300000, 0x00000006d6300000, 0x00000006d6400000|  0%| F|  |TS  0|AC  0|TAMS 0x00000006d6300000, 0x00000006d6300000|
| 212|0x00000006d6400000, 0x00000006d6400000, 0x00000006d6500000|  0%| F|  |TS  0|AC  0|TAMS 0x00000006d6400000, 0x00000006d6400000|
| 213|0x00000006d6500000, 0x00000006d6500000, 0x00000006d6600000|  0%| F|  |TS  0|AC  0|TAMS 0x00000006d6500000, 0x00000006d6500000|
| 214|0x00000006d6600000, 0x00000006d6600000, 0x00000006d6700000|  0%| F|  |TS  0|AC  0|TAMS 0x00000006d6600000, 0x00000006d6600000|
| 215|0x00000006d6700000, 0x00000006d6700000, 0x00000006d6800000|  0%| F|  |TS  0|AC  0|TAMS 0x00000006d6700000, 0x00000006d6700000|
| 216|0x00000006d6800000, 0x00000006d6800000, 0x00000006d6900000|  0%| F|  |TS  0|AC  0|TAMS 0x00000006d6800000, 0x00000006d6800000|
| 217|0x00000006d6900000, 0x00000006d6900000, 0x00000006d6a00000|  0%| F|  |TS  0|AC  0|TAMS 0x00000006d6900000, 0x00000006d6900000|
| 218|0x00000006d6a00000, 0x00000006d6a00000, 0x00000006d6b00000|  0%| F|  |TS  0|AC  0|TAMS 0x00000006d6a00000, 0x00000006d6a00000|
| 219|0x00000006d6b00000, 0x00000006d6b00000, 0x00000006d6c00000|  0%| F|  |TS  0|AC  0|TAMS 0x00000006d6b00000, 0x00000006d6b00000|
| 220|0x00000006d6c00000, 0x00000006d6c00000, 0x00000006d6d00000|  0%| F|  |TS  0|AC  0|TAMS 0x00000006d6c00000, 0x00000006d6c00000|
| 221|0x00000006d6d00000, 0x00000006d6d00000, 0x00000006d6e00000|  0%| F|  |TS  0|AC  0|TAMS 0x00000006d6d00000, 0x00000006d6d00000|
| 222|0x00000006d6e00000, 0x00000006d6e00000, 0x00000006d6f00000|  0%| F|  |TS  0|AC  0|TAMS 0x00000006d6e00000, 0x00000006d6e00000|
| 223|0x00000006d6f00000, 0x00000006d6f00000, 0x00000006d7000000|  0%| F|  |TS  0|AC  0|TAMS 0x00000006d6f00000, 0x00000006d6f00000|
| 224|0x00000006d7000000, 0x00000006d7000000, 0x00000006d7100000|  0%| F|  |TS  0|AC  0|TAMS 0x00000006d7000000, 0x00000006d7000000|
| 225|0x00000006d7100000, 0x00000006d7100000, 0x00000006d7200000|  0%| F|  |TS  0|AC  0|TAMS 0x00000006d7100000, 0x00000006d7100000|
| 226|0x00000006d7200000, 0x00000006d7200000, 0x00000006d7300000|  0%| F|  |TS  0|AC  0|TAMS 0x00000006d7200000, 0x00000006d7200000|
| 227|0x00000006d7300000, 0x00000006d7300000, 0x00000006d7400000|  0%| F|  |TS  0|AC  0|TAMS 0x00000006d7300000, 0x00000006d7300000|
| 228|0x00000006d7400000, 0x00000006d7400000, 0x00000006d7500000|  0%| F|  |TS  0|AC  0|TAMS 0x00000006d7400000, 0x00000006d7400000|
| 229|0x00000006d7500000, 0x00000006d7500000, 0x00000006d7600000|  0%| F|  |TS  0|AC  0|TAMS 0x00000006d7500000, 0x00000006d7500000|
| 230|0x00000006d7600000, 0x00000006d7600000, 0x00000006d7700000|  0%| F|  |TS  0|AC  0|TAMS 0x00000006d7600000, 0x00000006d7600000|
| 231|0x00000006d7700000, 0x00000006d7700000, 0x00000006d7800000|  0%| F|  |TS  0|AC  0|TAMS 0x00000006d7700000, 0x00000006d7700000|
| 232|0x00000006d7800000, 0x00000006d7800000, 0x00000006d7900000|  0%| F|  |TS  0|AC  0|TAMS 0x00000006d7800000, 0x00000006d7800000|
| 233|0x00000006d7900000, 0x00000006d7900000, 0x00000006d7a00000|  0%| F|  |TS  0|AC  0|TAMS 0x00000006d7900000, 0x00000006d7900000|
| 234|0x00000006d7a00000, 0x00000006d7a00000, 0x00000006d7b00000|  0%| F|  |TS  0|AC  0|TAMS 0x00000006d7a00000, 0x00000006d7a00000|
| 235|0x00000006d7b00000, 0x00000006d7b00000, 0x00000006d7c00000|  0%| F|  |TS  0|AC  0|TAMS 0x00000006d7b00000, 0x00000006d7b00000|
| 236|0x00000006d7c00000, 0x00000006d7c00000, 0x00000006d7d00000|  0%| F|  |TS  0|AC  0|TAMS 0x00000006d7c00000, 0x00000006d7c00000|
| 237|0x00000006d7d00000, 0x00000006d7d00000, 0x00000006d7e00000|  0%| F|  |TS  0|AC  0|TAMS 0x00000006d7d00000, 0x00000006d7d00000|
| 238|0x00000006d7e00000, 0x00000006d7e00000, 0x00000006d7f00000|  0%| F|  |TS  0|AC  0|TAMS 0x00000006d7e00000, 0x00000006d7e00000|
| 239|0x00000006d7f00000, 0x00000006d7f00000, 0x00000006d8000000|  0%| F|  |TS  0|AC  0|TAMS 0x00000006d7f00000, 0x00000006d7f00000|
| 240|0x00000006d8000000, 0x00000006d8000000, 0x00000006d8100000|  0%| F|  |TS  0|AC  0|TAMS 0x00000006d8000000, 0x00000006d8000000|
| 241|0x00000006d8100000, 0x00000006d8100000, 0x00000006d8200000|  0%| F|  |TS  0|AC  0|TAMS 0x00000006d8100000, 0x00000006d8100000|
| 242|0x00000006d8200000, 0x00000006d8200000, 0x00000006d8300000|  0%| F|  |TS  0|AC  0|TAMS 0x00000006d8200000, 0x00000006d8200000|
| 243|0x00000006d8300000, 0x00000006d8300000, 0x00000006d8400000|  0%| F|  |TS  0|AC  0|TAMS 0x00000006d8300000, 0x00000006d8300000|
| 244|0x00000006d8400000, 0x00000006d8400000, 0x00000006d8500000|  0%| F|  |TS  0|AC  0|TAMS 0x00000006d8400000, 0x00000006d8400000|
| 245|0x00000006d8500000, 0x00000006d85f70a8, 0x00000006d8600000| 96%| E|  |TS  0|AC  0|TAMS 0x00000006d8500000, 0x00000006d8500000|
| 246|0x00000006d8600000, 0x00000006d8700000, 0x00000006d8700000|100%| E|CS|TS  0|AC  0|TAMS 0x00000006d8600000, 0x00000006d8600000|
| 247|0x00000006d8700000, 0x00000006d8800000, 0x00000006d8800000|100%| E|CS|TS  0|AC  0|TAMS 0x00000006d8700000, 0x00000006d8700000|

Card table byte_map: [0x00007ffba63ad000,0x00007ffba6b65000] byte_map_base: 0x00007ffba2d65000

Marking Bits (Prev, Next): (CMBitMap*) 0x00007ffbc0086d10, (CMBitMap*) 0x00007ffbc0086d48
 Prev Bits: [0x00007ffb84240000, 0x00007ffb88000000)
 Next Bits: [0x00007ffb7c240000, 0x00007ffb80000000)

Polling page: 0x00007ffbc96cd000

CodeHeap 'non-profiled nmethods': size=120032Kb used=57Kb max_used=57Kb free=119974Kb
 bounds [0x00007ffbaf5ed000, 0x00007ffbaf85d000, 0x00007ffbb6b25000]
CodeHeap 'profiled nmethods': size=120028Kb used=222Kb max_used=222Kb free=119805Kb
 bounds [0x00007ffba80b6000, 0x00007ffba8326000, 0x00007ffbaf5ed000]
CodeHeap 'non-nmethods': size=5700Kb used=1069Kb max_used=1080Kb free=4630Kb
 bounds [0x00007ffba7b25000, 0x00007ffba7d95000, 0x00007ffba80b6000]
 total_blobs=529 nmethods=173 adapters=201
 compilation: enabled

Compilation events (10 events):
Event: 0.170 Thread 0x00007ffbc0225800  167       3       java.lang.StringBuilder::append (8 bytes)
Event: 0.170 Thread 0x00007ffbc0225800 nmethod 167 0x00007ffba80ec190 code [0x00007ffba80ec340, 0x00007ffba80ec4e8]
Event: 0.170 Thread 0x00007ffbc0225800  168       3       java.lang.AbstractStringBuilder::append (45 bytes)
Event: 0.171 Thread 0x00007ffbc0225800 nmethod 168 0x00007ffba80ec590 code [0x00007ffba80ec7c0, 0x00007ffba80ecd38]
Event: 0.171 Thread 0x00007ffbc0225800  171       1       java.util.zip.Inflater$InflaterZStreamRef::address (5 bytes)
Event: 0.171 Thread 0x00007ffbc0225800 nmethod 171 0x00007ffbaf5fb010 code [0x00007ffbaf5fb1c0, 0x00007ffbaf5fb2d0]
Event: 0.172 Thread 0x00007ffbc0225800  172       3       jdk.internal.misc.Unsafe::putObjectRelease (9 bytes)
Event: 0.173 Thread 0x00007ffbc0225800 nmethod 172 0x00007ffba80ecf90 code [0x00007ffba80ed140, 0x00007ffba80ed2f0]
Event: 0.173 Thread 0x00007ffbc0225800  174       3       java.util.concurrent.ConcurrentHashMap::setTabAt (20 bytes)
Event: 0.173 Thread 0x00007ffbc0225800 nmethod 174 0x00007ffba80ed390 code [0x00007ffba80ed540, 0x00007ffba80ed830]

GC Heap History (0 events):
No events

Deoptimization events (1 events):
Event: 0.131 Thread 0x00007ffbc0015800 Uncommon trap: reason=unstable_if action=reinterpret pc=0x00007ffbaf5f3014 method=java.lang.String.hashCode()I @ 14 c2

Classes redefined (2 events):
Event: 22.295 Thread 0x00007ffbc0201000 redefined class name=Combinatios.Permutations, count=1
Event: 1457.565 Thread 0x00007ffbc0201000 redefined class name=Combinatios.Permutations, count=2

Internal exceptions (0 events):
No events

Events (10 events):
Event: 1457.649 Executing VM operation: GetFrameCount done
Event: 1457.649 Executing VM operation: GetFrameLocation
Event: 1457.649 Executing VM operation: GetFrameLocation done
Event: 1457.649 Executing VM operation: GetFrameCount
Event: 1457.649 Executing VM operation: GetFrameCount done
Event: 1457.649 Executing VM operation: GetFrameLocation
Event: 1457.649 Executing VM operation: GetFrameLocation done
Event: 1457.649 Executing VM operation: GetFrameLocation
Event: 1457.649 Executing VM operation: GetFrameLocation done
Event: 1457.658 Executing VM operation: GetOrSetLocal


Dynamic libraries:
6c9000000-6d8800000 rw-p 00000000 00:00 0 
6d8800000-7c0000000 ---p 00000000 00:00 0 
7c0000000-7c0080000 rw-p 00000000 00:00 0 
7c0080000-800000000 ---p 00000000 00:00 0 
564adf6b7000-564adf6b8000 r-xp 00000000 103:05 4601210                   /usr/lib/jvm/java-11-openjdk-amd64/bin/java
564adf8b8000-564adf8b9000 r--p 00001000 103:05 4601210                   /usr/lib/jvm/java-11-openjdk-amd64/bin/java
564adf8b9000-564adf8ba000 rw-p 00002000 103:05 4601210                   /usr/lib/jvm/java-11-openjdk-amd64/bin/java
564ae12bc000-564ae12dd000 rw-p 00000000 00:00 0                          [heap]
7ffb08000000-7ffb08021000 rw-p 00000000 00:00 0 
7ffb08021000-7ffb0c000000 ---p 00000000 00:00 0 
7ffb10000000-7ffb10021000 rw-p 00000000 00:00 0 
7ffb10021000-7ffb14000000 ---p 00000000 00:00 0 
7ffb14000000-7ffb14021000 rw-p 00000000 00:00 0 
7ffb14021000-7ffb18000000 ---p 00000000 00:00 0 
7ffb18000000-7ffb18021000 rw-p 00000000 00:00 0 
7ffb18021000-7ffb1c000000 ---p 00000000 00:00 0 
7ffb1c000000-7ffb1c021000 rw-p 00000000 00:00 0 
7ffb1c021000-7ffb20000000 ---p 00000000 00:00 0 
7ffb20000000-7ffb20021000 rw-p 00000000 00:00 0 
7ffb20021000-7ffb24000000 ---p 00000000 00:00 0 
7ffb24000000-7ffb24021000 rw-p 00000000 00:00 0 
7ffb24021000-7ffb28000000 ---p 00000000 00:00 0 
7ffb28000000-7ffb280e9000 rw-p 00000000 00:00 0 
7ffb280e9000-7ffb2c000000 ---p 00000000 00:00 0 
7ffb2c000000-7ffb2c098000 rw-p 00000000 00:00 0 
7ffb2c098000-7ffb30000000 ---p 00000000 00:00 0 
7ffb30000000-7ffb300c9000 rw-p 00000000 00:00 0 
7ffb300c9000-7ffb34000000 ---p 00000000 00:00 0 
7ffb34000000-7ffb3406a000 rw-p 00000000 00:00 0 
7ffb3406a000-7ffb38000000 ---p 00000000 00:00 0 
7ffb38000000-7ffb38021000 rw-p 00000000 00:00 0 
7ffb38021000-7ffb3c000000 ---p 00000000 00:00 0 
7ffb3c000000-7ffb3c021000 rw-p 00000000 00:00 0 
7ffb3c021000-7ffb40000000 ---p 00000000 00:00 0 
7ffb40000000-7ffb40021000 rw-p 00000000 00:00 0 
7ffb40021000-7ffb44000000 ---p 00000000 00:00 0 
7ffb44000000-7ffb44021000 rw-p 00000000 00:00 0 
7ffb44021000-7ffb48000000 ---p 00000000 00:00 0 
7ffb48000000-7ffb48021000 rw-p 00000000 00:00 0 
7ffb48021000-7ffb4c000000 ---p 00000000 00:00 0 
7ffb4c000000-7ffb4c021000 rw-p 00000000 00:00 0 
7ffb4c021000-7ffb50000000 ---p 00000000 00:00 0 
7ffb50000000-7ffb50021000 rw-p 00000000 00:00 0 
7ffb50021000-7ffb54000000 ---p 00000000 00:00 0 
7ffb54000000-7ffb54021000 rw-p 00000000 00:00 0 
7ffb54021000-7ffb58000000 ---p 00000000 00:00 0 
7ffb58000000-7ffb58021000 rw-p 00000000 00:00 0 
7ffb58021000-7ffb5c000000 ---p 00000000 00:00 0 
7ffb5c000000-7ffb5c021000 rw-p 00000000 00:00 0 
7ffb5c021000-7ffb60000000 ---p 00000000 00:00 0 
7ffb60000000-7ffb60021000 rw-p 00000000 00:00 0 
7ffb60021000-7ffb64000000 ---p 00000000 00:00 0 
7ffb64000000-7ffb64021000 rw-p 00000000 00:00 0 
7ffb64021000-7ffb68000000 ---p 00000000 00:00 0 
7ffb68000000-7ffb68021000 rw-p 00000000 00:00 0 
7ffb68021000-7ffb6c000000 ---p 00000000 00:00 0 
7ffb6ccca000-7ffb6cccb000 ---p 00000000 00:00 0 
7ffb6cccb000-7ffb6cdcc000 rw-p 00000000 00:00 0 
7ffb6cdcc000-7ffb6cdd0000 ---p 00000000 00:00 0 
7ffb6cdd0000-7ffb6cecd000 rw-p 00000000 00:00 0 
7ffb6cecd000-7ffb6cee4000 r-xp 00000000 103:05 4601375                   /usr/lib/jvm/java-11-openjdk-amd64/lib/libnet.so
7ffb6cee4000-7ffb6d0e3000 ---p 00017000 103:05 4601375                   /usr/lib/jvm/java-11-openjdk-amd64/lib/libnet.so
7ffb6d0e3000-7ffb6d0e4000 r--p 00016000 103:05 4601375                   /usr/lib/jvm/java-11-openjdk-amd64/lib/libnet.so
7ffb6d0e4000-7ffb6d0e5000 rw-p 00017000 103:05 4601375                   /usr/lib/jvm/java-11-openjdk-amd64/lib/libnet.so
7ffb6d0e5000-7ffb6d0f6000 r-xp 00000000 103:05 4601376                   /usr/lib/jvm/java-11-openjdk-amd64/lib/libnio.so
7ffb6d0f6000-7ffb6d2f5000 ---p 00011000 103:05 4601376                   /usr/lib/jvm/java-11-openjdk-amd64/lib/libnio.so
7ffb6d2f5000-7ffb6d2f6000 r--p 00010000 103:05 4601376                   /usr/lib/jvm/java-11-openjdk-amd64/lib/libnio.so
7ffb6d2f6000-7ffb6d2f7000 rw-p 00011000 103:05 4601376                   /usr/lib/jvm/java-11-openjdk-amd64/lib/libnio.so
7ffb6d2f7000-7ffb6d2fb000 ---p 00000000 00:00 0 
7ffb6d2fb000-7ffb6d3f8000 rw-p 00000000 00:00 0 
7ffb6d3f8000-7ffb6d3fc000 ---p 00000000 00:00 0 
7ffb6d3fc000-7ffb6d4f9000 rw-p 00000000 00:00 0 
7ffb6d4f9000-7ffb6d4fd000 ---p 00000000 00:00 0 
7ffb6d4fd000-7ffb6d5fa000 rw-p 00000000 00:00 0 
7ffb6d5fa000-7ffb6d5ff000 r-xp 00000000 103:05 4601355                   /usr/lib/jvm/java-11-openjdk-amd64/lib/libdt_socket.so
7ffb6d5ff000-7ffb6d7fe000 ---p 00005000 103:05 4601355                   /usr/lib/jvm/java-11-openjdk-amd64/lib/libdt_socket.so
7ffb6d7fe000-7ffb6d7ff000 r--p 00004000 103:05 4601355                   /usr/lib/jvm/java-11-openjdk-amd64/lib/libdt_socket.so
7ffb6d7ff000-7ffb6d800000 rw-p 00005000 103:05 4601355                   /usr/lib/jvm/java-11-openjdk-amd64/lib/libdt_socket.so
7ffb6d800000-7ffb6dcc0000 rw-p 00000000 00:00 0 
7ffb6dcc0000-7ffb6e000000 ---p 00000000 00:00 0 
7ffb6e000000-7ffb70000000 rw-p 00000000 00:00 0 
7ffb70000000-7ffb70021000 rw-p 00000000 00:00 0 
7ffb70021000-7ffb74000000 ---p 00000000 00:00 0 
7ffb74000000-7ffb74021000 rw-p 00000000 00:00 0 
7ffb74021000-7ffb78000000 ---p 00000000 00:00 0 
7ffb78000000-7ffb78021000 rw-p 00000000 00:00 0 
7ffb78021000-7ffb7c000000 ---p 00000000 00:00 0 
7ffb7c03e000-7ffb7c042000 ---p 00000000 00:00 0 
7ffb7c042000-7ffb7c13f000 rw-p 00000000 00:00 0 
7ffb7c13f000-7ffb7c143000 ---p 00000000 00:00 0 
7ffb7c143000-7ffb7c620000 rw-p 00000000 00:00 0 
7ffb7c620000-7ffb80000000 ---p 00000000 00:00 0 
7ffb80000000-7ffb80021000 rw-p 00000000 00:00 0 
7ffb80021000-7ffb84000000 ---p 00000000 00:00 0 
7ffb8403e000-7ffb84042000 ---p 00000000 00:00 0 
7ffb84042000-7ffb8413f000 rw-p 00000000 00:00 0 
7ffb8413f000-7ffb84143000 ---p 00000000 00:00 0 
7ffb84143000-7ffb84620000 rw-p 00000000 00:00 0 
7ffb84620000-7ffb88000000 ---p 00000000 00:00 0 
7ffb88000000-7ffb88021000 rw-p 00000000 00:00 0 
7ffb88021000-7ffb8c000000 ---p 00000000 00:00 0 
7ffb8c000000-7ffb8c021000 rw-p 00000000 00:00 0 
7ffb8c021000-7ffb90000000 ---p 00000000 00:00 0 
7ffb90000000-7ffb90021000 rw-p 00000000 00:00 0 
7ffb90021000-7ffb94000000 ---p 00000000 00:00 0 
7ffb94000000-7ffb94021000 rw-p 00000000 00:00 0 
7ffb94021000-7ffb98000000 ---p 00000000 00:00 0 
7ffb98000000-7ffb98021000 rw-p 00000000 00:00 0 
7ffb98021000-7ffb9c000000 ---p 00000000 00:00 0 
7ffb9c000000-7ffb9c021000 rw-p 00000000 00:00 0 
7ffb9c021000-7ffba0000000 ---p 00000000 00:00 0 
7ffba0000000-7ffba0021000 rw-p 00000000 00:00 0 
7ffba0021000-7ffba4000000 ---p 00000000 00:00 0 
7ffba4061000-7ffba4065000 ---p 00000000 00:00 0 
7ffba4065000-7ffba4162000 rw-p 00000000 00:00 0 
7ffba4162000-7ffba4166000 ---p 00000000 00:00 0 
7ffba4166000-7ffba4263000 rw-p 00000000 00:00 0 
7ffba4263000-7ffba4267000 ---p 00000000 00:00 0 
7ffba4267000-7ffba4364000 rw-p 00000000 00:00 0 
7ffba4364000-7ffba4368000 ---p 00000000 00:00 0 
7ffba4368000-7ffba4465000 rw-p 00000000 00:00 0 
7ffba4465000-7ffba4469000 ---p 00000000 00:00 0 
7ffba4469000-7ffba4566000 rw-p 00000000 00:00 0 
7ffba4566000-7ffba4567000 ---p 00000000 00:00 0 
7ffba4567000-7ffba46de000 rw-p 00000000 00:00 0 
7ffba46de000-7ffba46df000 ---p 00000000 00:00 0 
7ffba46df000-7ffba47e0000 rw-p 00000000 00:00 0 
7ffba47e0000-7ffba47e1000 ---p 00000000 00:00 0 
7ffba47e1000-7ffba48e2000 rw-p 00000000 00:00 0 
7ffba48e2000-7ffba48e3000 ---p 00000000 00:00 0 
7ffba48e3000-7ffba49e4000 rw-p 00000000 00:00 0 
7ffba49e4000-7ffba49e5000 ---p 00000000 00:00 0 
7ffba49e5000-7ffba4ae6000 rw-p 00000000 00:00 0 
7ffba4ae6000-7ffba4ae7000 ---p 00000000 00:00 0 
7ffba4ae7000-7ffba4be8000 rw-p 00000000 00:00 0 
7ffba4be8000-7ffba4be9000 ---p 00000000 00:00 0 
7ffba4be9000-7ffba4cea000 rw-p 00000000 00:00 0 
7ffba4cea000-7ffba4ceb000 ---p 00000000 00:00 0 
7ffba4ceb000-7ffba4dec000 rw-p 00000000 00:00 0 
7ffba4dec000-7ffba4ded000 ---p 00000000 00:00 0 
7ffba4ded000-7ffba4eee000 rw-p 00000000 00:00 0 
7ffba4eee000-7ffba4eef000 ---p 00000000 00:00 0 
7ffba4eef000-7ffba57f8000 rw-p 00000000 00:00 0 
7ffba57f8000-7ffba57f9000 ---p 00000000 00:00 0 
7ffba57f9000-7ffba58fa000 rw-p 00000000 00:00 0 
7ffba58fa000-7ffba58fb000 ---p 00000000 00:00 0 
7ffba58fb000-7ffba59fc000 rw-p 00000000 00:00 0 
7ffba59fc000-7ffba59fd000 ---p 00000000 00:00 0 
7ffba59fd000-7ffba5c71000 rw-p 00000000 00:00 0 
7ffba5c71000-7ffba63ad000 ---p 00000000 00:00 0 
7ffba63ad000-7ffba6429000 rw-p 00000000 00:00 0 
7ffba6429000-7ffba6b65000 ---p 00000000 00:00 0 
7ffba6b65000-7ffba6be1000 rw-p 00000000 00:00 0 
7ffba6be1000-7ffba731d000 ---p 00000000 00:00 0 
7ffba731d000-7ffba7b25000 rw-p 00000000 00:00 0 
7ffba7b25000-7ffba7d95000 rwxp 00000000 00:00 0 
7ffba7d95000-7ffba80b6000 ---p 00000000 00:00 0 
7ffba80b6000-7ffba8326000 rwxp 00000000 00:00 0 
7ffba8326000-7ffbaf5ed000 ---p 00000000 00:00 0 
7ffbaf5ed000-7ffbaf85d000 rwxp 00000000 00:00 0 
7ffbaf85d000-7ffbb6b25000 ---p 00000000 00:00 0 
7ffbb6b25000-7ffbc0000000 r--s 00000000 103:05 4601385                   /usr/lib/jvm/java-11-openjdk-amd64/lib/modules
7ffbc0000000-7ffbc0381000 rw-p 00000000 00:00 0 
7ffbc0381000-7ffbc4000000 ---p 00000000 00:00 0 
7ffbc4029000-7ffbc4084000 rw-p 00000000 00:00 0 
7ffbc4084000-7ffbc4085000 ---p 00000000 00:00 0 
7ffbc4085000-7ffbc4186000 rw-p 00000000 00:00 0 
7ffbc4186000-7ffbc4187000 ---p 00000000 00:00 0 
7ffbc4187000-7ffbc4288000 rw-p 00000000 00:00 0 
7ffbc4288000-7ffbc4289000 ---p 00000000 00:00 0 
7ffbc4289000-7ffbc438a000 rw-p 00000000 00:00 0 
7ffbc438a000-7ffbc438b000 ---p 00000000 00:00 0 
7ffbc438b000-7ffbc448c000 rw-p 00000000 00:00 0 
7ffbc448c000-7ffbc448d000 ---p 00000000 00:00 0 
7ffbc448d000-7ffbc458e000 rw-p 00000000 00:00 0 
7ffbc458e000-7ffbc458f000 ---p 00000000 00:00 0 
7ffbc458f000-7ffbc4690000 rw-p 00000000 00:00 0 
7ffbc4690000-7ffbc4691000 ---p 00000000 00:00 0 
7ffbc4691000-7ffbc4792000 rw-p 00000000 00:00 0 
7ffbc4792000-7ffbc4793000 ---p 00000000 00:00 0 
7ffbc4793000-7ffbc4899000 rw-p 00000000 00:00 0 
7ffbc4899000-7ffbc497f000 ---p 00000000 00:00 0 
7ffbc497f000-7ffbc4984000 rw-p 00000000 00:00 0 
7ffbc4984000-7ffbc4a6a000 ---p 00000000 00:00 0 
7ffbc4a6a000-7ffbc4a6f000 r-xp 00000000 103:05 4601367                   /usr/lib/jvm/java-11-openjdk-amd64/lib/libjimage.so
7ffbc4a6f000-7ffbc4c6e000 ---p 00005000 103:05 4601367                   /usr/lib/jvm/java-11-openjdk-amd64/lib/libjimage.so
7ffbc4c6e000-7ffbc4c6f000 r--p 00004000 103:05 4601367                   /usr/lib/jvm/java-11-openjdk-amd64/lib/libjimage.so
7ffbc4c6f000-7ffbc4c70000 rw-p 00005000 103:05 4601367                   /usr/lib/jvm/java-11-openjdk-amd64/lib/libjimage.so
7ffbc4c70000-7ffbc4c77000 r-xp 00000000 103:05 4601384                   /usr/lib/jvm/java-11-openjdk-amd64/lib/libzip.so
7ffbc4c77000-7ffbc4e76000 ---p 00007000 103:05 4601384                   /usr/lib/jvm/java-11-openjdk-amd64/lib/libzip.so
7ffbc4e76000-7ffbc4e77000 r--p 00006000 103:05 4601384                   /usr/lib/jvm/java-11-openjdk-amd64/lib/libzip.so
7ffbc4e77000-7ffbc4e78000 rw-p 00007000 103:05 4601384                   /usr/lib/jvm/java-11-openjdk-amd64/lib/libzip.so
7ffbc4e78000-7ffbc4e83000 r-xp 00000000 103:05 5903298                   /lib/x86_64-linux-gnu/libnss_files-2.27.so
7ffbc4e83000-7ffbc5082000 ---p 0000b000 103:05 5903298                   /lib/x86_64-linux-gnu/libnss_files-2.27.so
7ffbc5082000-7ffbc5083000 r--p 0000a000 103:05 5903298                   /lib/x86_64-linux-gnu/libnss_files-2.27.so
7ffbc5083000-7ffbc5084000 rw-p 0000b000 103:05 5903298                   /lib/x86_64-linux-gnu/libnss_files-2.27.so
7ffbc5084000-7ffbc508a000 rw-p 00000000 00:00 0 
7ffbc508a000-7ffbc50a1000 r-xp 00000000 103:05 5903292                   /lib/x86_64-linux-gnu/libnsl-2.27.so
7ffbc50a1000-7ffbc52a0000 ---p 00017000 103:05 5903292                   /lib/x86_64-linux-gnu/libnsl-2.27.so
7ffbc52a0000-7ffbc52a1000 r--p 00016000 103:05 5903292                   /lib/x86_64-linux-gnu/libnsl-2.27.so
7ffbc52a1000-7ffbc52a2000 rw-p 00017000 103:05 5903292                   /lib/x86_64-linux-gnu/libnsl-2.27.so
7ffbc52a2000-7ffbc52a4000 rw-p 00000000 00:00 0 
7ffbc52a4000-7ffbc52af000 r-xp 00000000 103:05 5903309                   /lib/x86_64-linux-gnu/libnss_nis-2.27.so
7ffbc52af000-7ffbc54ae000 ---p 0000b000 103:05 5903309                   /lib/x86_64-linux-gnu/libnss_nis-2.27.so
7ffbc54ae000-7ffbc54af000 r--p 0000a000 103:05 5903309                   /lib/x86_64-linux-gnu/libnss_nis-2.27.so
7ffbc54af000-7ffbc54b0000 rw-p 0000b000 103:05 5903309                   /lib/x86_64-linux-gnu/libnss_nis-2.27.so
7ffbc54b0000-7ffbc54b8000 r-xp 00000000 103:05 5903294                   /lib/x86_64-linux-gnu/libnss_compat-2.27.so
7ffbc54b8000-7ffbc56b8000 ---p 00008000 103:05 5903294                   /lib/x86_64-linux-gnu/libnss_compat-2.27.so
7ffbc56b8000-7ffbc56b9000 r--p 00008000 103:05 5903294                   /lib/x86_64-linux-gnu/libnss_compat-2.27.so
7ffbc56b9000-7ffbc56ba000 rw-p 00009000 103:05 5903294                   /lib/x86_64-linux-gnu/libnss_compat-2.27.so
7ffbc56ba000-7ffbc61ba000 r--p 00000000 103:05 4594373                   /usr/lib/locale/locale-archive
7ffbc61ba000-7ffbc61c4000 r-xp 00000000 103:05 4601358                   /usr/lib/jvm/java-11-openjdk-amd64/lib/libinstrument.so
7ffbc61c4000-7ffbc63c3000 ---p 0000a000 103:05 4601358                   /usr/lib/jvm/java-11-openjdk-amd64/lib/libinstrument.so
7ffbc63c3000-7ffbc63c4000 r--p 00009000 103:05 4601358                   /usr/lib/jvm/java-11-openjdk-amd64/lib/libinstrument.so
7ffbc63c4000-7ffbc63c5000 rw-p 0000a000 103:05 4601358                   /usr/lib/jvm/java-11-openjdk-amd64/lib/libinstrument.so
7ffbc63c5000-7ffbc6402000 r-xp 00000000 103:05 4601366                   /usr/lib/jvm/java-11-openjdk-amd64/lib/libjdwp.so
7ffbc6402000-7ffbc6601000 ---p 0003d000 103:05 4601366                   /usr/lib/jvm/java-11-openjdk-amd64/lib/libjdwp.so
7ffbc6601000-7ffbc6602000 r--p 0003c000 103:05 4601366                   /usr/lib/jvm/java-11-openjdk-amd64/lib/libjdwp.so
7ffbc6602000-7ffbc6603000 rw-p 0003d000 103:05 4601366                   /usr/lib/jvm/java-11-openjdk-amd64/lib/libjdwp.so
7ffbc6603000-7ffbc662f000 r-xp 00000000 103:05 4601363                   /usr/lib/jvm/java-11-openjdk-amd64/lib/libjava.so
7ffbc662f000-7ffbc682e000 ---p 0002c000 103:05 4601363                   /usr/lib/jvm/java-11-openjdk-amd64/lib/libjava.so
7ffbc682e000-7ffbc682f000 r--p 0002b000 103:05 4601363                   /usr/lib/jvm/java-11-openjdk-amd64/lib/libjava.so
7ffbc682f000-7ffbc6831000 rw-p 0002c000 103:05 4601363                   /usr/lib/jvm/java-11-openjdk-amd64/lib/libjava.so
7ffbc6831000-7ffbc683e000 r-xp 00000000 103:05 4601383                   /usr/lib/jvm/java-11-openjdk-amd64/lib/libverify.so
7ffbc683e000-7ffbc6a3d000 ---p 0000d000 103:05 4601383                   /usr/lib/jvm/java-11-openjdk-amd64/lib/libverify.so
7ffbc6a3d000-7ffbc6a3f000 r--p 0000c000 103:05 4601383                   /usr/lib/jvm/java-11-openjdk-amd64/lib/libverify.so
7ffbc6a3f000-7ffbc6a40000 rw-p 0000e000 103:05 4601383                   /usr/lib/jvm/java-11-openjdk-amd64/lib/libverify.so
7ffbc6a40000-7ffbc6a47000 r-xp 00000000 103:05 5903349                   /lib/x86_64-linux-gnu/librt-2.27.so
7ffbc6a47000-7ffbc6c46000 ---p 00007000 103:05 5903349                   /lib/x86_64-linux-gnu/librt-2.27.so
7ffbc6c46000-7ffbc6c47000 r--p 00006000 103:05 5903349                   /lib/x86_64-linux-gnu/librt-2.27.so
7ffbc6c47000-7ffbc6c48000 rw-p 00007000 103:05 5903349                   /lib/x86_64-linux-gnu/librt-2.27.so
7ffbc6c48000-7ffbc6c5f000 r-xp 00000000 103:05 5912687                   /lib/x86_64-linux-gnu/libgcc_s.so.1
7ffbc6c5f000-7ffbc6e5e000 ---p 00017000 103:05 5912687                   /lib/x86_64-linux-gnu/libgcc_s.so.1
7ffbc6e5e000-7ffbc6e5f000 r--p 00016000 103:05 5912687                   /lib/x86_64-linux-gnu/libgcc_s.so.1
7ffbc6e5f000-7ffbc6e60000 rw-p 00017000 103:05 5912687                   /lib/x86_64-linux-gnu/libgcc_s.so.1
7ffbc6e60000-7ffbc6ffd000 r-xp 00000000 103:05 5903271                   /lib/x86_64-linux-gnu/libm-2.27.so
7ffbc6ffd000-7ffbc71fc000 ---p 0019d000 103:05 5903271                   /lib/x86_64-linux-gnu/libm-2.27.so
7ffbc71fc000-7ffbc71fd000 r--p 0019c000 103:05 5903271                   /lib/x86_64-linux-gnu/libm-2.27.so
7ffbc71fd000-7ffbc71fe000 rw-p 0019d000 103:05 5903271                   /lib/x86_64-linux-gnu/libm-2.27.so
7ffbc71fe000-7ffbc7377000 r-xp 00000000 103:05 4590215                   /usr/lib/x86_64-linux-gnu/libstdc++.so.6.0.25
7ffbc7377000-7ffbc7577000 ---p 00179000 103:05 4590215                   /usr/lib/x86_64-linux-gnu/libstdc++.so.6.0.25
7ffbc7577000-7ffbc7581000 r--p 00179000 103:05 4590215                   /usr/lib/x86_64-linux-gnu/libstdc++.so.6.0.25
7ffbc7581000-7ffbc7583000 rw-p 00183000 103:05 4590215                   /usr/lib/x86_64-linux-gnu/libstdc++.so.6.0.25
7ffbc7583000-7ffbc7587000 rw-p 00000000 00:00 0 
7ffbc7587000-7ffbc8524000 r-xp 00000000 103:05 4601390                   /usr/lib/jvm/java-11-openjdk-amd64/lib/server/libjvm.so
7ffbc8524000-7ffbc8724000 ---p 00f9d000 103:05 4601390                   /usr/lib/jvm/java-11-openjdk-amd64/lib/server/libjvm.so
7ffbc8724000-7ffbc87e8000 r--p 00f9d000 103:05 4601390                   /usr/lib/jvm/java-11-openjdk-amd64/lib/server/libjvm.so
7ffbc87e8000-7ffbc8820000 rw-p 01061000 103:05 4601390                   /usr/lib/jvm/java-11-openjdk-amd64/lib/server/libjvm.so
7ffbc8820000-7ffbc8869000 rw-p 00000000 00:00 0 
7ffbc8869000-7ffbc8883000 r-xp 00000000 103:05 5903341                   /lib/x86_64-linux-gnu/libpthread-2.27.so
7ffbc8883000-7ffbc8a82000 ---p 0001a000 103:05 5903341                   /lib/x86_64-linux-gnu/libpthread-2.27.so
7ffbc8a82000-7ffbc8a83000 r--p 00019000 103:05 5903341                   /lib/x86_64-linux-gnu/libpthread-2.27.so
7ffbc8a83000-7ffbc8a84000 rw-p 0001a000 103:05 5903341                   /lib/x86_64-linux-gnu/libpthread-2.27.so
7ffbc8a84000-7ffbc8a88000 rw-p 00000000 00:00 0 
7ffbc8a88000-7ffbc8a8b000 r-xp 00000000 103:05 5903231                   /lib/x86_64-linux-gnu/libdl-2.27.so
7ffbc8a8b000-7ffbc8c8a000 ---p 00003000 103:05 5903231                   /lib/x86_64-linux-gnu/libdl-2.27.so
7ffbc8c8a000-7ffbc8c8b000 r--p 00002000 103:05 5903231                   /lib/x86_64-linux-gnu/libdl-2.27.so
7ffbc8c8b000-7ffbc8c8c000 rw-p 00003000 103:05 5903231                   /lib/x86_64-linux-gnu/libdl-2.27.so
7ffbc8c8c000-7ffbc8ca8000 r-xp 00000000 103:05 5903380                   /lib/x86_64-linux-gnu/libz.so.1.2.11
7ffbc8ca8000-7ffbc8ea7000 ---p 0001c000 103:05 5903380                   /lib/x86_64-linux-gnu/libz.so.1.2.11
7ffbc8ea7000-7ffbc8ea8000 r--p 0001b000 103:05 5903380                   /lib/x86_64-linux-gnu/libz.so.1.2.11
7ffbc8ea8000-7ffbc8ea9000 rw-p 0001c000 103:05 5903380                   /lib/x86_64-linux-gnu/libz.so.1.2.11
7ffbc8ea9000-7ffbc9090000 r-xp 00000000 103:05 5903208                   /lib/x86_64-linux-gnu/libc-2.27.so
7ffbc9090000-7ffbc9290000 ---p 001e7000 103:05 5903208                   /lib/x86_64-linux-gnu/libc-2.27.so
7ffbc9290000-7ffbc9294000 r--p 001e7000 103:05 5903208                   /lib/x86_64-linux-gnu/libc-2.27.so
7ffbc9294000-7ffbc9296000 rw-p 001eb000 103:05 5903208                   /lib/x86_64-linux-gnu/libc-2.27.so
7ffbc9296000-7ffbc929a000 rw-p 00000000 00:00 0 
7ffbc929a000-7ffbc92a9000 r-xp 00000000 103:05 4601348                   /usr/lib/jvm/java-11-openjdk-amd64/lib/jli/libjli.so
7ffbc92a9000-7ffbc94a8000 ---p 0000f000 103:05 4601348                   /usr/lib/jvm/java-11-openjdk-amd64/lib/jli/libjli.so
7ffbc94a8000-7ffbc94a9000 r--p 0000e000 103:05 4601348                   /usr/lib/jvm/java-11-openjdk-amd64/lib/jli/libjli.so
7ffbc94a9000-7ffbc94aa000 rw-p 0000f000 103:05 4601348                   /usr/lib/jvm/java-11-openjdk-amd64/lib/jli/libjli.so
7ffbc94aa000-7ffbc94d1000 r-xp 00000000 103:05 5903180                   /lib/x86_64-linux-gnu/ld-2.27.so
7ffbc9526000-7ffbc95af000 rw-p 00000000 00:00 0 
7ffbc95af000-7ffbc95b6000 ---p 00000000 00:00 0 
7ffbc95b6000-7ffbc95ba000 ---p 00000000 00:00 0 
7ffbc95ba000-7ffbc96b9000 rw-p 00000000 00:00 0 
7ffbc96bb000-7ffbc96c2000 r--s 00000000 103:05 4852159                   /usr/lib/x86_64-linux-gnu/gconv/gconv-modules.cache
7ffbc96c2000-7ffbc96c3000 rw-p 00000000 00:00 0 
7ffbc96c3000-7ffbc96c5000 r--s 00001000 103:05 5780600                   /home/nrvpl006/idea-IU-182.4892.20/lib/rt/debugger-agent-storage.jar
7ffbc96c5000-7ffbc96cd000 rw-s 00000000 103:05 4064265                   /tmp/hsperfdata_nrvpl006/8372
7ffbc96cd000-7ffbc96ce000 ---p 00000000 00:00 0 
7ffbc96ce000-7ffbc96cf000 r--p 00000000 00:00 0 
7ffbc96cf000-7ffbc96d1000 rw-p 00000000 00:00 0 
7ffbc96d1000-7ffbc96d2000 r--p 00027000 103:05 5903180                   /lib/x86_64-linux-gnu/ld-2.27.so
7ffbc96d2000-7ffbc96d3000 rw-p 00028000 103:05 5903180                   /lib/x86_64-linux-gnu/ld-2.27.so
7ffbc96d3000-7ffbc96d4000 rw-p 00000000 00:00 0 
7fff84715000-7fff84736000 rw-p 00000000 00:00 0                          [stack]
7fff847bd000-7fff847c0000 r--p 00000000 00:00 0                          [vvar]
7fff847c0000-7fff847c2000 r-xp 00000000 00:00 0                          [vdso]
ffffffffff600000-ffffffffff601000 r-xp 00000000 00:00 0                  [vsyscall]


VM Arguments:
jvm_args: -agentlib:jdwp=transport=dt_socket,address=127.0.0.1:39903,suspend=y,server=n -javaagent:/home/nrvpl006/idea-IU-182.4892.20/lib/rt/debugger-agent.jar=file:/tmp/capture.props -Dfile.encoding=UTF-8 
java_command: Combinatios.Permutations
java_class_path (initial): /home/nrvpl006/Personal/JavaInterviewQuestions/out/production/Interview:/home/nrvpl006/Personal/JavaInterviewQuestions/lib/annotations-16.0.2.jar:/home/nrvpl006/Personal/JavaInterviewQuestions/lib/junit-4.12.jar:/home/nrvpl006/Personal/JavaInterviewQuestions/lib/hamcrest-core-1.3.jar:/home/nrvpl006/idea-IU-182.4892.20/lib/idea_rt.jar
Launcher Type: SUN_STANDARD

Logging:
Log output configuration:
#0: stdout all=warning uptime,level,tags
#1: stderr all=off uptime,level,tags

Environment Variables:
PATH=/usr/local/sbin:/usr/local/bin:/usr/sbin:/usr/bin:/sbin:/bin:/usr/games:/usr/local/games:/snap/bin
USERNAME=nrvpl006
SHELL=/bin/bash
DISPLAY=:0

Signal Handlers:
SIGSEGV: [libjvm.so+0xd28b70], sa_mask[0]=11111111011111111101111111111110, sa_flags=SA_RESTART|SA_SIGINFO
SIGBUS: [libjvm.so+0xd28b70], sa_mask[0]=11111111011111111101111111111110, sa_flags=SA_RESTART|SA_SIGINFO
SIGFPE: [libjvm.so+0xd28b70], sa_mask[0]=11111111011111111101111111111110, sa_flags=SA_RESTART|SA_SIGINFO
SIGPIPE: [libjvm.so+0xb2a1f0], sa_mask[0]=11111111011111111101111111111110, sa_flags=SA_RESTART|SA_SIGINFO
SIGXFSZ: [libjvm.so+0xb2a1f0], sa_mask[0]=11111111011111111101111111111110, sa_flags=SA_RESTART|SA_SIGINFO
SIGILL: [libjvm.so+0xd28b70], sa_mask[0]=11111111011111111101111111111110, sa_flags=SA_RESTART|SA_SIGINFO
SIGUSR2: [libjvm.so+0xb2a030], sa_mask[0]=00100000000000000000000000000000, sa_flags=SA_RESTART|SA_SIGINFO
SIGHUP: [libjvm.so+0xb2a180], sa_mask[0]=11111111011111111101111111111110, sa_flags=SA_RESTART|SA_SIGINFO
SIGINT: [libjvm.so+0xb2a180], sa_mask[0]=11111111011111111101111111111110, sa_flags=SA_RESTART|SA_SIGINFO
SIGTERM: [libjvm.so+0xb2a180], sa_mask[0]=11111111011111111101111111111110, sa_flags=SA_RESTART|SA_SIGINFO
SIGQUIT: [libjvm.so+0xb2a180], sa_mask[0]=11111111011111111101111111111110, sa_flags=SA_RESTART|SA_SIGINFO


---------------  S Y S T E M  ---------------

OS:DISTRIB_ID=Ubuntu
DISTRIB_RELEASE=18.04
DISTRIB_CODENAME=bionic
DISTRIB_DESCRIPTION="Ubuntu 18.04.1 LTS"
uname:Linux 4.15.0-39-generic #42-Ubuntu SMP Tue Oct 23 15:48:01 UTC 2018 x86_64
libc:glibc 2.27 NPTL 2.27 
rlimit: STACK 8192k, CORE 0k, NPROC 62727, NOFILE 1048576, AS infinity, DATA infinity, FSIZE infinity
load average:0.72 0.62 0.59

/proc/meminfo:
MemTotal:       16181996 kB
MemFree:        10866840 kB
MemAvailable:   12307932 kB
Buffers:          128732 kB
Cached:          2009136 kB
SwapCached:            0 kB
Active:          3557752 kB
Inactive:        1423616 kB
Active(anon):    2849316 kB
Inactive(anon):   478908 kB
Active(file):     708436 kB
Inactive(file):   944708 kB
Unevictable:         160 kB
Mlocked:             160 kB
SwapTotal:       2097148 kB
SwapFree:        2097148 kB
Dirty:               568 kB
Writeback:             0 kB
AnonPages:       2843636 kB
Mapped:           511816 kB
Shmem:            484728 kB
Slab:             160192 kB
SReclaimable:      89836 kB
SUnreclaim:        70356 kB
KernelStack:       16016 kB
PageTables:        62252 kB
NFS_Unstable:          0 kB
Bounce:                0 kB
WritebackTmp:          0 kB
CommitLimit:    10188144 kB
Committed_AS:   10335836 kB
VmallocTotal:   34359738367 kB
VmallocUsed:           0 kB
VmallocChunk:          0 kB
HardwareCorrupted:     0 kB
AnonHugePages:         0 kB
ShmemHugePages:        0 kB
ShmemPmdMapped:        0 kB
CmaTotal:              0 kB
CmaFree:               0 kB
HugePages_Total:       0
HugePages_Free:        0
HugePages_Rsvd:        0
HugePages_Surp:        0
Hugepagesize:       2048 kB
DirectMap4k:      224204 kB
DirectMap2M:     8968192 kB
DirectMap1G:     7340032 kB

container (cgroup) information:
container_type: cgroupv1
cpu_cpuset_cpus: 0-7
cpu_memory_nodes: 0
active_processor_count: 8
cpu_quota: -1
cpu_period: 100000
cpu_shares: -1
memory_limit_in_bytes: -1
memory_and_swap_limit_in_bytes: -2
memory_soft_limit_in_bytes: -1
memory_usage_in_bytes: 5101809664
memory_max_usage_in_bytes: 0


CPU:total 8 (initial active 8) (4 cores per cpu, 2 threads per core) family 6 model 142 stepping 10, cmov, cx8, fxsr, mmx, sse, sse2, sse3, ssse3, sse4.1, sse4.2, popcnt, avx, avx2, aes, clmul, erms, 3dnowpref, lzcnt, ht, tsc, tscinvbit, bmi1, bmi2, adx, fma
CPU Model and flags from /proc/cpuinfo:
model name	: Intel(R) Core(TM) i7-8550U CPU @ 1.80GHz
flags		: fpu vme de pse tsc msr pae mce cx8 apic sep mtrr pge mca cmov pat pse36 clflush dts acpi mmx fxsr sse sse2 ss ht tm pbe syscall nx pdpe1gb rdtscp lm constant_tsc art arch_perfmon pebs bts rep_good nopl xtopology nonstop_tsc cpuid aperfmperf tsc_known_freq pni pclmulqdq dtes64 monitor ds_cpl vmx est tm2 ssse3 sdbg fma cx16 xtpr pdcm pcid sse4_1 sse4_2 x2apic movbe popcnt tsc_deadline_timer aes xsave avx f16c rdrand lahf_lm abm 3dnowprefetch cpuid_fault epb invpcid_single pti ssbd ibrs ibpb stibp tpr_shadow vnmi flexpriority ept vpid fsgsbase tsc_adjust bmi1 avx2 smep bmi2 erms invpcid mpx rdseed adx smap clflushopt intel_pt xsaveopt xsavec xgetbv1 xsaves dtherm ida arat pln pts hwp hwp_notify hwp_act_window hwp_epp flush_l1d

Memory: 4k page, physical 16181996k(10866840k free), swap 2097148k(2097148k free)

vm_info: OpenJDK 64-Bit Server VM (10.0.2+13-Ubuntu-1ubuntu0.18.04.3) for linux-amd64 JRE (10.0.2+13-Ubuntu-1ubuntu0.18.04.3), built on Oct  7 2018 15:06:09 by "buildd" with gcc 7.3.0

END.
