#
# A fatal error has been detected by the Java Runtime Environment:
#
#  Internal Error (generateOopMap.cpp:2162), pid=3654, tid=3692
#  fatal error: Illegal class file encountered. Try running with -Xverify:all in method search
#
# JRE version: OpenJDK Runtime Environment (10.0.2+13) (build 10.0.2+13-Ubuntu-1ubuntu0.18.04.3)
# Java VM: OpenJDK 64-Bit Server VM (10.0.2+13-Ubuntu-1ubuntu0.18.04.3, mixed mode, tiered, compressed oops, g1 gc, linux-amd64)
# Core dump will be written. Default location: Core dumps may be processed with "/usr/share/apport/apport %p %s %c %d %P" (or dumping to /home/nrvpl006/Personal/JavaInterviewQuestions/core.3654)
#
# If you would like to submit a bug report, please visit:
#   http://bugreport.java.com/bugreport/crash.jsp
#

---------------  S U M M A R Y ------------

Command Line: -agentlib:jdwp=transport=dt_socket,address=127.0.0.1:38115,suspend=y,server=n -javaagent:/home/nrvpl006/idea-IU-182.4892.20/lib/rt/debugger-agent.jar=file:/tmp/capture.props -Dfile.encoding=UTF-8 LeetCode.Medium.Medium33SearchInRotatedArray

Host: Intel(R) Core(TM) i7-8550U CPU @ 1.80GHz, 8 cores, 15G, Ubuntu 18.04.1 LTS
Time: Sun Nov 25 23:37:46 2018 EAT elapsed time: 404 seconds (0d 0h 6m 44s)

---------------  T H R E A D  ---------------

Current thread (0x00007f50f8201000):  VMThread "VM Thread" [stack: 0x00007f50a4dee000,0x00007f50a4eee000] [id=3692]

Stack: [0x00007f50a4dee000,0x00007f50a4eee000],  sp=0x00007f50a4eebeb0,  free space=1015k
Native frames: (J=compiled Java code, A=aot compiled Java code, j=interpreted, Vv=VM code, C=native code)
V  [libjvm.so+0xd27ea4]
V  [libjvm.so+0xd28a0f]
V  [libjvm.so+0x64d328]
V  [libjvm.so+0x7a72e5]
V  [libjvm.so+0x7a73bb]
V  [libjvm.so+0x7a9b59]
V  [libjvm.so+0x7abf44]
V  [libjvm.so+0x7aea0d]
V  [libjvm.so+0x7aedb9]
V  [libjvm.so+0xb1f14a]
V  [libjvm.so+0xb1f7d1]
V  [libjvm.so+0xabde16]
V  [libjvm.so+0x95085c]
V  [libjvm.so+0xd38871]
V  [libjvm.so+0xd35b3b]
V  [libjvm.so+0xd3715e]
V  [libjvm.so+0xd37588]
V  [libjvm.so+0xb33d40]

VM_Operation (0x00007f50a43dc9d0): GetOrSetLocal, mode: safepoint, requested by thread 0x00007f50f82e1000


---------------  P R O C E S S  ---------------

Threads class SMR info:
_java_thread_list=0x00007f50f83818e0, length=14, elements={
0x00007f50f8015800, 0x00007f50f820b000, 0x00007f50f820d000, 0x00007f50f821d800,
0x00007f50f821f800, 0x00007f50f8221800, 0x00007f50f8223800, 0x00007f50f8225800,
0x00007f50f8227800, 0x00007f50f82e1000, 0x00007f50f82e5000, 0x00007f505c001800,
0x00007f50f82fc800, 0x00007f50f8380000
}

Java Threads: ( => current thread )
  0x00007f50f8015800 JavaThread "main" [_thread_blocked, id=3658, stack(0x00007f5100260000,0x00007f5100361000)]
  0x00007f50f820b000 JavaThread "Reference Handler" daemon [_thread_blocked, id=3696, stack(0x00007f50a4ceb000,0x00007f50a4dec000)]
  0x00007f50f820d000 JavaThread "Finalizer" daemon [_thread_blocked, id=3697, stack(0x00007f50a4bea000,0x00007f50a4ceb000)]
  0x00007f50f821d800 JavaThread "Signal Dispatcher" daemon [_thread_blocked, id=3698, stack(0x00007f50a4ae9000,0x00007f50a4bea000)]
  0x00007f50f821f800 JavaThread "C2 CompilerThread0" daemon [_thread_blocked, id=3699, stack(0x00007f50a49e8000,0x00007f50a4ae9000)]
  0x00007f50f8221800 JavaThread "C2 CompilerThread1" daemon [_thread_blocked, id=3700, stack(0x00007f50a48e7000,0x00007f50a49e8000)]
  0x00007f50f8223800 JavaThread "C2 CompilerThread2" daemon [_thread_blocked, id=3701, stack(0x00007f50a47e6000,0x00007f50a48e7000)]
  0x00007f50f8225800 JavaThread "C1 CompilerThread3" daemon [_thread_blocked, id=3702, stack(0x00007f50a46e5000,0x00007f50a47e6000)]
  0x00007f50f8227800 JavaThread "Sweeper thread" daemon [_thread_blocked, id=3703, stack(0x00007f50a45e4000,0x00007f50a46e5000)]
  0x00007f50f82e1000 JavaThread "JDWP Transport Listener: dt_socket" daemon [_thread_blocked, id=3707, stack(0x00007f50a42dd000,0x00007f50a43de000)] _threads_hazard_ptr=0x00007f50f83818e0
  0x00007f50f82e5000 JavaThread "JDWP Event Helper Thread" daemon [_thread_blocked, id=3710, stack(0x00007f50a41dc000,0x00007f50a42dd000)]
  0x00007f505c001800 JavaThread "JDWP Command Reader" daemon [_thread_in_native, id=3711, stack(0x00007f50a40db000,0x00007f50a41dc000)]
  0x00007f50f82fc800 JavaThread "Common-Cleaner" daemon [_thread_blocked, id=3712, stack(0x00007f504feff000,0x00007f5050000000)]
  0x00007f50f8380000 JavaThread "Service Thread" daemon [_thread_blocked, id=3713, stack(0x00007f504f9d4000,0x00007f504fad5000)]

Other Threads:
=>0x00007f50f8201000 VMThread "VM Thread" [stack: 0x00007f50a4dee000,0x00007f50a4eee000] [id=3692]
  0x00007f50f8383800 WatcherThread [stack: 0x00007f504f8d4000,0x00007f504f9d4000] [id=3714]
  0x00007f50f802e000 GCTaskThread "GC Thread#0" [stack: 0x00007f50deef4000,0x00007f50deff4000] [id=3662]
  0x00007f50f802f800 GCTaskThread "GC Thread#1" [stack: 0x00007f50dedf2000,0x00007f50deef2000] [id=3663]
  0x00007f50f8031800 GCTaskThread "GC Thread#2" [stack: 0x00007f50decf0000,0x00007f50dedf0000] [id=3665]
  0x00007f50f8033000 GCTaskThread "GC Thread#3" [stack: 0x00007f50debee000,0x00007f50decee000] [id=3667]
  0x00007f50f8034800 GCTaskThread "GC Thread#4" [stack: 0x00007f50deaec000,0x00007f50debec000] [id=3670]
  0x00007f50f8036800 GCTaskThread "GC Thread#5" [stack: 0x00007f50de9ea000,0x00007f50deaea000] [id=3671]
  0x00007f50f8038000 GCTaskThread "GC Thread#6" [stack: 0x00007f50de8e8000,0x00007f50de9e8000] [id=3672]
  0x00007f50f803a000 GCTaskThread "GC Thread#7" [stack: 0x00007f50de7e6000,0x00007f50de8e6000] [id=3674]
  0x00007f50f8087800 ConcurrentGCThread "G1 Main Marker" [stack: 0x00007f50dc6bd000,0x00007f50dc7bd000] [id=3676]
  0x00007f50f8089800 ConcurrentGCThread "G1 Conc#0" [stack: 0x00007f50dc5bb000,0x00007f50dc6bb000] [id=3677]
  0x00007f50f808b000 ConcurrentGCThread "G1 Conc#1" [stack: 0x00007f50dc4b9000,0x00007f50dc5b9000] [id=3678]
  0x00007f50f8168800 ConcurrentGCThread "G1 Refine#0" [stack: 0x00007f50a5f00000,0x00007f50a6000000] [id=3679]
  0x00007f50f816a800 ConcurrentGCThread "G1 Refine#1" [stack: 0x00007f50a5dfe000,0x00007f50a5efe000] [id=3680]
  0x00007f50f816c000 ConcurrentGCThread "G1 Refine#2" [stack: 0x00007f50a5cfc000,0x00007f50a5dfc000] [id=3682]
  0x00007f50f816e000 ConcurrentGCThread "G1 Refine#3" [stack: 0x00007f50a5bfa000,0x00007f50a5cfa000] [id=3683]
  0x00007f50f816f800 ConcurrentGCThread "G1 Refine#4" [stack: 0x00007f50a5af8000,0x00007f50a5bf8000] [id=3684]
  0x00007f50f8171800 ConcurrentGCThread "G1 Refine#5" [stack: 0x00007f50a59f6000,0x00007f50a5af6000] [id=3685]
  0x00007f50f8173000 ConcurrentGCThread "G1 Refine#6" [stack: 0x00007f50a58f4000,0x00007f50a59f4000] [id=3686]
  0x00007f50f8175000 ConcurrentGCThread "G1 Refine#7" [stack: 0x00007f50a57f2000,0x00007f50a58f2000] [id=3687]
  0x00007f50f8176800 ConcurrentGCThread "G1 Young RemSet Sampling" [stack: 0x00007f50a56f0000,0x00007f50a57f0000] [id=3688]

Threads with active compile tasks:

VM state:at safepoint (normal execution)

VM Mutex/Monitor currently owned by a thread:  ([mutex/lock_event])
[0x00007f50f8011a70] Threads_lock - owner thread: 0x00007f50f8201000

Heap address: 0x00000006c9000000, size: 3952 MB, Compressed Oops mode: Zero based, Oop shift amount: 3
Narrow klass base: 0x0000000000000000, Narrow klass shift: 3
Compressed class space size: 1073741824 Address: 0x00000007c0000000

Heap:
 garbage-first heap   total 253952K, used 2048K [0x00000006c9000000, 0x00000007c0000000)
  region size 1024K, 3 young (3072K), 0 survivors (0K)
 Metaspace       used 5067K, capacity 5168K, committed 5376K, reserved 1056768K
  class space    used 421K, capacity 464K, committed 512K, reserved 1048576K
Heap Regions: E=young(eden), S=young(survivor), O=old, HS=humongous(starts), HC=humongous(continues), CS=collection set, F=free, A=archive, TS=gc time stamp, AC=allocation context, TAMS=top-at-mark-start (previous, next)
|   0|0x00000006c9000000, 0x00000006c9000000, 0x00000006c9100000|  0%| F|  |TS  0|AC  0|TAMS 0x00000006c9000000, 0x00000006c9000000|
|   1|0x00000006c9100000, 0x00000006c9100000, 0x00000006c9200000|  0%| F|  |TS  0|AC  0|TAMS 0x00000006c9100000, 0x00000006c9100000|
|   2|0x00000006c9200000, 0x00000006c9200000, 0x00000006c9300000|  0%| F|  |TS  0|AC  0|TAMS 0x00000006c9200000, 0x00000006c9200000|
|   3|0x00000006c9300000, 0x00000006c9300000, 0x00000006c9400000|  0%| F|  |TS  0|AC  0|TAMS 0x00000006c9300000, 0x00000006c9300000|
|   4|0x00000006c9400000, 0x00000006c9400000, 0x00000006c9500000|  0%| F|  |TS  0|AC  0|TAMS 0x00000006c9400000, 0x00000006c9400000|
|   5|0x00000006c9500000, 0x00000006c9500000, 0x00000006c9600000|  0%| F|  |TS  0|AC  0|TAMS 0x00000006c9500000, 0x00000006c9500000|
|   6|0x00000006c9600000, 0x00000006c9600000, 0x00000006c9700000|  0%| F|  |TS  0|AC  0|TAMS 0x00000006c9600000, 0x00000006c9600000|
|   7|0x00000006c9700000, 0x00000006c9700000, 0x00000006c9800000|  0%| F|  |TS  0|AC  0|TAMS 0x00000006c9700000, 0x00000006c9700000|
|   8|0x00000006c9800000, 0x00000006c9800000, 0x00000006c9900000|  0%| F|  |TS  0|AC  0|TAMS 0x00000006c9800000, 0x00000006c9800000|
|   9|0x00000006c9900000, 0x00000006c9900000, 0x00000006c9a00000|  0%| F|  |TS  0|AC  0|TAMS 0x00000006c9900000, 0x00000006c9900000|
|  10|0x00000006c9a00000, 0x00000006c9a00000, 0x00000006c9b00000|  0%| F|  |TS  0|AC  0|TAMS 0x00000006c9a00000, 0x00000006c9a00000|
|  11|0x00000006c9b00000, 0x00000006c9b00000, 0x00000006c9c00000|  0%| F|  |TS  0|AC  0|TAMS 0x00000006c9b00000, 0x00000006c9b00000|
|  12|0x00000006c9c00000, 0x00000006c9c00000, 0x00000006c9d00000|  0%| F|  |TS  0|AC  0|TAMS 0x00000006c9c00000, 0x00000006c9c00000|
|  13|0x00000006c9d00000, 0x00000006c9d00000, 0x00000006c9e00000|  0%| F|  |TS  0|AC  0|TAMS 0x00000006c9d00000, 0x00000006c9d00000|
|  14|0x00000006c9e00000, 0x00000006c9e00000, 0x00000006c9f00000|  0%| F|  |TS  0|AC  0|TAMS 0x00000006c9e00000, 0x00000006c9e00000|
|  15|0x00000006c9f00000, 0x00000006c9f00000, 0x00000006ca000000|  0%| F|  |TS  0|AC  0|TAMS 0x00000006c9f00000, 0x00000006c9f00000|
|  16|0x00000006ca000000, 0x00000006ca000000, 0x00000006ca100000|  0%| F|  |TS  0|AC  0|TAMS 0x00000006ca000000, 0x00000006ca000000|
|  17|0x00000006ca100000, 0x00000006ca100000, 0x00000006ca200000|  0%| F|  |TS  0|AC  0|TAMS 0x00000006ca100000, 0x00000006ca100000|
|  18|0x00000006ca200000, 0x00000006ca200000, 0x00000006ca300000|  0%| F|  |TS  0|AC  0|TAMS 0x00000006ca200000, 0x00000006ca200000|
|  19|0x00000006ca300000, 0x00000006ca300000, 0x00000006ca400000|  0%| F|  |TS  0|AC  0|TAMS 0x00000006ca300000, 0x00000006ca300000|
|  20|0x00000006ca400000, 0x00000006ca400000, 0x00000006ca500000|  0%| F|  |TS  0|AC  0|TAMS 0x00000006ca400000, 0x00000006ca400000|
|  21|0x00000006ca500000, 0x00000006ca500000, 0x00000006ca600000|  0%| F|  |TS  0|AC  0|TAMS 0x00000006ca500000, 0x00000006ca500000|
|  22|0x00000006ca600000, 0x00000006ca600000, 0x00000006ca700000|  0%| F|  |TS  0|AC  0|TAMS 0x00000006ca600000, 0x00000006ca600000|
|  23|0x00000006ca700000, 0x00000006ca700000, 0x00000006ca800000|  0%| F|  |TS  0|AC  0|TAMS 0x00000006ca700000, 0x00000006ca700000|
|  24|0x00000006ca800000, 0x00000006ca800000, 0x00000006ca900000|  0%| F|  |TS  0|AC  0|TAMS 0x00000006ca800000, 0x00000006ca800000|
|  25|0x00000006ca900000, 0x00000006ca900000, 0x00000006caa00000|  0%| F|  |TS  0|AC  0|TAMS 0x00000006ca900000, 0x00000006ca900000|
|  26|0x00000006caa00000, 0x00000006caa00000, 0x00000006cab00000|  0%| F|  |TS  0|AC  0|TAMS 0x00000006caa00000, 0x00000006caa00000|
|  27|0x00000006cab00000, 0x00000006cab00000, 0x00000006cac00000|  0%| F|  |TS  0|AC  0|TAMS 0x00000006cab00000, 0x00000006cab00000|
|  28|0x00000006cac00000, 0x00000006cac00000, 0x00000006cad00000|  0%| F|  |TS  0|AC  0|TAMS 0x00000006cac00000, 0x00000006cac00000|
|  29|0x00000006cad00000, 0x00000006cad00000, 0x00000006cae00000|  0%| F|  |TS  0|AC  0|TAMS 0x00000006cad00000, 0x00000006cad00000|
|  30|0x00000006cae00000, 0x00000006cae00000, 0x00000006caf00000|  0%| F|  |TS  0|AC  0|TAMS 0x00000006cae00000, 0x00000006cae00000|
|  31|0x00000006caf00000, 0x00000006caf00000, 0x00000006cb000000|  0%| F|  |TS  0|AC  0|TAMS 0x00000006caf00000, 0x00000006caf00000|
|  32|0x00000006cb000000, 0x00000006cb000000, 0x00000006cb100000|  0%| F|  |TS  0|AC  0|TAMS 0x00000006cb000000, 0x00000006cb000000|
|  33|0x00000006cb100000, 0x00000006cb100000, 0x00000006cb200000|  0%| F|  |TS  0|AC  0|TAMS 0x00000006cb100000, 0x00000006cb100000|
|  34|0x00000006cb200000, 0x00000006cb200000, 0x00000006cb300000|  0%| F|  |TS  0|AC  0|TAMS 0x00000006cb200000, 0x00000006cb200000|
|  35|0x00000006cb300000, 0x00000006cb300000, 0x00000006cb400000|  0%| F|  |TS  0|AC  0|TAMS 0x00000006cb300000, 0x00000006cb300000|
|  36|0x00000006cb400000, 0x00000006cb400000, 0x00000006cb500000|  0%| F|  |TS  0|AC  0|TAMS 0x00000006cb400000, 0x00000006cb400000|
|  37|0x00000006cb500000, 0x00000006cb500000, 0x00000006cb600000|  0%| F|  |TS  0|AC  0|TAMS 0x00000006cb500000, 0x00000006cb500000|
|  38|0x00000006cb600000, 0x00000006cb600000, 0x00000006cb700000|  0%| F|  |TS  0|AC  0|TAMS 0x00000006cb600000, 0x00000006cb600000|
|  39|0x00000006cb700000, 0x00000006cb700000, 0x00000006cb800000|  0%| F|  |TS  0|AC  0|TAMS 0x00000006cb700000, 0x00000006cb700000|
|  40|0x00000006cb800000, 0x00000006cb800000, 0x00000006cb900000|  0%| F|  |TS  0|AC  0|TAMS 0x00000006cb800000, 0x00000006cb800000|
|  41|0x00000006cb900000, 0x00000006cb900000, 0x00000006cba00000|  0%| F|  |TS  0|AC  0|TAMS 0x00000006cb900000, 0x00000006cb900000|
|  42|0x00000006cba00000, 0x00000006cba00000, 0x00000006cbb00000|  0%| F|  |TS  0|AC  0|TAMS 0x00000006cba00000, 0x00000006cba00000|
|  43|0x00000006cbb00000, 0x00000006cbb00000, 0x00000006cbc00000|  0%| F|  |TS  0|AC  0|TAMS 0x00000006cbb00000, 0x00000006cbb00000|
|  44|0x00000006cbc00000, 0x00000006cbc00000, 0x00000006cbd00000|  0%| F|  |TS  0|AC  0|TAMS 0x00000006cbc00000, 0x00000006cbc00000|
|  45|0x00000006cbd00000, 0x00000006cbd00000, 0x00000006cbe00000|  0%| F|  |TS  0|AC  0|TAMS 0x00000006cbd00000, 0x00000006cbd00000|
|  46|0x00000006cbe00000, 0x00000006cbe00000, 0x00000006cbf00000|  0%| F|  |TS  0|AC  0|TAMS 0x00000006cbe00000, 0x00000006cbe00000|
|  47|0x00000006cbf00000, 0x00000006cbf00000, 0x00000006cc000000|  0%| F|  |TS  0|AC  0|TAMS 0x00000006cbf00000, 0x00000006cbf00000|
|  48|0x00000006cc000000, 0x00000006cc000000, 0x00000006cc100000|  0%| F|  |TS  0|AC  0|TAMS 0x00000006cc000000, 0x00000006cc000000|
|  49|0x00000006cc100000, 0x00000006cc100000, 0x00000006cc200000|  0%| F|  |TS  0|AC  0|TAMS 0x00000006cc100000, 0x00000006cc100000|
|  50|0x00000006cc200000, 0x00000006cc200000, 0x00000006cc300000|  0%| F|  |TS  0|AC  0|TAMS 0x00000006cc200000, 0x00000006cc200000|
|  51|0x00000006cc300000, 0x00000006cc300000, 0x00000006cc400000|  0%| F|  |TS  0|AC  0|TAMS 0x00000006cc300000, 0x00000006cc300000|
|  52|0x00000006cc400000, 0x00000006cc400000, 0x00000006cc500000|  0%| F|  |TS  0|AC  0|TAMS 0x00000006cc400000, 0x00000006cc400000|
|  53|0x00000006cc500000, 0x00000006cc500000, 0x00000006cc600000|  0%| F|  |TS  0|AC  0|TAMS 0x00000006cc500000, 0x00000006cc500000|
|  54|0x00000006cc600000, 0x00000006cc600000, 0x00000006cc700000|  0%| F|  |TS  0|AC  0|TAMS 0x00000006cc600000, 0x00000006cc600000|
|  55|0x00000006cc700000, 0x00000006cc700000, 0x00000006cc800000|  0%| F|  |TS  0|AC  0|TAMS 0x00000006cc700000, 0x00000006cc700000|
|  56|0x00000006cc800000, 0x00000006cc800000, 0x00000006cc900000|  0%| F|  |TS  0|AC  0|TAMS 0x00000006cc800000, 0x00000006cc800000|
|  57|0x00000006cc900000, 0x00000006cc900000, 0x00000006cca00000|  0%| F|  |TS  0|AC  0|TAMS 0x00000006cc900000, 0x00000006cc900000|
|  58|0x00000006cca00000, 0x00000006cca00000, 0x00000006ccb00000|  0%| F|  |TS  0|AC  0|TAMS 0x00000006cca00000, 0x00000006cca00000|
|  59|0x00000006ccb00000, 0x00000006ccb00000, 0x00000006ccc00000|  0%| F|  |TS  0|AC  0|TAMS 0x00000006ccb00000, 0x00000006ccb00000|
|  60|0x00000006ccc00000, 0x00000006ccc00000, 0x00000006ccd00000|  0%| F|  |TS  0|AC  0|TAMS 0x00000006ccc00000, 0x00000006ccc00000|
|  61|0x00000006ccd00000, 0x00000006ccd00000, 0x00000006cce00000|  0%| F|  |TS  0|AC  0|TAMS 0x00000006ccd00000, 0x00000006ccd00000|
|  62|0x00000006cce00000, 0x00000006cce00000, 0x00000006ccf00000|  0%| F|  |TS  0|AC  0|TAMS 0x00000006cce00000, 0x00000006cce00000|
|  63|0x00000006ccf00000, 0x00000006ccf00000, 0x00000006cd000000|  0%| F|  |TS  0|AC  0|TAMS 0x00000006ccf00000, 0x00000006ccf00000|
|  64|0x00000006cd000000, 0x00000006cd000000, 0x00000006cd100000|  0%| F|  |TS  0|AC  0|TAMS 0x00000006cd000000, 0x00000006cd000000|
|  65|0x00000006cd100000, 0x00000006cd100000, 0x00000006cd200000|  0%| F|  |TS  0|AC  0|TAMS 0x00000006cd100000, 0x00000006cd100000|
|  66|0x00000006cd200000, 0x00000006cd200000, 0x00000006cd300000|  0%| F|  |TS  0|AC  0|TAMS 0x00000006cd200000, 0x00000006cd200000|
|  67|0x00000006cd300000, 0x00000006cd300000, 0x00000006cd400000|  0%| F|  |TS  0|AC  0|TAMS 0x00000006cd300000, 0x00000006cd300000|
|  68|0x00000006cd400000, 0x00000006cd400000, 0x00000006cd500000|  0%| F|  |TS  0|AC  0|TAMS 0x00000006cd400000, 0x00000006cd400000|
|  69|0x00000006cd500000, 0x00000006cd500000, 0x00000006cd600000|  0%| F|  |TS  0|AC  0|TAMS 0x00000006cd500000, 0x00000006cd500000|
|  70|0x00000006cd600000, 0x00000006cd600000, 0x00000006cd700000|  0%| F|  |TS  0|AC  0|TAMS 0x00000006cd600000, 0x00000006cd600000|
|  71|0x00000006cd700000, 0x00000006cd700000, 0x00000006cd800000|  0%| F|  |TS  0|AC  0|TAMS 0x00000006cd700000, 0x00000006cd700000|
|  72|0x00000006cd800000, 0x00000006cd800000, 0x00000006cd900000|  0%| F|  |TS  0|AC  0|TAMS 0x00000006cd800000, 0x00000006cd800000|
|  73|0x00000006cd900000, 0x00000006cd900000, 0x00000006cda00000|  0%| F|  |TS  0|AC  0|TAMS 0x00000006cd900000, 0x00000006cd900000|
|  74|0x00000006cda00000, 0x00000006cda00000, 0x00000006cdb00000|  0%| F|  |TS  0|AC  0|TAMS 0x00000006cda00000, 0x00000006cda00000|
|  75|0x00000006cdb00000, 0x00000006cdb00000, 0x00000006cdc00000|  0%| F|  |TS  0|AC  0|TAMS 0x00000006cdb00000, 0x00000006cdb00000|
|  76|0x00000006cdc00000, 0x00000006cdc00000, 0x00000006cdd00000|  0%| F|  |TS  0|AC  0|TAMS 0x00000006cdc00000, 0x00000006cdc00000|
|  77|0x00000006cdd00000, 0x00000006cdd00000, 0x00000006cde00000|  0%| F|  |TS  0|AC  0|TAMS 0x00000006cdd00000, 0x00000006cdd00000|
|  78|0x00000006cde00000, 0x00000006cde00000, 0x00000006cdf00000|  0%| F|  |TS  0|AC  0|TAMS 0x00000006cde00000, 0x00000006cde00000|
|  79|0x00000006cdf00000, 0x00000006cdf00000, 0x00000006ce000000|  0%| F|  |TS  0|AC  0|TAMS 0x00000006cdf00000, 0x00000006cdf00000|
|  80|0x00000006ce000000, 0x00000006ce000000, 0x00000006ce100000|  0%| F|  |TS  0|AC  0|TAMS 0x00000006ce000000, 0x00000006ce000000|
|  81|0x00000006ce100000, 0x00000006ce100000, 0x00000006ce200000|  0%| F|  |TS  0|AC  0|TAMS 0x00000006ce100000, 0x00000006ce100000|
|  82|0x00000006ce200000, 0x00000006ce200000, 0x00000006ce300000|  0%| F|  |TS  0|AC  0|TAMS 0x00000006ce200000, 0x00000006ce200000|
|  83|0x00000006ce300000, 0x00000006ce300000, 0x00000006ce400000|  0%| F|  |TS  0|AC  0|TAMS 0x00000006ce300000, 0x00000006ce300000|
|  84|0x00000006ce400000, 0x00000006ce400000, 0x00000006ce500000|  0%| F|  |TS  0|AC  0|TAMS 0x00000006ce400000, 0x00000006ce400000|
|  85|0x00000006ce500000, 0x00000006ce500000, 0x00000006ce600000|  0%| F|  |TS  0|AC  0|TAMS 0x00000006ce500000, 0x00000006ce500000|
|  86|0x00000006ce600000, 0x00000006ce600000, 0x00000006ce700000|  0%| F|  |TS  0|AC  0|TAMS 0x00000006ce600000, 0x00000006ce600000|
|  87|0x00000006ce700000, 0x00000006ce700000, 0x00000006ce800000|  0%| F|  |TS  0|AC  0|TAMS 0x00000006ce700000, 0x00000006ce700000|
|  88|0x00000006ce800000, 0x00000006ce800000, 0x00000006ce900000|  0%| F|  |TS  0|AC  0|TAMS 0x00000006ce800000, 0x00000006ce800000|
|  89|0x00000006ce900000, 0x00000006ce900000, 0x00000006cea00000|  0%| F|  |TS  0|AC  0|TAMS 0x00000006ce900000, 0x00000006ce900000|
|  90|0x00000006cea00000, 0x00000006cea00000, 0x00000006ceb00000|  0%| F|  |TS  0|AC  0|TAMS 0x00000006cea00000, 0x00000006cea00000|
|  91|0x00000006ceb00000, 0x00000006ceb00000, 0x00000006cec00000|  0%| F|  |TS  0|AC  0|TAMS 0x00000006ceb00000, 0x00000006ceb00000|
|  92|0x00000006cec00000, 0x00000006cec00000, 0x00000006ced00000|  0%| F|  |TS  0|AC  0|TAMS 0x00000006cec00000, 0x00000006cec00000|
|  93|0x00000006ced00000, 0x00000006ced00000, 0x00000006cee00000|  0%| F|  |TS  0|AC  0|TAMS 0x00000006ced00000, 0x00000006ced00000|
|  94|0x00000006cee00000, 0x00000006cee00000, 0x00000006cef00000|  0%| F|  |TS  0|AC  0|TAMS 0x00000006cee00000, 0x00000006cee00000|
|  95|0x00000006cef00000, 0x00000006cef00000, 0x00000006cf000000|  0%| F|  |TS  0|AC  0|TAMS 0x00000006cef00000, 0x00000006cef00000|
|  96|0x00000006cf000000, 0x00000006cf000000, 0x00000006cf100000|  0%| F|  |TS  0|AC  0|TAMS 0x00000006cf000000, 0x00000006cf000000|
|  97|0x00000006cf100000, 0x00000006cf100000, 0x00000006cf200000|  0%| F|  |TS  0|AC  0|TAMS 0x00000006cf100000, 0x00000006cf100000|
|  98|0x00000006cf200000, 0x00000006cf200000, 0x00000006cf300000|  0%| F|  |TS  0|AC  0|TAMS 0x00000006cf200000, 0x00000006cf200000|
|  99|0x00000006cf300000, 0x00000006cf300000, 0x00000006cf400000|  0%| F|  |TS  0|AC  0|TAMS 0x00000006cf300000, 0x00000006cf300000|
| 100|0x00000006cf400000, 0x00000006cf400000, 0x00000006cf500000|  0%| F|  |TS  0|AC  0|TAMS 0x00000006cf400000, 0x00000006cf400000|
| 101|0x00000006cf500000, 0x00000006cf500000, 0x00000006cf600000|  0%| F|  |TS  0|AC  0|TAMS 0x00000006cf500000, 0x00000006cf500000|
| 102|0x00000006cf600000, 0x00000006cf600000, 0x00000006cf700000|  0%| F|  |TS  0|AC  0|TAMS 0x00000006cf600000, 0x00000006cf600000|
| 103|0x00000006cf700000, 0x00000006cf700000, 0x00000006cf800000|  0%| F|  |TS  0|AC  0|TAMS 0x00000006cf700000, 0x00000006cf700000|
| 104|0x00000006cf800000, 0x00000006cf800000, 0x00000006cf900000|  0%| F|  |TS  0|AC  0|TAMS 0x00000006cf800000, 0x00000006cf800000|
| 105|0x00000006cf900000, 0x00000006cf900000, 0x00000006cfa00000|  0%| F|  |TS  0|AC  0|TAMS 0x00000006cf900000, 0x00000006cf900000|
| 106|0x00000006cfa00000, 0x00000006cfa00000, 0x00000006cfb00000|  0%| F|  |TS  0|AC  0|TAMS 0x00000006cfa00000, 0x00000006cfa00000|
| 107|0x00000006cfb00000, 0x00000006cfb00000, 0x00000006cfc00000|  0%| F|  |TS  0|AC  0|TAMS 0x00000006cfb00000, 0x00000006cfb00000|
| 108|0x00000006cfc00000, 0x00000006cfc00000, 0x00000006cfd00000|  0%| F|  |TS  0|AC  0|TAMS 0x00000006cfc00000, 0x00000006cfc00000|
| 109|0x00000006cfd00000, 0x00000006cfd00000, 0x00000006cfe00000|  0%| F|  |TS  0|AC  0|TAMS 0x00000006cfd00000, 0x00000006cfd00000|
| 110|0x00000006cfe00000, 0x00000006cfe00000, 0x00000006cff00000|  0%| F|  |TS  0|AC  0|TAMS 0x00000006cfe00000, 0x00000006cfe00000|
| 111|0x00000006cff00000, 0x00000006cff00000, 0x00000006d0000000|  0%| F|  |TS  0|AC  0|TAMS 0x00000006cff00000, 0x00000006cff00000|
| 112|0x00000006d0000000, 0x00000006d0000000, 0x00000006d0100000|  0%| F|  |TS  0|AC  0|TAMS 0x00000006d0000000, 0x00000006d0000000|
| 113|0x00000006d0100000, 0x00000006d0100000, 0x00000006d0200000|  0%| F|  |TS  0|AC  0|TAMS 0x00000006d0100000, 0x00000006d0100000|
| 114|0x00000006d0200000, 0x00000006d0200000, 0x00000006d0300000|  0%| F|  |TS  0|AC  0|TAMS 0x00000006d0200000, 0x00000006d0200000|
| 115|0x00000006d0300000, 0x00000006d0300000, 0x00000006d0400000|  0%| F|  |TS  0|AC  0|TAMS 0x00000006d0300000, 0x00000006d0300000|
| 116|0x00000006d0400000, 0x00000006d0400000, 0x00000006d0500000|  0%| F|  |TS  0|AC  0|TAMS 0x00000006d0400000, 0x00000006d0400000|
| 117|0x00000006d0500000, 0x00000006d0500000, 0x00000006d0600000|  0%| F|  |TS  0|AC  0|TAMS 0x00000006d0500000, 0x00000006d0500000|
| 118|0x00000006d0600000, 0x00000006d0600000, 0x00000006d0700000|  0%| F|  |TS  0|AC  0|TAMS 0x00000006d0600000, 0x00000006d0600000|
| 119|0x00000006d0700000, 0x00000006d0700000, 0x00000006d0800000|  0%| F|  |TS  0|AC  0|TAMS 0x00000006d0700000, 0x00000006d0700000|
| 120|0x00000006d0800000, 0x00000006d0800000, 0x00000006d0900000|  0%| F|  |TS  0|AC  0|TAMS 0x00000006d0800000, 0x00000006d0800000|
| 121|0x00000006d0900000, 0x00000006d0900000, 0x00000006d0a00000|  0%| F|  |TS  0|AC  0|TAMS 0x00000006d0900000, 0x00000006d0900000|
| 122|0x00000006d0a00000, 0x00000006d0a00000, 0x00000006d0b00000|  0%| F|  |TS  0|AC  0|TAMS 0x00000006d0a00000, 0x00000006d0a00000|
| 123|0x00000006d0b00000, 0x00000006d0b00000, 0x00000006d0c00000|  0%| F|  |TS  0|AC  0|TAMS 0x00000006d0b00000, 0x00000006d0b00000|
| 124|0x00000006d0c00000, 0x00000006d0c00000, 0x00000006d0d00000|  0%| F|  |TS  0|AC  0|TAMS 0x00000006d0c00000, 0x00000006d0c00000|
| 125|0x00000006d0d00000, 0x00000006d0d00000, 0x00000006d0e00000|  0%| F|  |TS  0|AC  0|TAMS 0x00000006d0d00000, 0x00000006d0d00000|
| 126|0x00000006d0e00000, 0x00000006d0e00000, 0x00000006d0f00000|  0%| F|  |TS  0|AC  0|TAMS 0x00000006d0e00000, 0x00000006d0e00000|
| 127|0x00000006d0f00000, 0x00000006d0f00000, 0x00000006d1000000|  0%| F|  |TS  0|AC  0|TAMS 0x00000006d0f00000, 0x00000006d0f00000|
| 128|0x00000006d1000000, 0x00000006d1000000, 0x00000006d1100000|  0%| F|  |TS  0|AC  0|TAMS 0x00000006d1000000, 0x00000006d1000000|
| 129|0x00000006d1100000, 0x00000006d1100000, 0x00000006d1200000|  0%| F|  |TS  0|AC  0|TAMS 0x00000006d1100000, 0x00000006d1100000|
| 130|0x00000006d1200000, 0x00000006d1200000, 0x00000006d1300000|  0%| F|  |TS  0|AC  0|TAMS 0x00000006d1200000, 0x00000006d1200000|
| 131|0x00000006d1300000, 0x00000006d1300000, 0x00000006d1400000|  0%| F|  |TS  0|AC  0|TAMS 0x00000006d1300000, 0x00000006d1300000|
| 132|0x00000006d1400000, 0x00000006d1400000, 0x00000006d1500000|  0%| F|  |TS  0|AC  0|TAMS 0x00000006d1400000, 0x00000006d1400000|
| 133|0x00000006d1500000, 0x00000006d1500000, 0x00000006d1600000|  0%| F|  |TS  0|AC  0|TAMS 0x00000006d1500000, 0x00000006d1500000|
| 134|0x00000006d1600000, 0x00000006d1600000, 0x00000006d1700000|  0%| F|  |TS  0|AC  0|TAMS 0x00000006d1600000, 0x00000006d1600000|
| 135|0x00000006d1700000, 0x00000006d1700000, 0x00000006d1800000|  0%| F|  |TS  0|AC  0|TAMS 0x00000006d1700000, 0x00000006d1700000|
| 136|0x00000006d1800000, 0x00000006d1800000, 0x00000006d1900000|  0%| F|  |TS  0|AC  0|TAMS 0x00000006d1800000, 0x00000006d1800000|
| 137|0x00000006d1900000, 0x00000006d1900000, 0x00000006d1a00000|  0%| F|  |TS  0|AC  0|TAMS 0x00000006d1900000, 0x00000006d1900000|
| 138|0x00000006d1a00000, 0x00000006d1a00000, 0x00000006d1b00000|  0%| F|  |TS  0|AC  0|TAMS 0x00000006d1a00000, 0x00000006d1a00000|
| 139|0x00000006d1b00000, 0x00000006d1b00000, 0x00000006d1c00000|  0%| F|  |TS  0|AC  0|TAMS 0x00000006d1b00000, 0x00000006d1b00000|
| 140|0x00000006d1c00000, 0x00000006d1c00000, 0x00000006d1d00000|  0%| F|  |TS  0|AC  0|TAMS 0x00000006d1c00000, 0x00000006d1c00000|
| 141|0x00000006d1d00000, 0x00000006d1d00000, 0x00000006d1e00000|  0%| F|  |TS  0|AC  0|TAMS 0x00000006d1d00000, 0x00000006d1d00000|
| 142|0x00000006d1e00000, 0x00000006d1e00000, 0x00000006d1f00000|  0%| F|  |TS  0|AC  0|TAMS 0x00000006d1e00000, 0x00000006d1e00000|
| 143|0x00000006d1f00000, 0x00000006d1f00000, 0x00000006d2000000|  0%| F|  |TS  0|AC  0|TAMS 0x00000006d1f00000, 0x00000006d1f00000|
| 144|0x00000006d2000000, 0x00000006d2000000, 0x00000006d2100000|  0%| F|  |TS  0|AC  0|TAMS 0x00000006d2000000, 0x00000006d2000000|
| 145|0x00000006d2100000, 0x00000006d2100000, 0x00000006d2200000|  0%| F|  |TS  0|AC  0|TAMS 0x00000006d2100000, 0x00000006d2100000|
| 146|0x00000006d2200000, 0x00000006d2200000, 0x00000006d2300000|  0%| F|  |TS  0|AC  0|TAMS 0x00000006d2200000, 0x00000006d2200000|
| 147|0x00000006d2300000, 0x00000006d2300000, 0x00000006d2400000|  0%| F|  |TS  0|AC  0|TAMS 0x00000006d2300000, 0x00000006d2300000|
| 148|0x00000006d2400000, 0x00000006d2400000, 0x00000006d2500000|  0%| F|  |TS  0|AC  0|TAMS 0x00000006d2400000, 0x00000006d2400000|
| 149|0x00000006d2500000, 0x00000006d2500000, 0x00000006d2600000|  0%| F|  |TS  0|AC  0|TAMS 0x00000006d2500000, 0x00000006d2500000|
| 150|0x00000006d2600000, 0x00000006d2600000, 0x00000006d2700000|  0%| F|  |TS  0|AC  0|TAMS 0x00000006d2600000, 0x00000006d2600000|
| 151|0x00000006d2700000, 0x00000006d2700000, 0x00000006d2800000|  0%| F|  |TS  0|AC  0|TAMS 0x00000006d2700000, 0x00000006d2700000|
| 152|0x00000006d2800000, 0x00000006d2800000, 0x00000006d2900000|  0%| F|  |TS  0|AC  0|TAMS 0x00000006d2800000, 0x00000006d2800000|
| 153|0x00000006d2900000, 0x00000006d2900000, 0x00000006d2a00000|  0%| F|  |TS  0|AC  0|TAMS 0x00000006d2900000, 0x00000006d2900000|
| 154|0x00000006d2a00000, 0x00000006d2a00000, 0x00000006d2b00000|  0%| F|  |TS  0|AC  0|TAMS 0x00000006d2a00000, 0x00000006d2a00000|
| 155|0x00000006d2b00000, 0x00000006d2b00000, 0x00000006d2c00000|  0%| F|  |TS  0|AC  0|TAMS 0x00000006d2b00000, 0x00000006d2b00000|
| 156|0x00000006d2c00000, 0x00000006d2c00000, 0x00000006d2d00000|  0%| F|  |TS  0|AC  0|TAMS 0x00000006d2c00000, 0x00000006d2c00000|
| 157|0x00000006d2d00000, 0x00000006d2d00000, 0x00000006d2e00000|  0%| F|  |TS  0|AC  0|TAMS 0x00000006d2d00000, 0x00000006d2d00000|
| 158|0x00000006d2e00000, 0x00000006d2e00000, 0x00000006d2f00000|  0%| F|  |TS  0|AC  0|TAMS 0x00000006d2e00000, 0x00000006d2e00000|
| 159|0x00000006d2f00000, 0x00000006d2f00000, 0x00000006d3000000|  0%| F|  |TS  0|AC  0|TAMS 0x00000006d2f00000, 0x00000006d2f00000|
| 160|0x00000006d3000000, 0x00000006d3000000, 0x00000006d3100000|  0%| F|  |TS  0|AC  0|TAMS 0x00000006d3000000, 0x00000006d3000000|
| 161|0x00000006d3100000, 0x00000006d3100000, 0x00000006d3200000|  0%| F|  |TS  0|AC  0|TAMS 0x00000006d3100000, 0x00000006d3100000|
| 162|0x00000006d3200000, 0x00000006d3200000, 0x00000006d3300000|  0%| F|  |TS  0|AC  0|TAMS 0x00000006d3200000, 0x00000006d3200000|
| 163|0x00000006d3300000, 0x00000006d3300000, 0x00000006d3400000|  0%| F|  |TS  0|AC  0|TAMS 0x00000006d3300000, 0x00000006d3300000|
| 164|0x00000006d3400000, 0x00000006d3400000, 0x00000006d3500000|  0%| F|  |TS  0|AC  0|TAMS 0x00000006d3400000, 0x00000006d3400000|
| 165|0x00000006d3500000, 0x00000006d3500000, 0x00000006d3600000|  0%| F|  |TS  0|AC  0|TAMS 0x00000006d3500000, 0x00000006d3500000|
| 166|0x00000006d3600000, 0x00000006d3600000, 0x00000006d3700000|  0%| F|  |TS  0|AC  0|TAMS 0x00000006d3600000, 0x00000006d3600000|
| 167|0x00000006d3700000, 0x00000006d3700000, 0x00000006d3800000|  0%| F|  |TS  0|AC  0|TAMS 0x00000006d3700000, 0x00000006d3700000|
| 168|0x00000006d3800000, 0x00000006d3800000, 0x00000006d3900000|  0%| F|  |TS  0|AC  0|TAMS 0x00000006d3800000, 0x00000006d3800000|
| 169|0x00000006d3900000, 0x00000006d3900000, 0x00000006d3a00000|  0%| F|  |TS  0|AC  0|TAMS 0x00000006d3900000, 0x00000006d3900000|
| 170|0x00000006d3a00000, 0x00000006d3a00000, 0x00000006d3b00000|  0%| F|  |TS  0|AC  0|TAMS 0x00000006d3a00000, 0x00000006d3a00000|
| 171|0x00000006d3b00000, 0x00000006d3b00000, 0x00000006d3c00000|  0%| F|  |TS  0|AC  0|TAMS 0x00000006d3b00000, 0x00000006d3b00000|
| 172|0x00000006d3c00000, 0x00000006d3c00000, 0x00000006d3d00000|  0%| F|  |TS  0|AC  0|TAMS 0x00000006d3c00000, 0x00000006d3c00000|
| 173|0x00000006d3d00000, 0x00000006d3d00000, 0x00000006d3e00000|  0%| F|  |TS  0|AC  0|TAMS 0x00000006d3d00000, 0x00000006d3d00000|
| 174|0x00000006d3e00000, 0x00000006d3e00000, 0x00000006d3f00000|  0%| F|  |TS  0|AC  0|TAMS 0x00000006d3e00000, 0x00000006d3e00000|
| 175|0x00000006d3f00000, 0x00000006d3f00000, 0x00000006d4000000|  0%| F|  |TS  0|AC  0|TAMS 0x00000006d3f00000, 0x00000006d3f00000|
| 176|0x00000006d4000000, 0x00000006d4000000, 0x00000006d4100000|  0%| F|  |TS  0|AC  0|TAMS 0x00000006d4000000, 0x00000006d4000000|
| 177|0x00000006d4100000, 0x00000006d4100000, 0x00000006d4200000|  0%| F|  |TS  0|AC  0|TAMS 0x00000006d4100000, 0x00000006d4100000|
| 178|0x00000006d4200000, 0x00000006d4200000, 0x00000006d4300000|  0%| F|  |TS  0|AC  0|TAMS 0x00000006d4200000, 0x00000006d4200000|
| 179|0x00000006d4300000, 0x00000006d4300000, 0x00000006d4400000|  0%| F|  |TS  0|AC  0|TAMS 0x00000006d4300000, 0x00000006d4300000|
| 180|0x00000006d4400000, 0x00000006d4400000, 0x00000006d4500000|  0%| F|  |TS  0|AC  0|TAMS 0x00000006d4400000, 0x00000006d4400000|
| 181|0x00000006d4500000, 0x00000006d4500000, 0x00000006d4600000|  0%| F|  |TS  0|AC  0|TAMS 0x00000006d4500000, 0x00000006d4500000|
| 182|0x00000006d4600000, 0x00000006d4600000, 0x00000006d4700000|  0%| F|  |TS  0|AC  0|TAMS 0x00000006d4600000, 0x00000006d4600000|
| 183|0x00000006d4700000, 0x00000006d4700000, 0x00000006d4800000|  0%| F|  |TS  0|AC  0|TAMS 0x00000006d4700000, 0x00000006d4700000|
| 184|0x00000006d4800000, 0x00000006d4800000, 0x00000006d4900000|  0%| F|  |TS  0|AC  0|TAMS 0x00000006d4800000, 0x00000006d4800000|
| 185|0x00000006d4900000, 0x00000006d4900000, 0x00000006d4a00000|  0%| F|  |TS  0|AC  0|TAMS 0x00000006d4900000, 0x00000006d4900000|
| 186|0x00000006d4a00000, 0x00000006d4a00000, 0x00000006d4b00000|  0%| F|  |TS  0|AC  0|TAMS 0x00000006d4a00000, 0x00000006d4a00000|
| 187|0x00000006d4b00000, 0x00000006d4b00000, 0x00000006d4c00000|  0%| F|  |TS  0|AC  0|TAMS 0x00000006d4b00000, 0x00000006d4b00000|
| 188|0x00000006d4c00000, 0x00000006d4c00000, 0x00000006d4d00000|  0%| F|  |TS  0|AC  0|TAMS 0x00000006d4c00000, 0x00000006d4c00000|
| 189|0x00000006d4d00000, 0x00000006d4d00000, 0x00000006d4e00000|  0%| F|  |TS  0|AC  0|TAMS 0x00000006d4d00000, 0x00000006d4d00000|
| 190|0x00000006d4e00000, 0x00000006d4e00000, 0x00000006d4f00000|  0%| F|  |TS  0|AC  0|TAMS 0x00000006d4e00000, 0x00000006d4e00000|
| 191|0x00000006d4f00000, 0x00000006d4f00000, 0x00000006d5000000|  0%| F|  |TS  0|AC  0|TAMS 0x00000006d4f00000, 0x00000006d4f00000|
| 192|0x00000006d5000000, 0x00000006d5000000, 0x00000006d5100000|  0%| F|  |TS  0|AC  0|TAMS 0x00000006d5000000, 0x00000006d5000000|
| 193|0x00000006d5100000, 0x00000006d5100000, 0x00000006d5200000|  0%| F|  |TS  0|AC  0|TAMS 0x00000006d5100000, 0x00000006d5100000|
| 194|0x00000006d5200000, 0x00000006d5200000, 0x00000006d5300000|  0%| F|  |TS  0|AC  0|TAMS 0x00000006d5200000, 0x00000006d5200000|
| 195|0x00000006d5300000, 0x00000006d5300000, 0x00000006d5400000|  0%| F|  |TS  0|AC  0|TAMS 0x00000006d5300000, 0x00000006d5300000|
| 196|0x00000006d5400000, 0x00000006d5400000, 0x00000006d5500000|  0%| F|  |TS  0|AC  0|TAMS 0x00000006d5400000, 0x00000006d5400000|
| 197|0x00000006d5500000, 0x00000006d5500000, 0x00000006d5600000|  0%| F|  |TS  0|AC  0|TAMS 0x00000006d5500000, 0x00000006d5500000|
| 198|0x00000006d5600000, 0x00000006d5600000, 0x00000006d5700000|  0%| F|  |TS  0|AC  0|TAMS 0x00000006d5600000, 0x00000006d5600000|
| 199|0x00000006d5700000, 0x00000006d5700000, 0x00000006d5800000|  0%| F|  |TS  0|AC  0|TAMS 0x00000006d5700000, 0x00000006d5700000|
| 200|0x00000006d5800000, 0x00000006d5800000, 0x00000006d5900000|  0%| F|  |TS  0|AC  0|TAMS 0x00000006d5800000, 0x00000006d5800000|
| 201|0x00000006d5900000, 0x00000006d5900000, 0x00000006d5a00000|  0%| F|  |TS  0|AC  0|TAMS 0x00000006d5900000, 0x00000006d5900000|
| 202|0x00000006d5a00000, 0x00000006d5a00000, 0x00000006d5b00000|  0%| F|  |TS  0|AC  0|TAMS 0x00000006d5a00000, 0x00000006d5a00000|
| 203|0x00000006d5b00000, 0x00000006d5b00000, 0x00000006d5c00000|  0%| F|  |TS  0|AC  0|TAMS 0x00000006d5b00000, 0x00000006d5b00000|
| 204|0x00000006d5c00000, 0x00000006d5c00000, 0x00000006d5d00000|  0%| F|  |TS  0|AC  0|TAMS 0x00000006d5c00000, 0x00000006d5c00000|
| 205|0x00000006d5d00000, 0x00000006d5d00000, 0x00000006d5e00000|  0%| F|  |TS  0|AC  0|TAMS 0x00000006d5d00000, 0x00000006d5d00000|
| 206|0x00000006d5e00000, 0x00000006d5e00000, 0x00000006d5f00000|  0%| F|  |TS  0|AC  0|TAMS 0x00000006d5e00000, 0x00000006d5e00000|
| 207|0x00000006d5f00000, 0x00000006d5f00000, 0x00000006d6000000|  0%| F|  |TS  0|AC  0|TAMS 0x00000006d5f00000, 0x00000006d5f00000|
| 208|0x00000006d6000000, 0x00000006d6000000, 0x00000006d6100000|  0%| F|  |TS  0|AC  0|TAMS 0x00000006d6000000, 0x00000006d6000000|
| 209|0x00000006d6100000, 0x00000006d6100000, 0x00000006d6200000|  0%| F|  |TS  0|AC  0|TAMS 0x00000006d6100000, 0x00000006d6100000|
| 210|0x00000006d6200000, 0x00000006d6200000, 0x00000006d6300000|  0%| F|  |TS  0|AC  0|TAMS 0x00000006d6200000, 0x00000006d6200000|
| 211|0x00000006d6300000, 0x00000006d6300000, 0x00000006d6400000|  0%| F|  |TS  0|AC  0|TAMS 0x00000006d6300000, 0x00000006d6300000|
| 212|0x00000006d6400000, 0x00000006d6400000, 0x00000006d6500000|  0%| F|  |TS  0|AC  0|TAMS 0x00000006d6400000, 0x00000006d6400000|
| 213|0x00000006d6500000, 0x00000006d6500000, 0x00000006d6600000|  0%| F|  |TS  0|AC  0|TAMS 0x00000006d6500000, 0x00000006d6500000|
| 214|0x00000006d6600000, 0x00000006d6600000, 0x00000006d6700000|  0%| F|  |TS  0|AC  0|TAMS 0x00000006d6600000, 0x00000006d6600000|
| 215|0x00000006d6700000, 0x00000006d6700000, 0x00000006d6800000|  0%| F|  |TS  0|AC  0|TAMS 0x00000006d6700000, 0x00000006d6700000|
| 216|0x00000006d6800000, 0x00000006d6800000, 0x00000006d6900000|  0%| F|  |TS  0|AC  0|TAMS 0x00000006d6800000, 0x00000006d6800000|
| 217|0x00000006d6900000, 0x00000006d6900000, 0x00000006d6a00000|  0%| F|  |TS  0|AC  0|TAMS 0x00000006d6900000, 0x00000006d6900000|
| 218|0x00000006d6a00000, 0x00000006d6a00000, 0x00000006d6b00000|  0%| F|  |TS  0|AC  0|TAMS 0x00000006d6a00000, 0x00000006d6a00000|
| 219|0x00000006d6b00000, 0x00000006d6b00000, 0x00000006d6c00000|  0%| F|  |TS  0|AC  0|TAMS 0x00000006d6b00000, 0x00000006d6b00000|
| 220|0x00000006d6c00000, 0x00000006d6c00000, 0x00000006d6d00000|  0%| F|  |TS  0|AC  0|TAMS 0x00000006d6c00000, 0x00000006d6c00000|
| 221|0x00000006d6d00000, 0x00000006d6d00000, 0x00000006d6e00000|  0%| F|  |TS  0|AC  0|TAMS 0x00000006d6d00000, 0x00000006d6d00000|
| 222|0x00000006d6e00000, 0x00000006d6e00000, 0x00000006d6f00000|  0%| F|  |TS  0|AC  0|TAMS 0x00000006d6e00000, 0x00000006d6e00000|
| 223|0x00000006d6f00000, 0x00000006d6f00000, 0x00000006d7000000|  0%| F|  |TS  0|AC  0|TAMS 0x00000006d6f00000, 0x00000006d6f00000|
| 224|0x00000006d7000000, 0x00000006d7000000, 0x00000006d7100000|  0%| F|  |TS  0|AC  0|TAMS 0x00000006d7000000, 0x00000006d7000000|
| 225|0x00000006d7100000, 0x00000006d7100000, 0x00000006d7200000|  0%| F|  |TS  0|AC  0|TAMS 0x00000006d7100000, 0x00000006d7100000|
| 226|0x00000006d7200000, 0x00000006d7200000, 0x00000006d7300000|  0%| F|  |TS  0|AC  0|TAMS 0x00000006d7200000, 0x00000006d7200000|
| 227|0x00000006d7300000, 0x00000006d7300000, 0x00000006d7400000|  0%| F|  |TS  0|AC  0|TAMS 0x00000006d7300000, 0x00000006d7300000|
| 228|0x00000006d7400000, 0x00000006d7400000, 0x00000006d7500000|  0%| F|  |TS  0|AC  0|TAMS 0x00000006d7400000, 0x00000006d7400000|
| 229|0x00000006d7500000, 0x00000006d7500000, 0x00000006d7600000|  0%| F|  |TS  0|AC  0|TAMS 0x00000006d7500000, 0x00000006d7500000|
| 230|0x00000006d7600000, 0x00000006d7600000, 0x00000006d7700000|  0%| F|  |TS  0|AC  0|TAMS 0x00000006d7600000, 0x00000006d7600000|
| 231|0x00000006d7700000, 0x00000006d7700000, 0x00000006d7800000|  0%| F|  |TS  0|AC  0|TAMS 0x00000006d7700000, 0x00000006d7700000|
| 232|0x00000006d7800000, 0x00000006d7800000, 0x00000006d7900000|  0%| F|  |TS  0|AC  0|TAMS 0x00000006d7800000, 0x00000006d7800000|
| 233|0x00000006d7900000, 0x00000006d7900000, 0x00000006d7a00000|  0%| F|  |TS  0|AC  0|TAMS 0x00000006d7900000, 0x00000006d7900000|
| 234|0x00000006d7a00000, 0x00000006d7a00000, 0x00000006d7b00000|  0%| F|  |TS  0|AC  0|TAMS 0x00000006d7a00000, 0x00000006d7a00000|
| 235|0x00000006d7b00000, 0x00000006d7b00000, 0x00000006d7c00000|  0%| F|  |TS  0|AC  0|TAMS 0x00000006d7b00000, 0x00000006d7b00000|
| 236|0x00000006d7c00000, 0x00000006d7c00000, 0x00000006d7d00000|  0%| F|  |TS  0|AC  0|TAMS 0x00000006d7c00000, 0x00000006d7c00000|
| 237|0x00000006d7d00000, 0x00000006d7d00000, 0x00000006d7e00000|  0%| F|  |TS  0|AC  0|TAMS 0x00000006d7d00000, 0x00000006d7d00000|
| 238|0x00000006d7e00000, 0x00000006d7e00000, 0x00000006d7f00000|  0%| F|  |TS  0|AC  0|TAMS 0x00000006d7e00000, 0x00000006d7e00000|
| 239|0x00000006d7f00000, 0x00000006d7f00000, 0x00000006d8000000|  0%| F|  |TS  0|AC  0|TAMS 0x00000006d7f00000, 0x00000006d7f00000|
| 240|0x00000006d8000000, 0x00000006d8000000, 0x00000006d8100000|  0%| F|  |TS  0|AC  0|TAMS 0x00000006d8000000, 0x00000006d8000000|
| 241|0x00000006d8100000, 0x00000006d8100000, 0x00000006d8200000|  0%| F|  |TS  0|AC  0|TAMS 0x00000006d8100000, 0x00000006d8100000|
| 242|0x00000006d8200000, 0x00000006d8200000, 0x00000006d8300000|  0%| F|  |TS  0|AC  0|TAMS 0x00000006d8200000, 0x00000006d8200000|
| 243|0x00000006d8300000, 0x00000006d8300000, 0x00000006d8400000|  0%| F|  |TS  0|AC  0|TAMS 0x00000006d8300000, 0x00000006d8300000|
| 244|0x00000006d8400000, 0x00000006d8400000, 0x00000006d8500000|  0%| F|  |TS  0|AC  0|TAMS 0x00000006d8400000, 0x00000006d8400000|
| 245|0x00000006d8500000, 0x00000006d85f70a8, 0x00000006d8600000| 96%| E|  |TS  0|AC  0|TAMS 0x00000006d8500000, 0x00000006d8500000|
| 246|0x00000006d8600000, 0x00000006d8700000, 0x00000006d8700000|100%| E|CS|TS  0|AC  0|TAMS 0x00000006d8600000, 0x00000006d8600000|
| 247|0x00000006d8700000, 0x00000006d8800000, 0x00000006d8800000|100%| E|CS|TS  0|AC  0|TAMS 0x00000006d8700000, 0x00000006d8700000|

Card table byte_map: [0x00007f50dd06c000,0x00007f50dd824000] byte_map_base: 0x00007f50d9a24000

Marking Bits (Prev, Next): (CMBitMap*) 0x00007f50f8086d30, (CMBitMap*) 0x00007f50f8086d68
 Prev Bits: [0x00007f50bc240000, 0x00007f50c0000000)
 Next Bits: [0x00007f50b4240000, 0x00007f50b8000000)

Polling page: 0x00007f5100377000

CodeHeap 'non-profiled nmethods': size=120032Kb used=55Kb max_used=55Kb free=119976Kb
 bounds [0x00007f50e6ba7000, 0x00007f50e6e17000, 0x00007f50ee0df000]
CodeHeap 'profiled nmethods': size=120028Kb used=230Kb max_used=230Kb free=119797Kb
 bounds [0x00007f50df670000, 0x00007f50df8e0000, 0x00007f50e6ba7000]
CodeHeap 'non-nmethods': size=5700Kb used=1070Kb max_used=1080Kb free=4630Kb
 bounds [0x00007f50df0df000, 0x00007f50df34f000, 0x00007f50df670000]
 total_blobs=527 nmethods=175 adapters=201
 compilation: enabled

Compilation events (10 events):
Event: 0.219 Thread 0x00007f50f8225800 nmethod 171 0x00007f50df6a8190 code [0x00007f50df6a8340, 0x00007f50df6a84e8]
Event: 0.219 Thread 0x00007f50f8225800  172       3       java.lang.AbstractStringBuilder::append (45 bytes)
Event: 0.220 Thread 0x00007f50f8225800 nmethod 172 0x00007f50df6a8590 code [0x00007f50df6a87c0, 0x00007f50df6a8d38]
Event: 0.220 Thread 0x00007f50f8225800  174       3       java.lang.String::getBytes (44 bytes)
Event: 0.220 Thread 0x00007f50f821f800 nmethod 168 0x00007f50e6bb4610 code [0x00007f50e6bb47a0, 0x00007f50e6bb48f8]
Event: 0.220 Thread 0x00007f50f8225800 nmethod 174 0x00007f50df6a8f90 code [0x00007f50df6a9180, 0x00007f50df6a9558]
Event: 0.220 Thread 0x00007f50f8225800  175       3       java.util.zip.ZipFile$Source::getEntryHash (7 bytes)
Event: 0.220 Thread 0x00007f50f8225800 nmethod 175 0x00007f50df6a9710 code [0x00007f50df6a98c0, 0x00007f50df6a9a30]
Event: 0.220 Thread 0x00007f50f8225800  176       1       java.util.zip.Inflater$InflaterZStreamRef::address (5 bytes)
Event: 0.220 Thread 0x00007f50f8225800 nmethod 176 0x00007f50e6bb4a90 code [0x00007f50e6bb4c40, 0x00007f50e6bb4d50]

GC Heap History (0 events):
No events

Deoptimization events (1 events):
Event: 0.167 Thread 0x00007f50f8015800 Uncommon trap: reason=unstable_if action=reinterpret pc=0x00007f50e6bab094 method=java.lang.String.hashCode()I @ 14 c2

Classes redefined (10 events):
Event: 236.870 Thread 0x00007f50f8201000 redefined class name=LeetCode.Medium.Medium33SearchInRotatedArray, count=4
Event: 248.002 Thread 0x00007f50f8201000 redefined class name=LeetCode.Medium.Medium33SearchInRotatedArray, count=5
Event: 260.011 Thread 0x00007f50f8201000 redefined class name=LeetCode.Medium.Medium33SearchInRotatedArray, count=6
Event: 266.083 Thread 0x00007f50f8201000 redefined class name=LeetCode.Medium.Medium33SearchInRotatedArray, count=7
Event: 311.265 Thread 0x00007f50f8201000 redefined class name=LeetCode.Medium.Medium33SearchInRotatedArray, count=8
Event: 317.536 Thread 0x00007f50f8201000 redefined class name=LeetCode.Medium.Medium33SearchInRotatedArray, count=9
Event: 323.687 Thread 0x00007f50f8201000 redefined class name=LeetCode.Medium.Medium33SearchInRotatedArray, count=10
Event: 329.936 Thread 0x00007f50f8201000 redefined class name=LeetCode.Medium.Medium33SearchInRotatedArray, count=11
Event: 396.076 Thread 0x00007f50f8201000 redefined class name=LeetCode.Medium.Medium33SearchInRotatedArray, count=12
Event: 404.514 Thread 0x00007f50f8201000 redefined class name=LeetCode.Medium.Medium33SearchInRotatedArray, count=13

Internal exceptions (0 events):
No events

Events (10 events):
Event: 404.530 Executing VM operation: GetFrameCount done
Event: 404.530 Executing VM operation: GetFrameLocation
Event: 404.530 Executing VM operation: GetFrameLocation done
Event: 404.530 Executing VM operation: GetFrameCount
Event: 404.530 Executing VM operation: GetFrameCount done
Event: 404.530 Executing VM operation: GetFrameLocation
Event: 404.530 Executing VM operation: GetFrameLocation done
Event: 404.530 Executing VM operation: GetFrameLocation
Event: 404.530 Executing VM operation: GetFrameLocation done
Event: 404.535 Executing VM operation: GetOrSetLocal


Dynamic libraries:
6c9000000-6d8800000 rw-p 00000000 00:00 0 
6d8800000-7c0000000 ---p 00000000 00:00 0 
7c0000000-7c0080000 rw-p 00000000 00:00 0 
7c0080000-800000000 ---p 00000000 00:00 0 
563ca8e9c000-563ca8e9d000 r-xp 00000000 103:05 4601210                   /usr/lib/jvm/java-11-openjdk-amd64/bin/java
563ca909d000-563ca909e000 r--p 00001000 103:05 4601210                   /usr/lib/jvm/java-11-openjdk-amd64/bin/java
563ca909e000-563ca909f000 rw-p 00002000 103:05 4601210                   /usr/lib/jvm/java-11-openjdk-amd64/bin/java
563caac40000-563caac61000 rw-p 00000000 00:00 0                          [heap]
7f5040000000-7f5040021000 rw-p 00000000 00:00 0 
7f5040021000-7f5044000000 ---p 00000000 00:00 0 
7f5044000000-7f5044021000 rw-p 00000000 00:00 0 
7f5044021000-7f5048000000 ---p 00000000 00:00 0 
7f5048000000-7f5048021000 rw-p 00000000 00:00 0 
7f5048021000-7f504c000000 ---p 00000000 00:00 0 
7f504f8d2000-7f504f8d3000 ---p 00000000 00:00 0 
7f504f8d3000-7f504f9d4000 rw-p 00000000 00:00 0 
7f504f9d4000-7f504f9d8000 ---p 00000000 00:00 0 
7f504f9d8000-7f504fad5000 rw-p 00000000 00:00 0 
7f504fad5000-7f504faec000 r-xp 00000000 103:05 4601375                   /usr/lib/jvm/java-11-openjdk-amd64/lib/libnet.so
7f504faec000-7f504fceb000 ---p 00017000 103:05 4601375                   /usr/lib/jvm/java-11-openjdk-amd64/lib/libnet.so
7f504fceb000-7f504fcec000 r--p 00016000 103:05 4601375                   /usr/lib/jvm/java-11-openjdk-amd64/lib/libnet.so
7f504fcec000-7f504fced000 rw-p 00017000 103:05 4601375                   /usr/lib/jvm/java-11-openjdk-amd64/lib/libnet.so
7f504fced000-7f504fcfe000 r-xp 00000000 103:05 4601376                   /usr/lib/jvm/java-11-openjdk-amd64/lib/libnio.so
7f504fcfe000-7f504fefd000 ---p 00011000 103:05 4601376                   /usr/lib/jvm/java-11-openjdk-amd64/lib/libnio.so
7f504fefd000-7f504fefe000 r--p 00010000 103:05 4601376                   /usr/lib/jvm/java-11-openjdk-amd64/lib/libnio.so
7f504fefe000-7f504feff000 rw-p 00011000 103:05 4601376                   /usr/lib/jvm/java-11-openjdk-amd64/lib/libnio.so
7f504feff000-7f504ff03000 ---p 00000000 00:00 0 
7f504ff03000-7f5050000000 rw-p 00000000 00:00 0 
7f5050000000-7f5050021000 rw-p 00000000 00:00 0 
7f5050021000-7f5054000000 ---p 00000000 00:00 0 
7f5054000000-7f5054021000 rw-p 00000000 00:00 0 
7f5054021000-7f5058000000 ---p 00000000 00:00 0 
7f5058000000-7f5058021000 rw-p 00000000 00:00 0 
7f5058021000-7f505c000000 ---p 00000000 00:00 0 
7f505c000000-7f505c021000 rw-p 00000000 00:00 0 
7f505c021000-7f5060000000 ---p 00000000 00:00 0 
7f5060000000-7f50600ab000 rw-p 00000000 00:00 0 
7f50600ab000-7f5064000000 ---p 00000000 00:00 0 
7f5064000000-7f5064088000 rw-p 00000000 00:00 0 
7f5064088000-7f5068000000 ---p 00000000 00:00 0 
7f5068000000-7f50680f8000 rw-p 00000000 00:00 0 
7f50680f8000-7f506c000000 ---p 00000000 00:00 0 
7f506c000000-7f506c094000 rw-p 00000000 00:00 0 
7f506c094000-7f5070000000 ---p 00000000 00:00 0 
7f5070000000-7f5070021000 rw-p 00000000 00:00 0 
7f5070021000-7f5074000000 ---p 00000000 00:00 0 
7f5074000000-7f5074021000 rw-p 00000000 00:00 0 
7f5074021000-7f5078000000 ---p 00000000 00:00 0 
7f5078000000-7f5078021000 rw-p 00000000 00:00 0 
7f5078021000-7f507c000000 ---p 00000000 00:00 0 
7f507c000000-7f507c021000 rw-p 00000000 00:00 0 
7f507c021000-7f5080000000 ---p 00000000 00:00 0 
7f5080000000-7f5080021000 rw-p 00000000 00:00 0 
7f5080021000-7f5084000000 ---p 00000000 00:00 0 
7f5084000000-7f5084021000 rw-p 00000000 00:00 0 
7f5084021000-7f5088000000 ---p 00000000 00:00 0 
7f5088000000-7f5088021000 rw-p 00000000 00:00 0 
7f5088021000-7f508c000000 ---p 00000000 00:00 0 
7f508c000000-7f508c021000 rw-p 00000000 00:00 0 
7f508c021000-7f5090000000 ---p 00000000 00:00 0 
7f5090000000-7f5090021000 rw-p 00000000 00:00 0 
7f5090021000-7f5094000000 ---p 00000000 00:00 0 
7f5094000000-7f5094021000 rw-p 00000000 00:00 0 
7f5094021000-7f5098000000 ---p 00000000 00:00 0 
7f5098000000-7f5098021000 rw-p 00000000 00:00 0 
7f5098021000-7f509c000000 ---p 00000000 00:00 0 
7f509c000000-7f509c021000 rw-p 00000000 00:00 0 
7f509c021000-7f50a0000000 ---p 00000000 00:00 0 
7f50a0000000-7f50a0021000 rw-p 00000000 00:00 0 
7f50a0021000-7f50a4000000 ---p 00000000 00:00 0 
7f50a40db000-7f50a40df000 ---p 00000000 00:00 0 
7f50a40df000-7f50a41dc000 rw-p 00000000 00:00 0 
7f50a41dc000-7f50a41e0000 ---p 00000000 00:00 0 
7f50a41e0000-7f50a42dd000 rw-p 00000000 00:00 0 
7f50a42dd000-7f50a42e1000 ---p 00000000 00:00 0 
7f50a42e1000-7f50a43de000 rw-p 00000000 00:00 0 
7f50a43de000-7f50a43e3000 r-xp 00000000 103:05 4601355                   /usr/lib/jvm/java-11-openjdk-amd64/lib/libdt_socket.so
7f50a43e3000-7f50a45e2000 ---p 00005000 103:05 4601355                   /usr/lib/jvm/java-11-openjdk-amd64/lib/libdt_socket.so
7f50a45e2000-7f50a45e3000 r--p 00004000 103:05 4601355                   /usr/lib/jvm/java-11-openjdk-amd64/lib/libdt_socket.so
7f50a45e3000-7f50a45e4000 rw-p 00005000 103:05 4601355                   /usr/lib/jvm/java-11-openjdk-amd64/lib/libdt_socket.so
7f50a45e4000-7f50a45e8000 ---p 00000000 00:00 0 
7f50a45e8000-7f50a46e5000 rw-p 00000000 00:00 0 
7f50a46e5000-7f50a46e9000 ---p 00000000 00:00 0 
7f50a46e9000-7f50a47e6000 rw-p 00000000 00:00 0 
7f50a47e6000-7f50a47ea000 ---p 00000000 00:00 0 
7f50a47ea000-7f50a48e7000 rw-p 00000000 00:00 0 
7f50a48e7000-7f50a48eb000 ---p 00000000 00:00 0 
7f50a48eb000-7f50a49e8000 rw-p 00000000 00:00 0 
7f50a49e8000-7f50a49ec000 ---p 00000000 00:00 0 
7f50a49ec000-7f50a4ae9000 rw-p 00000000 00:00 0 
7f50a4ae9000-7f50a4aed000 ---p 00000000 00:00 0 
7f50a4aed000-7f50a4bea000 rw-p 00000000 00:00 0 
7f50a4bea000-7f50a4bee000 ---p 00000000 00:00 0 
7f50a4bee000-7f50a4ceb000 rw-p 00000000 00:00 0 
7f50a4ceb000-7f50a4cef000 ---p 00000000 00:00 0 
7f50a4cef000-7f50a4dec000 rw-p 00000000 00:00 0 
7f50a4dec000-7f50a4ded000 ---p 00000000 00:00 0 
7f50a4ded000-7f50a53ae000 rw-p 00000000 00:00 0 
7f50a53ae000-7f50a56ee000 ---p 00000000 00:00 0 
7f50a56ee000-7f50a56ef000 ---p 00000000 00:00 0 
7f50a56ef000-7f50a57f0000 rw-p 00000000 00:00 0 
7f50a57f0000-7f50a57f1000 ---p 00000000 00:00 0 
7f50a57f1000-7f50a58f2000 rw-p 00000000 00:00 0 
7f50a58f2000-7f50a58f3000 ---p 00000000 00:00 0 
7f50a58f3000-7f50a59f4000 rw-p 00000000 00:00 0 
7f50a59f4000-7f50a59f5000 ---p 00000000 00:00 0 
7f50a59f5000-7f50a5af6000 rw-p 00000000 00:00 0 
7f50a5af6000-7f50a5af7000 ---p 00000000 00:00 0 
7f50a5af7000-7f50a5bf8000 rw-p 00000000 00:00 0 
7f50a5bf8000-7f50a5bf9000 ---p 00000000 00:00 0 
7f50a5bf9000-7f50a5cfa000 rw-p 00000000 00:00 0 
7f50a5cfa000-7f50a5cfb000 ---p 00000000 00:00 0 
7f50a5cfb000-7f50a5dfc000 rw-p 00000000 00:00 0 
7f50a5dfc000-7f50a5dfd000 ---p 00000000 00:00 0 
7f50a5dfd000-7f50a5efe000 rw-p 00000000 00:00 0 
7f50a5efe000-7f50a5eff000 ---p 00000000 00:00 0 
7f50a5eff000-7f50a8000000 rw-p 00000000 00:00 0 
7f50a8000000-7f50a8021000 rw-p 00000000 00:00 0 
7f50a8021000-7f50ac000000 ---p 00000000 00:00 0 
7f50ac000000-7f50ac021000 rw-p 00000000 00:00 0 
7f50ac021000-7f50b0000000 ---p 00000000 00:00 0 
7f50b0000000-7f50b0021000 rw-p 00000000 00:00 0 
7f50b0021000-7f50b4000000 ---p 00000000 00:00 0 
7f50b403e000-7f50b4620000 rw-p 00000000 00:00 0 
7f50b4620000-7f50b8000000 ---p 00000000 00:00 0 
7f50b8000000-7f50b8021000 rw-p 00000000 00:00 0 
7f50b8021000-7f50bc000000 ---p 00000000 00:00 0 
7f50bc03e000-7f50bc620000 rw-p 00000000 00:00 0 
7f50bc620000-7f50c0000000 ---p 00000000 00:00 0 
7f50c0000000-7f50c0021000 rw-p 00000000 00:00 0 
7f50c0021000-7f50c4000000 ---p 00000000 00:00 0 
7f50c4000000-7f50c4021000 rw-p 00000000 00:00 0 
7f50c4021000-7f50c8000000 ---p 00000000 00:00 0 
7f50c8000000-7f50c8021000 rw-p 00000000 00:00 0 
7f50c8021000-7f50cc000000 ---p 00000000 00:00 0 
7f50cc000000-7f50cc021000 rw-p 00000000 00:00 0 
7f50cc021000-7f50d0000000 ---p 00000000 00:00 0 
7f50d0000000-7f50d0021000 rw-p 00000000 00:00 0 
7f50d0021000-7f50d4000000 ---p 00000000 00:00 0 
7f50d4000000-7f50d4021000 rw-p 00000000 00:00 0 
7f50d4021000-7f50d8000000 ---p 00000000 00:00 0 
7f50d8000000-7f50d8021000 rw-p 00000000 00:00 0 
7f50d8021000-7f50dc000000 ---p 00000000 00:00 0 
7f50dc03d000-7f50dc4b7000 rw-p 00000000 00:00 0 
7f50dc4b7000-7f50dc4b8000 ---p 00000000 00:00 0 
7f50dc4b8000-7f50dc5b9000 rw-p 00000000 00:00 0 
7f50dc5b9000-7f50dc5ba000 ---p 00000000 00:00 0 
7f50dc5ba000-7f50dc6bb000 rw-p 00000000 00:00 0 
7f50dc6bb000-7f50dc6bc000 ---p 00000000 00:00 0 
7f50dc6bc000-7f50dc930000 rw-p 00000000 00:00 0 
7f50dc930000-7f50dd06c000 ---p 00000000 00:00 0 
7f50dd06c000-7f50dd0e8000 rw-p 00000000 00:00 0 
7f50dd0e8000-7f50dd824000 ---p 00000000 00:00 0 
7f50dd824000-7f50dd8a0000 rw-p 00000000 00:00 0 
7f50dd8a0000-7f50ddfdc000 ---p 00000000 00:00 0 
7f50ddfdc000-7f50de7e4000 rw-p 00000000 00:00 0 
7f50de7e4000-7f50de7e5000 ---p 00000000 00:00 0 
7f50de7e5000-7f50de8e6000 rw-p 00000000 00:00 0 
7f50de8e6000-7f50de8e7000 ---p 00000000 00:00 0 
7f50de8e7000-7f50de9e8000 rw-p 00000000 00:00 0 
7f50de9e8000-7f50de9e9000 ---p 00000000 00:00 0 
7f50de9e9000-7f50deaea000 rw-p 00000000 00:00 0 
7f50deaea000-7f50deaeb000 ---p 00000000 00:00 0 
7f50deaeb000-7f50debec000 rw-p 00000000 00:00 0 
7f50debec000-7f50debed000 ---p 00000000 00:00 0 
7f50debed000-7f50decee000 rw-p 00000000 00:00 0 
7f50decee000-7f50decef000 ---p 00000000 00:00 0 
7f50decef000-7f50dedf0000 rw-p 00000000 00:00 0 
7f50dedf0000-7f50dedf1000 ---p 00000000 00:00 0 
7f50dedf1000-7f50deef2000 rw-p 00000000 00:00 0 
7f50deef2000-7f50deef3000 ---p 00000000 00:00 0 
7f50deef3000-7f50deff9000 rw-p 00000000 00:00 0 
7f50deff9000-7f50df0df000 ---p 00000000 00:00 0 
7f50df0df000-7f50df34f000 rwxp 00000000 00:00 0 
7f50df34f000-7f50df670000 ---p 00000000 00:00 0 
7f50df670000-7f50df8e0000 rwxp 00000000 00:00 0 
7f50df8e0000-7f50e6ba7000 ---p 00000000 00:00 0 
7f50e6ba7000-7f50e6e17000 rwxp 00000000 00:00 0 
7f50e6e17000-7f50ee0df000 ---p 00000000 00:00 0 
7f50ee0df000-7f50f75ba000 r--s 00000000 103:05 4601385                   /usr/lib/jvm/java-11-openjdk-amd64/lib/modules
7f50f75ba000-7f50f75bf000 r-xp 00000000 103:05 4601367                   /usr/lib/jvm/java-11-openjdk-amd64/lib/libjimage.so
7f50f75bf000-7f50f77be000 ---p 00005000 103:05 4601367                   /usr/lib/jvm/java-11-openjdk-amd64/lib/libjimage.so
7f50f77be000-7f50f77bf000 r--p 00004000 103:05 4601367                   /usr/lib/jvm/java-11-openjdk-amd64/lib/libjimage.so
7f50f77bf000-7f50f77c0000 rw-p 00005000 103:05 4601367                   /usr/lib/jvm/java-11-openjdk-amd64/lib/libjimage.so
7f50f77c0000-7f50f77c7000 r-xp 00000000 103:05 4601384                   /usr/lib/jvm/java-11-openjdk-amd64/lib/libzip.so
7f50f77c7000-7f50f79c6000 ---p 00007000 103:05 4601384                   /usr/lib/jvm/java-11-openjdk-amd64/lib/libzip.so
7f50f79c6000-7f50f79c7000 r--p 00006000 103:05 4601384                   /usr/lib/jvm/java-11-openjdk-amd64/lib/libzip.so
7f50f79c7000-7f50f79c8000 rw-p 00007000 103:05 4601384                   /usr/lib/jvm/java-11-openjdk-amd64/lib/libzip.so
7f50f79c8000-7f50f79d3000 r-xp 00000000 103:05 5903298                   /lib/x86_64-linux-gnu/libnss_files-2.27.so
7f50f79d3000-7f50f7bd2000 ---p 0000b000 103:05 5903298                   /lib/x86_64-linux-gnu/libnss_files-2.27.so
7f50f7bd2000-7f50f7bd3000 r--p 0000a000 103:05 5903298                   /lib/x86_64-linux-gnu/libnss_files-2.27.so
7f50f7bd3000-7f50f7bd4000 rw-p 0000b000 103:05 5903298                   /lib/x86_64-linux-gnu/libnss_files-2.27.so
7f50f7bd4000-7f50f7bda000 rw-p 00000000 00:00 0 
7f50f7bda000-7f50f7bf1000 r-xp 00000000 103:05 5903292                   /lib/x86_64-linux-gnu/libnsl-2.27.so
7f50f7bf1000-7f50f7df0000 ---p 00017000 103:05 5903292                   /lib/x86_64-linux-gnu/libnsl-2.27.so
7f50f7df0000-7f50f7df1000 r--p 00016000 103:05 5903292                   /lib/x86_64-linux-gnu/libnsl-2.27.so
7f50f7df1000-7f50f7df2000 rw-p 00017000 103:05 5903292                   /lib/x86_64-linux-gnu/libnsl-2.27.so
7f50f7df2000-7f50f7df4000 rw-p 00000000 00:00 0 
7f50f7df4000-7f50f7dff000 r-xp 00000000 103:05 5903309                   /lib/x86_64-linux-gnu/libnss_nis-2.27.so
7f50f7dff000-7f50f7ffe000 ---p 0000b000 103:05 5903309                   /lib/x86_64-linux-gnu/libnss_nis-2.27.so
7f50f7ffe000-7f50f7fff000 r--p 0000a000 103:05 5903309                   /lib/x86_64-linux-gnu/libnss_nis-2.27.so
7f50f7fff000-7f50f8000000 rw-p 0000b000 103:05 5903309                   /lib/x86_64-linux-gnu/libnss_nis-2.27.so
7f50f8000000-7f50f8389000 rw-p 00000000 00:00 0 
7f50f8389000-7f50fc000000 ---p 00000000 00:00 0 
7f50fc014000-7f50fc074000 rw-p 00000000 00:00 0 
7f50fc074000-7f50fc15a000 ---p 00000000 00:00 0 
7f50fc15a000-7f50fc162000 r-xp 00000000 103:05 5903294                   /lib/x86_64-linux-gnu/libnss_compat-2.27.so
7f50fc162000-7f50fc362000 ---p 00008000 103:05 5903294                   /lib/x86_64-linux-gnu/libnss_compat-2.27.so
7f50fc362000-7f50fc363000 r--p 00008000 103:05 5903294                   /lib/x86_64-linux-gnu/libnss_compat-2.27.so
7f50fc363000-7f50fc364000 rw-p 00009000 103:05 5903294                   /lib/x86_64-linux-gnu/libnss_compat-2.27.so
7f50fc364000-7f50fce64000 r--p 00000000 103:05 4594373                   /usr/lib/locale/locale-archive
7f50fce64000-7f50fce6e000 r-xp 00000000 103:05 4601358                   /usr/lib/jvm/java-11-openjdk-amd64/lib/libinstrument.so
7f50fce6e000-7f50fd06d000 ---p 0000a000 103:05 4601358                   /usr/lib/jvm/java-11-openjdk-amd64/lib/libinstrument.so
7f50fd06d000-7f50fd06e000 r--p 00009000 103:05 4601358                   /usr/lib/jvm/java-11-openjdk-amd64/lib/libinstrument.so
7f50fd06e000-7f50fd06f000 rw-p 0000a000 103:05 4601358                   /usr/lib/jvm/java-11-openjdk-amd64/lib/libinstrument.so
7f50fd06f000-7f50fd0ac000 r-xp 00000000 103:05 4601366                   /usr/lib/jvm/java-11-openjdk-amd64/lib/libjdwp.so
7f50fd0ac000-7f50fd2ab000 ---p 0003d000 103:05 4601366                   /usr/lib/jvm/java-11-openjdk-amd64/lib/libjdwp.so
7f50fd2ab000-7f50fd2ac000 r--p 0003c000 103:05 4601366                   /usr/lib/jvm/java-11-openjdk-amd64/lib/libjdwp.so
7f50fd2ac000-7f50fd2ad000 rw-p 0003d000 103:05 4601366                   /usr/lib/jvm/java-11-openjdk-amd64/lib/libjdwp.so
7f50fd2ad000-7f50fd2d9000 r-xp 00000000 103:05 4601363                   /usr/lib/jvm/java-11-openjdk-amd64/lib/libjava.so
7f50fd2d9000-7f50fd4d8000 ---p 0002c000 103:05 4601363                   /usr/lib/jvm/java-11-openjdk-amd64/lib/libjava.so
7f50fd4d8000-7f50fd4d9000 r--p 0002b000 103:05 4601363                   /usr/lib/jvm/java-11-openjdk-amd64/lib/libjava.so
7f50fd4d9000-7f50fd4db000 rw-p 0002c000 103:05 4601363                   /usr/lib/jvm/java-11-openjdk-amd64/lib/libjava.so
7f50fd4db000-7f50fd4e8000 r-xp 00000000 103:05 4601383                   /usr/lib/jvm/java-11-openjdk-amd64/lib/libverify.so
7f50fd4e8000-7f50fd6e7000 ---p 0000d000 103:05 4601383                   /usr/lib/jvm/java-11-openjdk-amd64/lib/libverify.so
7f50fd6e7000-7f50fd6e9000 r--p 0000c000 103:05 4601383                   /usr/lib/jvm/java-11-openjdk-amd64/lib/libverify.so
7f50fd6e9000-7f50fd6ea000 rw-p 0000e000 103:05 4601383                   /usr/lib/jvm/java-11-openjdk-amd64/lib/libverify.so
7f50fd6ea000-7f50fd6f1000 r-xp 00000000 103:05 5903349                   /lib/x86_64-linux-gnu/librt-2.27.so
7f50fd6f1000-7f50fd8f0000 ---p 00007000 103:05 5903349                   /lib/x86_64-linux-gnu/librt-2.27.so
7f50fd8f0000-7f50fd8f1000 r--p 00006000 103:05 5903349                   /lib/x86_64-linux-gnu/librt-2.27.so
7f50fd8f1000-7f50fd8f2000 rw-p 00007000 103:05 5903349                   /lib/x86_64-linux-gnu/librt-2.27.so
7f50fd8f2000-7f50fd909000 r-xp 00000000 103:05 5912687                   /lib/x86_64-linux-gnu/libgcc_s.so.1
7f50fd909000-7f50fdb08000 ---p 00017000 103:05 5912687                   /lib/x86_64-linux-gnu/libgcc_s.so.1
7f50fdb08000-7f50fdb09000 r--p 00016000 103:05 5912687                   /lib/x86_64-linux-gnu/libgcc_s.so.1
7f50fdb09000-7f50fdb0a000 rw-p 00017000 103:05 5912687                   /lib/x86_64-linux-gnu/libgcc_s.so.1
7f50fdb0a000-7f50fdca7000 r-xp 00000000 103:05 5903271                   /lib/x86_64-linux-gnu/libm-2.27.so
7f50fdca7000-7f50fdea6000 ---p 0019d000 103:05 5903271                   /lib/x86_64-linux-gnu/libm-2.27.so
7f50fdea6000-7f50fdea7000 r--p 0019c000 103:05 5903271                   /lib/x86_64-linux-gnu/libm-2.27.so
7f50fdea7000-7f50fdea8000 rw-p 0019d000 103:05 5903271                   /lib/x86_64-linux-gnu/libm-2.27.so
7f50fdea8000-7f50fe021000 r-xp 00000000 103:05 4590215                   /usr/lib/x86_64-linux-gnu/libstdc++.so.6.0.25
7f50fe021000-7f50fe221000 ---p 00179000 103:05 4590215                   /usr/lib/x86_64-linux-gnu/libstdc++.so.6.0.25
7f50fe221000-7f50fe22b000 r--p 00179000 103:05 4590215                   /usr/lib/x86_64-linux-gnu/libstdc++.so.6.0.25
7f50fe22b000-7f50fe22d000 rw-p 00183000 103:05 4590215                   /usr/lib/x86_64-linux-gnu/libstdc++.so.6.0.25
7f50fe22d000-7f50fe231000 rw-p 00000000 00:00 0 
7f50fe231000-7f50ff1ce000 r-xp 00000000 103:05 4601390                   /usr/lib/jvm/java-11-openjdk-amd64/lib/server/libjvm.so
7f50ff1ce000-7f50ff3ce000 ---p 00f9d000 103:05 4601390                   /usr/lib/jvm/java-11-openjdk-amd64/lib/server/libjvm.so
7f50ff3ce000-7f50ff492000 r--p 00f9d000 103:05 4601390                   /usr/lib/jvm/java-11-openjdk-amd64/lib/server/libjvm.so
7f50ff492000-7f50ff4ca000 rw-p 01061000 103:05 4601390                   /usr/lib/jvm/java-11-openjdk-amd64/lib/server/libjvm.so
7f50ff4ca000-7f50ff513000 rw-p 00000000 00:00 0 
7f50ff513000-7f50ff52d000 r-xp 00000000 103:05 5903341                   /lib/x86_64-linux-gnu/libpthread-2.27.so
7f50ff52d000-7f50ff72c000 ---p 0001a000 103:05 5903341                   /lib/x86_64-linux-gnu/libpthread-2.27.so
7f50ff72c000-7f50ff72d000 r--p 00019000 103:05 5903341                   /lib/x86_64-linux-gnu/libpthread-2.27.so
7f50ff72d000-7f50ff72e000 rw-p 0001a000 103:05 5903341                   /lib/x86_64-linux-gnu/libpthread-2.27.so
7f50ff72e000-7f50ff732000 rw-p 00000000 00:00 0 
7f50ff732000-7f50ff735000 r-xp 00000000 103:05 5903231                   /lib/x86_64-linux-gnu/libdl-2.27.so
7f50ff735000-7f50ff934000 ---p 00003000 103:05 5903231                   /lib/x86_64-linux-gnu/libdl-2.27.so
7f50ff934000-7f50ff935000 r--p 00002000 103:05 5903231                   /lib/x86_64-linux-gnu/libdl-2.27.so
7f50ff935000-7f50ff936000 rw-p 00003000 103:05 5903231                   /lib/x86_64-linux-gnu/libdl-2.27.so
7f50ff936000-7f50ff952000 r-xp 00000000 103:05 5903380                   /lib/x86_64-linux-gnu/libz.so.1.2.11
7f50ff952000-7f50ffb51000 ---p 0001c000 103:05 5903380                   /lib/x86_64-linux-gnu/libz.so.1.2.11
7f50ffb51000-7f50ffb52000 r--p 0001b000 103:05 5903380                   /lib/x86_64-linux-gnu/libz.so.1.2.11
7f50ffb52000-7f50ffb53000 rw-p 0001c000 103:05 5903380                   /lib/x86_64-linux-gnu/libz.so.1.2.11
7f50ffb53000-7f50ffd3a000 r-xp 00000000 103:05 5903208                   /lib/x86_64-linux-gnu/libc-2.27.so
7f50ffd3a000-7f50fff3a000 ---p 001e7000 103:05 5903208                   /lib/x86_64-linux-gnu/libc-2.27.so
7f50fff3a000-7f50fff3e000 r--p 001e7000 103:05 5903208                   /lib/x86_64-linux-gnu/libc-2.27.so
7f50fff3e000-7f50fff40000 rw-p 001eb000 103:05 5903208                   /lib/x86_64-linux-gnu/libc-2.27.so
7f50fff40000-7f50fff44000 rw-p 00000000 00:00 0 
7f50fff44000-7f50fff53000 r-xp 00000000 103:05 4601348                   /usr/lib/jvm/java-11-openjdk-amd64/lib/jli/libjli.so
7f50fff53000-7f5100152000 ---p 0000f000 103:05 4601348                   /usr/lib/jvm/java-11-openjdk-amd64/lib/jli/libjli.so
7f5100152000-7f5100153000 r--p 0000e000 103:05 4601348                   /usr/lib/jvm/java-11-openjdk-amd64/lib/jli/libjli.so
7f5100153000-7f5100154000 rw-p 0000f000 103:05 4601348                   /usr/lib/jvm/java-11-openjdk-amd64/lib/jli/libjli.so
7f5100154000-7f510017b000 r-xp 00000000 103:05 5903180                   /lib/x86_64-linux-gnu/ld-2.27.so
7f51001d0000-7f5100259000 rw-p 00000000 00:00 0 
7f5100259000-7f5100260000 ---p 00000000 00:00 0 
7f5100260000-7f5100264000 ---p 00000000 00:00 0 
7f5100264000-7f5100363000 rw-p 00000000 00:00 0 
7f5100365000-7f510036c000 r--s 00000000 103:05 4852159                   /usr/lib/x86_64-linux-gnu/gconv/gconv-modules.cache
7f510036c000-7f510036d000 rw-p 00000000 00:00 0 
7f510036d000-7f510036f000 r--s 00001000 103:05 5780600                   /home/nrvpl006/idea-IU-182.4892.20/lib/rt/debugger-agent-storage.jar
7f510036f000-7f5100377000 rw-s 00000000 103:05 4064380                   /tmp/hsperfdata_nrvpl006/3654
7f5100377000-7f5100378000 ---p 00000000 00:00 0 
7f5100378000-7f5100379000 r--p 00000000 00:00 0 
7f5100379000-7f510037b000 rw-p 00000000 00:00 0 
7f510037b000-7f510037c000 r--p 00027000 103:05 5903180                   /lib/x86_64-linux-gnu/ld-2.27.so
7f510037c000-7f510037d000 rw-p 00028000 103:05 5903180                   /lib/x86_64-linux-gnu/ld-2.27.so
7f510037d000-7f510037e000 rw-p 00000000 00:00 0 
7fffef6e5000-7fffef706000 rw-p 00000000 00:00 0                          [stack]
7fffef7b3000-7fffef7b6000 r--p 00000000 00:00 0                          [vvar]
7fffef7b6000-7fffef7b8000 r-xp 00000000 00:00 0                          [vdso]
ffffffffff600000-ffffffffff601000 r-xp 00000000 00:00 0                  [vsyscall]


VM Arguments:
jvm_args: -agentlib:jdwp=transport=dt_socket,address=127.0.0.1:38115,suspend=y,server=n -javaagent:/home/nrvpl006/idea-IU-182.4892.20/lib/rt/debugger-agent.jar=file:/tmp/capture.props -Dfile.encoding=UTF-8 
java_command: LeetCode.Medium.Medium33SearchInRotatedArray
java_class_path (initial): /home/nrvpl006/Personal/JavaInterviewQuestions/out/production/Interview:/home/nrvpl006/Personal/JavaInterviewQuestions/lib/annotations-16.0.2.jar:/home/nrvpl006/Personal/JavaInterviewQuestions/lib/junit-4.12.jar:/home/nrvpl006/Personal/JavaInterviewQuestions/lib/hamcrest-core-1.3.jar:/home/nrvpl006/idea-IU-182.4892.20/lib/idea_rt.jar
Launcher Type: SUN_STANDARD

Logging:
Log output configuration:
#0: stdout all=warning uptime,level,tags
#1: stderr all=off uptime,level,tags

Environment Variables:
PATH=/usr/local/sbin:/usr/local/bin:/usr/sbin:/usr/bin:/sbin:/bin:/usr/games:/usr/local/games:/snap/bin
USERNAME=nrvpl006
SHELL=/bin/bash
DISPLAY=:0

Signal Handlers:
SIGSEGV: [libjvm.so+0xd28b70], sa_mask[0]=11111111011111111101111111111110, sa_flags=SA_RESTART|SA_SIGINFO
SIGBUS: [libjvm.so+0xd28b70], sa_mask[0]=11111111011111111101111111111110, sa_flags=SA_RESTART|SA_SIGINFO
SIGFPE: [libjvm.so+0xd28b70], sa_mask[0]=11111111011111111101111111111110, sa_flags=SA_RESTART|SA_SIGINFO
SIGPIPE: [libjvm.so+0xb2a1f0], sa_mask[0]=11111111011111111101111111111110, sa_flags=SA_RESTART|SA_SIGINFO
SIGXFSZ: [libjvm.so+0xb2a1f0], sa_mask[0]=11111111011111111101111111111110, sa_flags=SA_RESTART|SA_SIGINFO
SIGILL: [libjvm.so+0xd28b70], sa_mask[0]=11111111011111111101111111111110, sa_flags=SA_RESTART|SA_SIGINFO
SIGUSR2: [libjvm.so+0xb2a030], sa_mask[0]=00100000000000000000000000000000, sa_flags=SA_RESTART|SA_SIGINFO
SIGHUP: [libjvm.so+0xb2a180], sa_mask[0]=11111111011111111101111111111110, sa_flags=SA_RESTART|SA_SIGINFO
SIGINT: [libjvm.so+0xb2a180], sa_mask[0]=11111111011111111101111111111110, sa_flags=SA_RESTART|SA_SIGINFO
SIGTERM: [libjvm.so+0xb2a180], sa_mask[0]=11111111011111111101111111111110, sa_flags=SA_RESTART|SA_SIGINFO
SIGQUIT: [libjvm.so+0xb2a180], sa_mask[0]=11111111011111111101111111111110, sa_flags=SA_RESTART|SA_SIGINFO


---------------  S Y S T E M  ---------------

OS:DISTRIB_ID=Ubuntu
DISTRIB_RELEASE=18.04
DISTRIB_CODENAME=bionic
DISTRIB_DESCRIPTION="Ubuntu 18.04.1 LTS"
uname:Linux 4.15.0-39-generic #42-Ubuntu SMP Tue Oct 23 15:48:01 UTC 2018 x86_64
libc:glibc 2.27 NPTL 2.27 
rlimit: STACK 8192k, CORE 0k, NPROC 62727, NOFILE 1048576, AS infinity, DATA infinity, FSIZE infinity
load average:2.71 2.40 2.24

/proc/meminfo:
MemTotal:       16181996 kB
MemFree:         4485332 kB
MemAvailable:    8328948 kB
Buffers:          542552 kB
Cached:          4120612 kB
SwapCached:            0 kB
Active:          8174100 kB
Inactive:        2782508 kB
Active(anon):    6308396 kB
Inactive(anon):   805996 kB
Active(file):    1865704 kB
Inactive(file):  1976512 kB
Unevictable:         160 kB
Mlocked:             160 kB
SwapTotal:       2097148 kB
SwapFree:        2097148 kB
Dirty:              2116 kB
Writeback:             0 kB
AnonPages:       6293728 kB
Mapped:           804020 kB
Shmem:            820952 kB
Slab:             456440 kB
SReclaimable:     342840 kB
SUnreclaim:       113600 kB
KernelStack:       29772 kB
PageTables:       117216 kB
NFS_Unstable:          0 kB
Bounce:                0 kB
WritebackTmp:          0 kB
CommitLimit:    10188144 kB
Committed_AS:   22361020 kB
VmallocTotal:   34359738367 kB
VmallocUsed:           0 kB
VmallocChunk:          0 kB
HardwareCorrupted:     0 kB
AnonHugePages:         0 kB
ShmemHugePages:        0 kB
ShmemPmdMapped:        0 kB
CmaTotal:              0 kB
CmaFree:               0 kB
HugePages_Total:       0
HugePages_Free:        0
HugePages_Rsvd:        0
HugePages_Surp:        0
Hugepagesize:       2048 kB
DirectMap4k:      400332 kB
DirectMap2M:    15083520 kB
DirectMap1G:     1048576 kB

container (cgroup) information:
container_type: cgroupv1
cpu_cpuset_cpus: 0-7
cpu_memory_nodes: 0
active_processor_count: 8
cpu_quota: -1
cpu_period: 100000
cpu_shares: -1
memory_limit_in_bytes: -1
memory_and_swap_limit_in_bytes: -2
memory_soft_limit_in_bytes: -1
memory_usage_in_bytes: 11220201472
memory_max_usage_in_bytes: 0


CPU:total 8 (initial active 8) (4 cores per cpu, 2 threads per core) family 6 model 142 stepping 10, cmov, cx8, fxsr, mmx, sse, sse2, sse3, ssse3, sse4.1, sse4.2, popcnt, avx, avx2, aes, clmul, erms, 3dnowpref, lzcnt, ht, tsc, tscinvbit, bmi1, bmi2, adx, fma
CPU Model and flags from /proc/cpuinfo:
model name	: Intel(R) Core(TM) i7-8550U CPU @ 1.80GHz
flags		: fpu vme de pse tsc msr pae mce cx8 apic sep mtrr pge mca cmov pat pse36 clflush dts acpi mmx fxsr sse sse2 ss ht tm pbe syscall nx pdpe1gb rdtscp lm constant_tsc art arch_perfmon pebs bts rep_good nopl xtopology nonstop_tsc cpuid aperfmperf tsc_known_freq pni pclmulqdq dtes64 monitor ds_cpl vmx est tm2 ssse3 sdbg fma cx16 xtpr pdcm pcid sse4_1 sse4_2 x2apic movbe popcnt tsc_deadline_timer aes xsave avx f16c rdrand lahf_lm abm 3dnowprefetch cpuid_fault epb invpcid_single pti ssbd ibrs ibpb stibp tpr_shadow vnmi flexpriority ept vpid fsgsbase tsc_adjust bmi1 avx2 smep bmi2 erms invpcid mpx rdseed adx smap clflushopt intel_pt xsaveopt xsavec xgetbv1 xsaves dtherm ida arat pln pts hwp hwp_notify hwp_act_window hwp_epp flush_l1d

Memory: 4k page, physical 16181996k(4485332k free), swap 2097148k(2097148k free)

vm_info: OpenJDK 64-Bit Server VM (10.0.2+13-Ubuntu-1ubuntu0.18.04.3) for linux-amd64 JRE (10.0.2+13-Ubuntu-1ubuntu0.18.04.3), built on Oct  7 2018 15:06:09 by "buildd" with gcc 7.3.0

END.
